mode: set
blue-admin.com/main.go:24.13,26.2 1 0
blue-admin.com/bluetasks/logfile.go:8.34,12.16 2 0
blue-admin.com/bluetasks/logfile.go:12.16,15.3 2 0
blue-admin.com/bluetasks/logfile.go:16.2,16.18 1 0
blue-admin.com/bluetasks/tasks..go:16.40,30.26 5 0
blue-admin.com/bluetasks/tasks..go:30.26,33.4 2 0
blue-admin.com/bluetasks/tasks..go:34.17,36.3 1 0
blue-admin.com/bluetasks/tasks..go:39.2,44.26 3 0
blue-admin.com/bluetasks/tasks..go:44.26,49.74 5 0
blue-admin.com/bluetasks/tasks..go:49.74,51.5 1 0
blue-admin.com/bluetasks/tasks..go:53.4,53.75 1 0
blue-admin.com/bluetasks/tasks..go:53.75,55.5 1 0
blue-admin.com/bluetasks/tasks..go:56.4,58.14 3 0
blue-admin.com/bluetasks/tasks..go:60.17,63.3 1 0
blue-admin.com/bluetasks/tasks..go:65.2,65.18 1 0
blue-admin.com/common/common.go:28.161,32.15 2 0
blue-admin.com/common/common.go:32.15,34.3 1 0
blue-admin.com/common/common.go:36.2,40.12 4 0
blue-admin.com/common/common.go:40.12,42.20 2 0
blue-admin.com/common/common.go:42.20,44.4 1 0
blue-admin.com/common/common.go:44.9,46.4 1 0
blue-admin.com/common/common.go:47.3,47.33 1 0
blue-admin.com/common/common.go:51.2,52.12 2 0
blue-admin.com/common/common.go:52.12,53.16 1 0
blue-admin.com/common/common.go:53.16,54.21 1 0
blue-admin.com/common/common.go:54.21,57.5 1 0
blue-admin.com/common/common.go:57.10,60.5 1 0
blue-admin.com/common/common.go:62.4,62.21 1 0
blue-admin.com/common/common.go:63.9,64.21 1 0
blue-admin.com/common/common.go:64.21,67.5 1 0
blue-admin.com/common/common.go:67.10,69.5 1 0
blue-admin.com/common/common.go:71.4,71.31 1 0
blue-admin.com/common/common.go:73.3,73.27 1 0
blue-admin.com/common/common.go:75.2,88.20 5 0
blue-admin.com/common/common.go:91.170,92.15 1 0
blue-admin.com/common/common.go:92.15,94.3 1 0
blue-admin.com/common/common.go:95.2,99.12 4 0
blue-admin.com/common/common.go:99.12,101.20 2 0
blue-admin.com/common/common.go:101.20,103.4 1 0
blue-admin.com/common/common.go:103.9,105.4 1 0
blue-admin.com/common/common.go:106.3,106.33 1 0
blue-admin.com/common/common.go:110.2,111.12 2 0
blue-admin.com/common/common.go:111.12,112.16 1 0
blue-admin.com/common/common.go:112.16,113.21 1 0
blue-admin.com/common/common.go:113.21,115.5 1 0
blue-admin.com/common/common.go:115.10,117.5 1 0
blue-admin.com/common/common.go:118.4,118.21 1 0
blue-admin.com/common/common.go:119.9,120.21 1 0
blue-admin.com/common/common.go:120.21,122.5 1 0
blue-admin.com/common/common.go:122.10,124.5 1 0
blue-admin.com/common/common.go:126.4,126.31 1 0
blue-admin.com/common/common.go:128.3,128.27 1 0
blue-admin.com/common/common.go:131.2,143.20 5 0
blue-admin.com/configs/configs.go:30.38,33.2 2 0
blue-admin.com/configs/configs.go:42.28,49.16 4 0
blue-admin.com/configs/configs.go:49.16,51.3 1 0
blue-admin.com/configs/configs.go:51.8,53.3 1 0
blue-admin.com/configs/configs.go:57.2,58.35 2 0
blue-admin.com/configs/configs.go:58.35,60.3 1 0
blue-admin.com/configs/configs.go:62.2,62.22 1 0
blue-admin.com/configs/configs.go:62.22,64.3 1 0
blue-admin.com/configs/configs.go:65.2,66.16 2 0
blue-admin.com/configs/configs.go:66.16,68.3 1 0
blue-admin.com/configs/configs.go:68.8,70.3 1 0
blue-admin.com/configs/configs.go:73.44,75.2 1 0
blue-admin.com/configs/configs.go:76.47,78.2 1 0
blue-admin.com/configs/configs.go:87.43,90.40 2 0
blue-admin.com/configs/configs.go:90.40,92.3 1 0
blue-admin.com/configs/configs.go:96.67,97.38 1 0
blue-admin.com/configs/configs.go:97.38,99.3 1 0
blue-admin.com/configs/configs.go:101.2,101.21 1 0
blue-admin.com/configs/configs.go:103.70,104.38 1 0
blue-admin.com/configs/configs.go:104.38,106.3 1 0
blue-admin.com/configs/configs.go:108.2,108.21 1 0
blue-admin.com/bluerpc/bluerpc.go:14.98,18.2 3 0
blue-admin.com/bluerpc/bluerpc.pb.go:32.28,34.29 2 0
blue-admin.com/bluerpc/bluerpc.pb.go:34.29,38.3 3 0
blue-admin.com/bluerpc/bluerpc.pb.go:41.36,43.2 1 0
blue-admin.com/bluerpc/bluerpc.pb.go:45.34,45.35 0 0
blue-admin.com/bluerpc/bluerpc.pb.go:47.56,49.41 2 0
blue-admin.com/bluerpc/bluerpc.pb.go:49.41,51.34 2 0
blue-admin.com/bluerpc/bluerpc.pb.go:51.34,53.4 1 0
blue-admin.com/bluerpc/bluerpc.pb.go:54.3,54.12 1 0
blue-admin.com/bluerpc/bluerpc.pb.go:56.2,56.24 1 0
blue-admin.com/bluerpc/bluerpc.pb.go:60.47,62.2 1 0
blue-admin.com/bluerpc/bluerpc.pb.go:64.38,65.14 1 0
blue-admin.com/bluerpc/bluerpc.pb.go:65.14,67.3 1 0
blue-admin.com/bluerpc/bluerpc.pb.go:68.2,68.11 1 0
blue-admin.com/bluerpc/bluerpc.pb.go:71.38,72.14 1 0
blue-admin.com/bluerpc/bluerpc.pb.go:72.14,74.3 1 0
blue-admin.com/bluerpc/bluerpc.pb.go:75.2,75.11 1 0
blue-admin.com/bluerpc/bluerpc.pb.go:86.29,88.29 2 0
blue-admin.com/bluerpc/bluerpc.pb.go:88.29,92.3 3 0
blue-admin.com/bluerpc/bluerpc.pb.go:95.37,97.2 1 0
blue-admin.com/bluerpc/bluerpc.pb.go:99.35,99.36 0 0
blue-admin.com/bluerpc/bluerpc.pb.go:101.57,103.41 2 0
blue-admin.com/bluerpc/bluerpc.pb.go:103.41,105.34 2 0
blue-admin.com/bluerpc/bluerpc.pb.go:105.34,107.4 1 0
blue-admin.com/bluerpc/bluerpc.pb.go:108.3,108.12 1 0
blue-admin.com/bluerpc/bluerpc.pb.go:110.2,110.24 1 0
blue-admin.com/bluerpc/bluerpc.pb.go:114.48,116.2 1 0
blue-admin.com/bluerpc/bluerpc.pb.go:118.39,119.14 1 0
blue-admin.com/bluerpc/bluerpc.pb.go:119.14,121.3 1 0
blue-admin.com/bluerpc/bluerpc.pb.go:122.2,122.11 1 0
blue-admin.com/bluerpc/bluerpc.pb.go:147.54,148.51 1 0
blue-admin.com/bluerpc/bluerpc.pb.go:148.51,150.3 1 0
blue-admin.com/bluerpc/bluerpc.pb.go:151.2,151.47 1 0
blue-admin.com/bluerpc/bluerpc.pb.go:169.13,169.50 1 0
blue-admin.com/bluerpc/bluerpc.pb.go:170.40,171.39 1 0
blue-admin.com/bluerpc/bluerpc.pb.go:171.39,173.3 1 0
blue-admin.com/bluerpc/bluerpc.pb.go:174.2,174.30 1 0
blue-admin.com/bluerpc/bluerpc.pb.go:174.30,175.92 1 0
blue-admin.com/bluerpc/bluerpc.pb.go:175.92,176.33 1 0
blue-admin.com/bluerpc/bluerpc.pb.go:177.11,178.20 1 0
blue-admin.com/bluerpc/bluerpc.pb.go:179.11,180.24 1 0
blue-admin.com/bluerpc/bluerpc.pb.go:181.11,182.28 1 0
blue-admin.com/bluerpc/bluerpc.pb.go:183.12,184.15 1 0
blue-admin.com/bluerpc/bluerpc.pb.go:187.3,187.92 1 0
blue-admin.com/bluerpc/bluerpc.pb.go:187.92,188.34 1 0
blue-admin.com/bluerpc/bluerpc.pb.go:189.11,190.20 1 0
blue-admin.com/bluerpc/bluerpc.pb.go:191.11,192.24 1 0
blue-admin.com/bluerpc/bluerpc.pb.go:193.11,194.28 1 0
blue-admin.com/bluerpc/bluerpc.pb.go:195.12,196.15 1 0
blue-admin.com/bluerpc/bluerpc.pb.go:200.2,217.42 6 0
blue-admin.com/bluerpc/bluerpc_grpc.pb.go:36.74,38.2 1 0
blue-admin.com/bluerpc/bluerpc_grpc.pb.go:40.117,43.16 3 0
blue-admin.com/bluerpc/bluerpc_grpc.pb.go:43.16,45.3 1 0
blue-admin.com/bluerpc/bluerpc_grpc.pb.go:46.2,46.17 1 0
blue-admin.com/bluerpc/bluerpc_grpc.pb.go:61.95,63.2 1 0
blue-admin.com/bluerpc/bluerpc_grpc.pb.go:64.82,64.83 0 0
blue-admin.com/bluerpc/bluerpc_grpc.pb.go:73.80,75.2 1 0
blue-admin.com/bluerpc/bluerpc_grpc.pb.go:77.164,79.32 2 0
blue-admin.com/bluerpc/bluerpc_grpc.pb.go:79.32,81.3 1 0
blue-admin.com/bluerpc/bluerpc_grpc.pb.go:82.2,82.24 1 0
blue-admin.com/bluerpc/bluerpc_grpc.pb.go:82.24,84.3 1 0
blue-admin.com/bluerpc/bluerpc_grpc.pb.go:85.2,89.77 2 0
blue-admin.com/bluerpc/bluerpc_grpc.pb.go:89.77,91.3 1 0
blue-admin.com/bluerpc/bluerpc_grpc.pb.go:92.2,92.44 1 0
blue-admin.com/database/database.go:22.41,25.17 2 0
blue-admin.com/database/database.go:25.17,27.3 1 0
blue-admin.com/database/database.go:28.2,28.25 1 0
blue-admin.com/database/database.go:31.40,38.16 3 0
blue-admin.com/database/database.go:38.16,41.3 2 0
blue-admin.com/database/database.go:43.2,62.17 7 0
blue-admin.com/database/database.go:63.18,73.17 2 0
blue-admin.com/database/database.go:73.17,74.14 1 0
blue-admin.com/database/database.go:77.3,78.17 2 0
blue-admin.com/database/database.go:78.17,81.4 2 0
blue-admin.com/database/database.go:82.3,85.17 3 0
blue-admin.com/database/database.go:86.16,95.17 3 0
blue-admin.com/database/database.go:95.17,98.4 2 0
blue-admin.com/database/database.go:99.3,101.17 3 0
blue-admin.com/database/database.go:102.15,117.17 3 0
blue-admin.com/database/database.go:117.17,120.4 2 0
blue-admin.com/database/database.go:121.3,123.17 3 0
blue-admin.com/database/database.go:124.10,133.17 3 0
blue-admin.com/database/database.go:133.17,136.4 2 0
blue-admin.com/database/database.go:137.3,139.17 3 0
blue-admin.com/database/database.go:140.10,149.17 3 0
blue-admin.com/database/database.go:149.17,152.4 2 0
blue-admin.com/database/database.go:153.3,155.17 3 0
blue-admin.com/database/database.go:159.2,160.23 2 0
blue-admin.com/docs/docs.go:4567.13,4569.2 1 0
blue-admin.com/manager/consumer.go:13.48,15.4 1 0
blue-admin.com/manager/consumer.go:19.22,22.2 2 0
blue-admin.com/manager/consumer.go:24.13,27.2 1 0
blue-admin.com/manager/devfiber.go:45.48,47.15 1 0
blue-admin.com/manager/devfiber.go:48.12,49.21 1 0
blue-admin.com/manager/devfiber.go:50.12,51.19 1 0
blue-admin.com/manager/devfiber.go:61.44,66.35 4 0
blue-admin.com/manager/devfiber.go:66.35,68.3 1 0
blue-admin.com/manager/devfiber.go:69.2,71.12 3 0
blue-admin.com/manager/devfiber.go:74.47,76.16 2 0
blue-admin.com/manager/devfiber.go:76.16,82.3 1 0
blue-admin.com/manager/devfiber.go:84.2,85.19 2 0
blue-admin.com/manager/devfiber.go:88.39,90.2 1 0
blue-admin.com/manager/devfiber.go:92.28,95.19 2 0
blue-admin.com/manager/devfiber.go:95.19,97.3 1 0
blue-admin.com/manager/devfiber.go:99.2,103.15 3 0
blue-admin.com/manager/devfiber.go:103.15,104.59 1 0
blue-admin.com/manager/devfiber.go:104.59,106.4 1 0
blue-admin.com/manager/devfiber.go:110.2,116.16 4 0
blue-admin.com/manager/devfiber.go:116.16,118.13 2 0
blue-admin.com/manager/devfiber.go:122.2,135.55 4 0
blue-admin.com/manager/devfiber.go:135.55,140.26 3 0
blue-admin.com/manager/devfiber.go:140.26,142.5 1 0
blue-admin.com/manager/devfiber.go:144.4,145.18 2 0
blue-admin.com/manager/devfiber.go:145.18,148.5 1 0
blue-admin.com/manager/devfiber.go:150.4,150.14 1 0
blue-admin.com/manager/devfiber.go:155.2,194.49 11 0
blue-admin.com/manager/devfiber.go:194.49,196.3 1 0
blue-admin.com/manager/devfiber.go:197.2,197.47 1 0
blue-admin.com/manager/devfiber.go:197.47,199.3 1 0
blue-admin.com/manager/devfiber.go:202.2,211.26 5 0
blue-admin.com/manager/devfiber.go:211.26,213.3 1 0
blue-admin.com/manager/devfiber.go:218.2,218.12 1 0
blue-admin.com/manager/devfiber.go:218.12,221.3 2 0
blue-admin.com/manager/devfiber.go:223.2,232.73 7 0
blue-admin.com/manager/devfiber.go:235.13,239.2 2 0
blue-admin.com/manager/devfiber.go:241.34,340.2 72 0
blue-admin.com/manager/manager.go:22.16,23.42 1 0
blue-admin.com/manager/manager.go:23.42,27.3 2 0
blue-admin.com/manager/migrate.go:15.48,17.4 1 0
blue-admin.com/manager/migrate.go:24.48,26.4 1 0
blue-admin.com/manager/migrate.go:30.21,33.2 2 0
blue-admin.com/manager/migrate.go:35.23,38.2 2 0
blue-admin.com/manager/migrate.go:40.13,43.2 2 0
blue-admin.com/observe/tracer.go:24.44,43.86 8 0
blue-admin.com/observe/tracer.go:43.86,49.41 2 0
blue-admin.com/observe/tracer.go:50.17,57.37 3 0
blue-admin.com/observe/tracer.go:60.2,60.11 1 0
blue-admin.com/observe/tracer.go:63.90,72.2 4 0
blue-admin.com/controllers/app_controller.go:30.38,43.29 6 0
blue-admin.com/controllers/app_controller.go:43.29,49.3 1 0
blue-admin.com/controllers/app_controller.go:52.2,53.16 2 0
blue-admin.com/controllers/app_controller.go:53.16,59.3 1 0
blue-admin.com/controllers/app_controller.go:62.2,62.49 1 0
blue-admin.com/controllers/app_controller.go:76.41,87.16 5 0
blue-admin.com/controllers/app_controller.go:87.16,93.3 1 0
blue-admin.com/controllers/app_controller.go:96.2,98.143 3 0
blue-admin.com/controllers/app_controller.go:98.143,104.3 1 0
blue-admin.com/controllers/app_controller.go:107.2,114.4 2 0
blue-admin.com/controllers/app_controller.go:128.45,139.16 5 0
blue-admin.com/controllers/app_controller.go:139.16,145.3 1 0
blue-admin.com/controllers/app_controller.go:148.2,154.97 3 0
blue-admin.com/controllers/app_controller.go:154.97,160.3 1 0
blue-admin.com/controllers/app_controller.go:163.2,167.4 1 0
blue-admin.com/controllers/app_controller.go:182.38,198.54 6 0
blue-admin.com/controllers/app_controller.go:198.54,204.3 1 0
blue-admin.com/controllers/app_controller.go:207.2,207.52 1 0
blue-admin.com/controllers/app_controller.go:207.52,213.3 1 0
blue-admin.com/controllers/app_controller.go:216.2,224.46 5 0
blue-admin.com/controllers/app_controller.go:224.46,231.3 2 0
blue-admin.com/controllers/app_controller.go:234.2,241.4 2 0
blue-admin.com/controllers/app_controller.go:257.39,271.16 6 0
blue-admin.com/controllers/app_controller.go:271.16,277.3 1 0
blue-admin.com/controllers/app_controller.go:280.2,281.53 2 0
blue-admin.com/controllers/app_controller.go:281.53,287.3 1 0
blue-admin.com/controllers/app_controller.go:290.2,290.51 1 0
blue-admin.com/controllers/app_controller.go:290.51,296.3 1 0
blue-admin.com/controllers/app_controller.go:299.2,304.80 4 0
blue-admin.com/controllers/app_controller.go:304.80,312.3 2 0
blue-admin.com/controllers/app_controller.go:315.2,315.98 1 0
blue-admin.com/controllers/app_controller.go:315.98,322.3 2 0
blue-admin.com/controllers/app_controller.go:325.2,329.4 1 0
blue-admin.com/controllers/app_controller.go:344.40,358.16 6 0
blue-admin.com/controllers/app_controller.go:358.16,364.3 1 0
blue-admin.com/controllers/app_controller.go:367.2,370.65 2 0
blue-admin.com/controllers/app_controller.go:370.65,377.3 2 0
blue-admin.com/controllers/app_controller.go:380.2,380.46 1 0
blue-admin.com/controllers/app_controller.go:380.46,387.3 2 0
blue-admin.com/controllers/app_controller.go:390.2,397.4 2 0
blue-admin.com/controllers/app_controller.go:415.42,426.16 5 0
blue-admin.com/controllers/app_controller.go:426.16,432.3 1 0
blue-admin.com/controllers/app_controller.go:435.2,436.120 2 0
blue-admin.com/controllers/app_controller.go:436.120,442.3 1 0
blue-admin.com/controllers/app_controller.go:445.2,447.117 3 0
blue-admin.com/controllers/app_controller.go:447.117,453.3 1 0
blue-admin.com/controllers/app_controller.go:457.2,459.101 2 0
blue-admin.com/controllers/app_controller.go:459.101,466.3 2 0
blue-admin.com/controllers/app_controller.go:467.2,474.4 2 0
blue-admin.com/controllers/app_controller.go:488.45,499.16 5 0
blue-admin.com/controllers/app_controller.go:499.16,505.3 1 0
blue-admin.com/controllers/app_controller.go:508.2,509.120 2 0
blue-admin.com/controllers/app_controller.go:509.120,515.3 1 0
blue-admin.com/controllers/app_controller.go:518.2,520.117 3 0
blue-admin.com/controllers/app_controller.go:520.117,526.3 1 0
blue-admin.com/controllers/app_controller.go:529.2,530.101 2 0
blue-admin.com/controllers/app_controller.go:530.101,537.3 2 0
blue-admin.com/controllers/app_controller.go:538.2,545.4 2 0
blue-admin.com/controllers/app_controller.go:563.42,573.124 5 0
blue-admin.com/controllers/app_controller.go:573.124,579.3 1 0
blue-admin.com/controllers/app_controller.go:581.2,585.4 1 0
blue-admin.com/controllers/dashboard.go:55.50,68.212 7 0
blue-admin.com/controllers/dashboard.go:68.212,74.3 1 0
blue-admin.com/controllers/dashboard.go:75.2,81.4 2 0
blue-admin.com/controllers/dashboard.go:95.55,107.212 7 0
blue-admin.com/controllers/dashboard.go:107.212,113.3 1 0
blue-admin.com/controllers/dashboard.go:115.2,115.34 1 0
blue-admin.com/controllers/dashboard.go:115.34,117.40 2 0
blue-admin.com/controllers/dashboard.go:117.40,118.42 1 0
blue-admin.com/controllers/dashboard.go:118.42,121.5 1 0
blue-admin.com/controllers/dashboard.go:126.2,130.4 1 0
blue-admin.com/controllers/dashboard.go:144.54,156.212 7 0
blue-admin.com/controllers/dashboard.go:156.212,162.3 1 0
blue-admin.com/controllers/dashboard.go:164.2,164.34 1 0
blue-admin.com/controllers/dashboard.go:164.34,166.40 2 0
blue-admin.com/controllers/dashboard.go:166.40,168.4 1 0
blue-admin.com/controllers/dashboard.go:172.2,176.4 1 0
blue-admin.com/controllers/dashboard.go:190.42,202.173 7 0
blue-admin.com/controllers/dashboard.go:202.173,209.3 2 0
blue-admin.com/controllers/dashboard.go:211.2,212.34 2 0
blue-admin.com/controllers/dashboard.go:212.34,213.37 1 0
blue-admin.com/controllers/dashboard.go:213.37,215.4 1 0
blue-admin.com/controllers/dashboard.go:218.2,224.4 3 0
blue-admin.com/controllers/dashboard.go:239.42,250.167 7 0
blue-admin.com/controllers/dashboard.go:250.167,256.3 1 0
blue-admin.com/controllers/dashboard.go:258.2,259.34 2 0
blue-admin.com/controllers/dashboard.go:259.34,261.3 1 0
blue-admin.com/controllers/dashboard.go:262.2,266.4 1 0
blue-admin.com/controllers/dashboard.go:281.49,292.173 7 0
blue-admin.com/controllers/dashboard.go:292.173,298.3 1 0
blue-admin.com/controllers/dashboard.go:299.2,299.34 1 0
blue-admin.com/controllers/dashboard.go:299.34,301.37 2 0
blue-admin.com/controllers/dashboard.go:301.37,303.4 1 0
blue-admin.com/controllers/dashboard.go:305.2,309.4 1 0
blue-admin.com/controllers/email.go:23.40,30.58 3 0
blue-admin.com/controllers/email.go:30.58,36.3 1 0
blue-admin.com/controllers/email.go:39.2,39.56 1 0
blue-admin.com/controllers/email.go:39.56,45.3 1 0
blue-admin.com/controllers/email.go:49.2,49.77 1 0
blue-admin.com/controllers/email.go:49.77,55.3 1 0
blue-admin.com/controllers/email.go:58.2,62.4 1 0
blue-admin.com/controllers/endpoint_controller.go:30.43,43.29 6 0
blue-admin.com/controllers/endpoint_controller.go:43.29,49.3 1 0
blue-admin.com/controllers/endpoint_controller.go:52.2,53.16 2 0
blue-admin.com/controllers/endpoint_controller.go:53.16,59.3 1 0
blue-admin.com/controllers/endpoint_controller.go:62.2,62.49 1 0
blue-admin.com/controllers/endpoint_controller.go:76.46,87.16 5 0
blue-admin.com/controllers/endpoint_controller.go:87.16,93.3 1 0
blue-admin.com/controllers/endpoint_controller.go:96.2,98.153 3 0
blue-admin.com/controllers/endpoint_controller.go:98.153,104.3 1 0
blue-admin.com/controllers/endpoint_controller.go:107.2,114.4 2 0
blue-admin.com/controllers/endpoint_controller.go:129.43,145.59 6 0
blue-admin.com/controllers/endpoint_controller.go:145.59,151.3 1 0
blue-admin.com/controllers/endpoint_controller.go:154.2,154.57 1 0
blue-admin.com/controllers/endpoint_controller.go:154.57,160.3 1 0
blue-admin.com/controllers/endpoint_controller.go:163.2,171.51 5 0
blue-admin.com/controllers/endpoint_controller.go:171.51,178.3 2 0
blue-admin.com/controllers/endpoint_controller.go:181.2,188.4 2 0
blue-admin.com/controllers/endpoint_controller.go:204.44,218.16 6 0
blue-admin.com/controllers/endpoint_controller.go:218.16,224.3 1 0
blue-admin.com/controllers/endpoint_controller.go:227.2,228.58 2 0
blue-admin.com/controllers/endpoint_controller.go:228.58,234.3 1 0
blue-admin.com/controllers/endpoint_controller.go:237.2,237.56 1 0
blue-admin.com/controllers/endpoint_controller.go:237.56,243.3 1 0
blue-admin.com/controllers/endpoint_controller.go:246.2,250.97 3 0
blue-admin.com/controllers/endpoint_controller.go:250.97,258.3 2 0
blue-admin.com/controllers/endpoint_controller.go:261.2,261.108 1 0
blue-admin.com/controllers/endpoint_controller.go:261.108,268.3 2 0
blue-admin.com/controllers/endpoint_controller.go:271.2,275.4 1 0
blue-admin.com/controllers/endpoint_controller.go:290.45,304.16 6 0
blue-admin.com/controllers/endpoint_controller.go:304.16,310.3 1 0
blue-admin.com/controllers/endpoint_controller.go:313.2,316.70 2 0
blue-admin.com/controllers/endpoint_controller.go:316.70,323.3 2 0
blue-admin.com/controllers/endpoint_controller.go:326.2,326.51 1 0
blue-admin.com/controllers/endpoint_controller.go:326.51,333.3 2 0
blue-admin.com/controllers/endpoint_controller.go:336.2,343.4 2 0
blue-admin.com/controllers/endpoint_controller.go:365.47,374.107 5 0
blue-admin.com/controllers/endpoint_controller.go:374.107,380.3 1 0
blue-admin.com/controllers/endpoint_controller.go:382.2,386.4 1 0
blue-admin.com/controllers/feature_controller.go:30.42,43.29 6 0
blue-admin.com/controllers/feature_controller.go:43.29,49.3 1 0
blue-admin.com/controllers/feature_controller.go:52.2,53.16 2 0
blue-admin.com/controllers/feature_controller.go:53.16,59.3 1 0
blue-admin.com/controllers/feature_controller.go:62.2,62.49 1 0
blue-admin.com/controllers/feature_controller.go:76.45,87.16 5 0
blue-admin.com/controllers/feature_controller.go:87.16,93.3 1 0
blue-admin.com/controllers/feature_controller.go:96.2,98.151 3 0
blue-admin.com/controllers/feature_controller.go:98.151,104.3 1 0
blue-admin.com/controllers/feature_controller.go:107.2,114.4 2 0
blue-admin.com/controllers/feature_controller.go:129.42,145.58 6 0
blue-admin.com/controllers/feature_controller.go:145.58,151.3 1 0
blue-admin.com/controllers/feature_controller.go:154.2,154.56 1 0
blue-admin.com/controllers/feature_controller.go:154.56,160.3 1 0
blue-admin.com/controllers/feature_controller.go:163.2,171.50 5 0
blue-admin.com/controllers/feature_controller.go:171.50,178.3 2 0
blue-admin.com/controllers/feature_controller.go:181.2,188.4 2 0
blue-admin.com/controllers/feature_controller.go:204.43,218.16 6 0
blue-admin.com/controllers/feature_controller.go:218.16,224.3 1 0
blue-admin.com/controllers/feature_controller.go:227.2,228.57 2 0
blue-admin.com/controllers/feature_controller.go:228.57,234.3 1 0
blue-admin.com/controllers/feature_controller.go:237.2,237.55 1 0
blue-admin.com/controllers/feature_controller.go:237.55,243.3 1 0
blue-admin.com/controllers/feature_controller.go:246.2,249.96 3 0
blue-admin.com/controllers/feature_controller.go:249.96,257.3 2 0
blue-admin.com/controllers/feature_controller.go:260.2,260.106 1 0
blue-admin.com/controllers/feature_controller.go:260.106,267.3 2 0
blue-admin.com/controllers/feature_controller.go:270.2,274.4 1 0
blue-admin.com/controllers/feature_controller.go:289.44,303.16 6 0
blue-admin.com/controllers/feature_controller.go:303.16,309.3 1 0
blue-admin.com/controllers/feature_controller.go:312.2,315.69 2 0
blue-admin.com/controllers/feature_controller.go:315.69,322.3 2 0
blue-admin.com/controllers/feature_controller.go:325.2,325.50 1 0
blue-admin.com/controllers/feature_controller.go:325.50,332.3 2 0
blue-admin.com/controllers/feature_controller.go:335.2,342.4 2 0
blue-admin.com/controllers/feature_controller.go:360.50,371.16 5 0
blue-admin.com/controllers/feature_controller.go:371.16,377.3 1 0
blue-admin.com/controllers/feature_controller.go:380.2,381.132 2 0
blue-admin.com/controllers/feature_controller.go:381.132,387.3 1 0
blue-admin.com/controllers/feature_controller.go:390.2,392.129 3 0
blue-admin.com/controllers/feature_controller.go:392.129,398.3 1 0
blue-admin.com/controllers/feature_controller.go:402.2,404.113 2 0
blue-admin.com/controllers/feature_controller.go:404.113,411.3 2 0
blue-admin.com/controllers/feature_controller.go:412.2,419.4 2 0
blue-admin.com/controllers/feature_controller.go:433.53,444.16 5 0
blue-admin.com/controllers/feature_controller.go:444.16,450.3 1 0
blue-admin.com/controllers/feature_controller.go:453.2,454.132 2 0
blue-admin.com/controllers/feature_controller.go:454.132,460.3 1 0
blue-admin.com/controllers/feature_controller.go:463.2,465.129 3 0
blue-admin.com/controllers/feature_controller.go:465.129,471.3 1 0
blue-admin.com/controllers/feature_controller.go:474.2,475.113 2 0
blue-admin.com/controllers/feature_controller.go:475.113,482.3 2 0
blue-admin.com/controllers/feature_controller.go:483.2,490.4 2 0
blue-admin.com/controllers/feature_controller.go:508.46,517.132 5 0
blue-admin.com/controllers/feature_controller.go:517.132,523.3 1 0
blue-admin.com/controllers/feature_controller.go:525.2,529.4 1 0
blue-admin.com/controllers/feature_controller.go:544.56,555.16 5 0
blue-admin.com/controllers/feature_controller.go:555.16,561.3 1 0
blue-admin.com/controllers/feature_controller.go:563.2,567.129 4 0
blue-admin.com/controllers/feature_controller.go:567.129,574.3 2 0
blue-admin.com/controllers/feature_controller.go:575.2,576.21 2 0
blue-admin.com/controllers/feature_controller.go:576.21,585.3 2 0
blue-admin.com/controllers/feature_controller.go:588.2,592.4 1 0
blue-admin.com/controllers/jwtsalt_controller.go:25.42,36.118 5 0
blue-admin.com/controllers/jwtsalt_controller.go:36.118,37.51 1 0
blue-admin.com/controllers/jwtsalt_controller.go:37.51,43.4 1 0
blue-admin.com/controllers/jwtsalt_controller.go:44.3,48.5 1 0
blue-admin.com/controllers/jwtsalt_controller.go:53.2,57.4 1 0
blue-admin.com/controllers/login.go:42.40,56.62 6 0
blue-admin.com/controllers/login.go:56.62,62.3 1 0
blue-admin.com/controllers/login.go:65.2,65.60 1 0
blue-admin.com/controllers/login.go:65.60,71.3 1 0
blue-admin.com/controllers/login.go:72.2,72.38 1 0
blue-admin.com/controllers/login.go:73.28,76.23 3 0
blue-admin.com/controllers/login.go:76.23,82.4 1 0
blue-admin.com/controllers/login.go:82.9,82.78 1 0
blue-admin.com/controllers/login.go:82.78,84.37 2 0
blue-admin.com/controllers/login.go:84.37,87.5 1 0
blue-admin.com/controllers/login.go:88.4,100.6 4 0
blue-admin.com/controllers/login.go:101.9,107.4 1 0
blue-admin.com/controllers/login.go:109.23,114.17 5 0
blue-admin.com/controllers/login.go:114.17,127.4 4 0
blue-admin.com/controllers/login.go:129.3,133.5 1 0
blue-admin.com/controllers/login.go:134.22,137.17 2 0
blue-admin.com/controllers/login.go:137.17,143.4 1 0
blue-admin.com/controllers/login.go:144.3,148.5 1 0
blue-admin.com/controllers/login.go:149.10,154.5 1 0
blue-admin.com/controllers/login.go:169.41,173.17 2 0
blue-admin.com/controllers/login.go:173.17,179.3 1 0
blue-admin.com/controllers/login.go:182.2,184.16 2 0
blue-admin.com/controllers/login.go:184.16,190.3 1 0
blue-admin.com/controllers/login.go:193.2,197.4 1 0
blue-admin.com/controllers/page_controller.go:30.39,43.29 6 0
blue-admin.com/controllers/page_controller.go:43.29,49.3 1 0
blue-admin.com/controllers/page_controller.go:52.2,53.16 2 0
blue-admin.com/controllers/page_controller.go:53.16,59.3 1 0
blue-admin.com/controllers/page_controller.go:62.2,62.49 1 0
blue-admin.com/controllers/page_controller.go:76.42,87.16 5 0
blue-admin.com/controllers/page_controller.go:87.16,93.3 1 0
blue-admin.com/controllers/page_controller.go:96.2,98.145 3 0
blue-admin.com/controllers/page_controller.go:98.145,104.3 1 0
blue-admin.com/controllers/page_controller.go:107.2,114.4 2 0
blue-admin.com/controllers/page_controller.go:129.39,145.55 6 0
blue-admin.com/controllers/page_controller.go:145.55,151.3 1 0
blue-admin.com/controllers/page_controller.go:154.2,154.53 1 0
blue-admin.com/controllers/page_controller.go:154.53,160.3 1 0
blue-admin.com/controllers/page_controller.go:163.2,171.47 5 0
blue-admin.com/controllers/page_controller.go:171.47,178.3 2 0
blue-admin.com/controllers/page_controller.go:181.2,188.4 2 0
blue-admin.com/controllers/page_controller.go:204.40,218.16 6 0
blue-admin.com/controllers/page_controller.go:218.16,224.3 1 0
blue-admin.com/controllers/page_controller.go:227.2,228.54 2 0
blue-admin.com/controllers/page_controller.go:228.54,234.3 1 0
blue-admin.com/controllers/page_controller.go:237.2,237.52 1 0
blue-admin.com/controllers/page_controller.go:237.52,243.3 1 0
blue-admin.com/controllers/page_controller.go:246.2,249.93 3 0
blue-admin.com/controllers/page_controller.go:249.93,257.3 2 0
blue-admin.com/controllers/page_controller.go:260.2,260.100 1 0
blue-admin.com/controllers/page_controller.go:260.100,267.3 2 0
blue-admin.com/controllers/page_controller.go:270.2,274.4 1 0
blue-admin.com/controllers/page_controller.go:289.41,303.16 6 0
blue-admin.com/controllers/page_controller.go:303.16,309.3 1 0
blue-admin.com/controllers/page_controller.go:312.2,315.66 2 0
blue-admin.com/controllers/page_controller.go:315.66,323.3 2 0
blue-admin.com/controllers/page_controller.go:326.2,326.47 1 0
blue-admin.com/controllers/page_controller.go:326.47,333.3 2 0
blue-admin.com/controllers/page_controller.go:336.2,343.4 2 0
blue-admin.com/controllers/page_controller.go:361.43,372.16 5 0
blue-admin.com/controllers/page_controller.go:372.16,378.3 1 0
blue-admin.com/controllers/page_controller.go:381.2,382.16 2 0
blue-admin.com/controllers/page_controller.go:382.16,388.3 1 0
blue-admin.com/controllers/page_controller.go:391.2,392.98 2 0
blue-admin.com/controllers/page_controller.go:392.98,398.3 1 0
blue-admin.com/controllers/page_controller.go:401.2,402.99 2 0
blue-admin.com/controllers/page_controller.go:402.99,408.3 1 0
blue-admin.com/controllers/page_controller.go:410.2,411.102 2 0
blue-admin.com/controllers/page_controller.go:411.102,418.3 2 0
blue-admin.com/controllers/page_controller.go:419.2,426.4 2 0
blue-admin.com/controllers/page_controller.go:442.46,453.32 5 0
blue-admin.com/controllers/page_controller.go:453.32,459.3 1 0
blue-admin.com/controllers/page_controller.go:461.2,462.32 2 0
blue-admin.com/controllers/page_controller.go:462.32,468.3 1 0
blue-admin.com/controllers/page_controller.go:470.2,471.98 2 0
blue-admin.com/controllers/page_controller.go:471.98,477.3 1 0
blue-admin.com/controllers/page_controller.go:480.2,482.98 3 0
blue-admin.com/controllers/page_controller.go:482.98,488.3 1 0
blue-admin.com/controllers/page_controller.go:491.2,492.102 2 0
blue-admin.com/controllers/page_controller.go:492.102,499.3 2 0
blue-admin.com/controllers/page_controller.go:501.2,508.4 2 0
blue-admin.com/controllers/role_controller.go:30.39,43.29 6 0
blue-admin.com/controllers/role_controller.go:43.29,49.3 1 0
blue-admin.com/controllers/role_controller.go:52.2,53.16 2 0
blue-admin.com/controllers/role_controller.go:53.16,59.3 1 0
blue-admin.com/controllers/role_controller.go:62.2,62.49 1 0
blue-admin.com/controllers/role_controller.go:76.42,87.16 5 0
blue-admin.com/controllers/role_controller.go:87.16,93.3 1 0
blue-admin.com/controllers/role_controller.go:96.2,98.145 3 0
blue-admin.com/controllers/role_controller.go:98.145,104.3 1 0
blue-admin.com/controllers/role_controller.go:107.2,114.4 2 0
blue-admin.com/controllers/role_controller.go:132.47,142.126 5 0
blue-admin.com/controllers/role_controller.go:142.126,148.3 1 0
blue-admin.com/controllers/role_controller.go:150.2,154.4 1 0
blue-admin.com/controllers/role_controller.go:169.39,185.55 6 0
blue-admin.com/controllers/role_controller.go:185.55,191.3 1 0
blue-admin.com/controllers/role_controller.go:194.2,194.53 1 0
blue-admin.com/controllers/role_controller.go:194.53,200.3 1 0
blue-admin.com/controllers/role_controller.go:203.2,211.47 5 0
blue-admin.com/controllers/role_controller.go:211.47,218.3 2 0
blue-admin.com/controllers/role_controller.go:221.2,228.4 2 0
blue-admin.com/controllers/role_controller.go:244.40,258.16 6 0
blue-admin.com/controllers/role_controller.go:258.16,264.3 1 0
blue-admin.com/controllers/role_controller.go:267.2,268.54 2 0
blue-admin.com/controllers/role_controller.go:268.54,274.3 1 0
blue-admin.com/controllers/role_controller.go:277.2,277.52 1 0
blue-admin.com/controllers/role_controller.go:277.52,283.3 1 0
blue-admin.com/controllers/role_controller.go:286.2,291.82 4 0
blue-admin.com/controllers/role_controller.go:291.82,298.3 2 0
blue-admin.com/controllers/role_controller.go:301.2,301.100 1 0
blue-admin.com/controllers/role_controller.go:301.100,308.3 2 0
blue-admin.com/controllers/role_controller.go:311.2,315.4 1 0
blue-admin.com/controllers/role_controller.go:330.41,344.16 6 0
blue-admin.com/controllers/role_controller.go:344.16,350.3 1 0
blue-admin.com/controllers/role_controller.go:353.2,356.93 2 0
blue-admin.com/controllers/role_controller.go:356.93,364.3 2 0
blue-admin.com/controllers/role_controller.go:367.2,367.74 1 0
blue-admin.com/controllers/role_controller.go:367.74,374.3 2 0
blue-admin.com/controllers/role_controller.go:377.2,384.4 2 0
blue-admin.com/controllers/role_controller.go:402.43,413.16 5 0
blue-admin.com/controllers/role_controller.go:413.16,419.3 1 0
blue-admin.com/controllers/role_controller.go:422.2,423.16 2 0
blue-admin.com/controllers/role_controller.go:423.16,429.3 1 0
blue-admin.com/controllers/role_controller.go:432.2,433.98 2 0
blue-admin.com/controllers/role_controller.go:433.98,439.3 1 0
blue-admin.com/controllers/role_controller.go:442.2,443.98 2 0
blue-admin.com/controllers/role_controller.go:443.98,449.3 1 0
blue-admin.com/controllers/role_controller.go:451.2,452.102 2 0
blue-admin.com/controllers/role_controller.go:452.102,459.3 2 0
blue-admin.com/controllers/role_controller.go:460.2,467.4 2 0
blue-admin.com/controllers/role_controller.go:483.46,494.32 5 0
blue-admin.com/controllers/role_controller.go:494.32,500.3 1 0
blue-admin.com/controllers/role_controller.go:502.2,503.32 2 0
blue-admin.com/controllers/role_controller.go:503.32,509.3 1 0
blue-admin.com/controllers/role_controller.go:511.2,512.98 2 0
blue-admin.com/controllers/role_controller.go:512.98,518.3 1 0
blue-admin.com/controllers/role_controller.go:521.2,522.98 2 0
blue-admin.com/controllers/role_controller.go:522.98,528.3 1 0
blue-admin.com/controllers/role_controller.go:531.2,532.102 2 0
blue-admin.com/controllers/role_controller.go:532.102,539.3 2 0
blue-admin.com/controllers/role_controller.go:541.2,548.4 2 0
blue-admin.com/controllers/role_controller.go:562.46,573.16 5 0
blue-admin.com/controllers/role_controller.go:573.16,579.3 1 0
blue-admin.com/controllers/role_controller.go:582.2,583.129 2 0
blue-admin.com/controllers/role_controller.go:583.129,589.3 1 0
blue-admin.com/controllers/role_controller.go:592.2,594.120 3 0
blue-admin.com/controllers/role_controller.go:594.120,600.3 1 0
blue-admin.com/controllers/role_controller.go:604.2,606.108 2 0
blue-admin.com/controllers/role_controller.go:606.108,613.3 2 0
blue-admin.com/controllers/role_controller.go:614.2,621.4 2 0
blue-admin.com/controllers/role_controller.go:635.49,646.16 5 0
blue-admin.com/controllers/role_controller.go:646.16,652.3 1 0
blue-admin.com/controllers/role_controller.go:655.2,656.129 2 0
blue-admin.com/controllers/role_controller.go:656.129,662.3 1 0
blue-admin.com/controllers/role_controller.go:665.2,667.120 3 0
blue-admin.com/controllers/role_controller.go:667.120,673.3 1 0
blue-admin.com/controllers/role_controller.go:676.2,677.108 2 0
blue-admin.com/controllers/role_controller.go:677.108,684.3 2 0
blue-admin.com/controllers/role_controller.go:685.2,692.4 2 0
blue-admin.com/controllers/role_controller.go:707.54,717.16 5 0
blue-admin.com/controllers/role_controller.go:717.16,723.3 1 0
blue-admin.com/controllers/role_controller.go:725.2,729.94 4 0
blue-admin.com/controllers/role_controller.go:729.94,736.3 2 0
blue-admin.com/controllers/role_controller.go:737.2,740.18 3 0
blue-admin.com/controllers/role_controller.go:740.18,748.3 2 0
blue-admin.com/controllers/role_controller.go:750.2,754.4 1 0
blue-admin.com/controllers/role_controller.go:773.49,784.209 7 0
blue-admin.com/controllers/role_controller.go:784.209,790.3 1 0
blue-admin.com/controllers/role_controller.go:792.2,792.32 1 0
blue-admin.com/controllers/role_controller.go:792.32,793.43 1 0
blue-admin.com/controllers/role_controller.go:793.43,794.47 1 0
blue-admin.com/controllers/role_controller.go:794.47,797.5 2 0
blue-admin.com/controllers/role_controller.go:801.2,805.4 1 0
blue-admin.com/controllers/user_controller.go:31.39,45.29 6 0
blue-admin.com/controllers/user_controller.go:45.29,51.3 1 0
blue-admin.com/controllers/user_controller.go:54.2,55.16 2 0
blue-admin.com/controllers/user_controller.go:55.16,61.3 1 0
blue-admin.com/controllers/user_controller.go:64.2,64.49 1 0
blue-admin.com/controllers/user_controller.go:81.42,96.47 7 0
blue-admin.com/controllers/user_controller.go:96.47,102.3 1 0
blue-admin.com/controllers/user_controller.go:106.2,114.116 3 0
blue-admin.com/controllers/user_controller.go:114.116,120.3 1 0
blue-admin.com/controllers/user_controller.go:123.2,127.4 1 0
blue-admin.com/controllers/user_controller.go:141.42,152.16 5 0
blue-admin.com/controllers/user_controller.go:152.16,158.3 1 0
blue-admin.com/controllers/user_controller.go:161.2,163.145 3 0
blue-admin.com/controllers/user_controller.go:163.145,169.3 1 0
blue-admin.com/controllers/user_controller.go:172.2,179.4 2 0
blue-admin.com/controllers/user_controller.go:194.45,205.16 5 0
blue-admin.com/controllers/user_controller.go:205.16,211.3 1 0
blue-admin.com/controllers/user_controller.go:213.2,214.20 2 0
blue-admin.com/controllers/user_controller.go:214.20,220.3 1 0
blue-admin.com/controllers/user_controller.go:223.2,231.109 3 0
blue-admin.com/controllers/user_controller.go:231.109,237.3 1 0
blue-admin.com/controllers/user_controller.go:240.2,244.4 1 0
blue-admin.com/controllers/user_controller.go:259.44,270.21 5 0
blue-admin.com/controllers/user_controller.go:270.21,276.3 1 0
blue-admin.com/controllers/user_controller.go:279.2,280.20 2 0
blue-admin.com/controllers/user_controller.go:280.20,286.3 1 0
blue-admin.com/controllers/user_controller.go:289.2,297.116 3 0
blue-admin.com/controllers/user_controller.go:297.116,303.3 1 0
blue-admin.com/controllers/user_controller.go:306.2,310.4 1 0
blue-admin.com/controllers/user_controller.go:325.39,340.55 6 0
blue-admin.com/controllers/user_controller.go:340.55,346.3 1 0
blue-admin.com/controllers/user_controller.go:349.2,349.53 1 0
blue-admin.com/controllers/user_controller.go:349.53,355.3 1 0
blue-admin.com/controllers/user_controller.go:358.2,365.47 5 0
blue-admin.com/controllers/user_controller.go:365.47,372.3 2 0
blue-admin.com/controllers/user_controller.go:375.2,385.4 4 0
blue-admin.com/controllers/user_controller.go:401.40,415.16 6 0
blue-admin.com/controllers/user_controller.go:415.16,421.3 1 0
blue-admin.com/controllers/user_controller.go:424.2,425.54 2 0
blue-admin.com/controllers/user_controller.go:425.54,431.3 1 0
blue-admin.com/controllers/user_controller.go:434.2,434.52 1 0
blue-admin.com/controllers/user_controller.go:434.52,440.3 1 0
blue-admin.com/controllers/user_controller.go:443.2,445.94 3 0
blue-admin.com/controllers/user_controller.go:445.94,452.3 2 0
blue-admin.com/controllers/user_controller.go:454.2,454.100 1 0
blue-admin.com/controllers/user_controller.go:454.100,461.3 2 0
blue-admin.com/controllers/user_controller.go:464.2,468.4 1 0
blue-admin.com/controllers/user_controller.go:483.41,497.16 6 0
blue-admin.com/controllers/user_controller.go:497.16,503.3 1 0
blue-admin.com/controllers/user_controller.go:506.2,509.93 2 0
blue-admin.com/controllers/user_controller.go:509.93,516.3 2 0
blue-admin.com/controllers/user_controller.go:519.2,519.74 1 0
blue-admin.com/controllers/user_controller.go:519.74,526.3 2 0
blue-admin.com/controllers/user_controller.go:529.2,536.4 2 0
blue-admin.com/controllers/user_controller.go:552.44,566.16 6 0
blue-admin.com/controllers/user_controller.go:566.16,572.3 1 0
blue-admin.com/controllers/user_controller.go:575.2,576.20 2 0
blue-admin.com/controllers/user_controller.go:576.20,582.3 1 0
blue-admin.com/controllers/user_controller.go:585.2,594.104 3 0
blue-admin.com/controllers/user_controller.go:594.104,601.3 2 0
blue-admin.com/controllers/user_controller.go:604.2,604.74 1 0
blue-admin.com/controllers/user_controller.go:604.74,611.3 2 0
blue-admin.com/controllers/user_controller.go:614.2,621.4 2 0
blue-admin.com/controllers/user_controller.go:639.43,650.16 5 0
blue-admin.com/controllers/user_controller.go:650.16,656.3 1 0
blue-admin.com/controllers/user_controller.go:659.2,660.16 2 0
blue-admin.com/controllers/user_controller.go:660.16,666.3 1 0
blue-admin.com/controllers/user_controller.go:669.2,671.98 2 0
blue-admin.com/controllers/user_controller.go:671.98,677.3 1 0
blue-admin.com/controllers/user_controller.go:680.2,682.45 3 0
blue-admin.com/controllers/user_controller.go:682.45,688.3 1 0
blue-admin.com/controllers/user_controller.go:690.2,691.102 2 0
blue-admin.com/controllers/user_controller.go:691.102,698.3 2 0
blue-admin.com/controllers/user_controller.go:699.2,706.4 2 0
blue-admin.com/controllers/user_controller.go:721.47,732.16 5 0
blue-admin.com/controllers/user_controller.go:732.16,738.3 1 0
blue-admin.com/controllers/user_controller.go:741.2,742.16 2 0
blue-admin.com/controllers/user_controller.go:742.16,748.3 1 0
blue-admin.com/controllers/user_controller.go:751.2,752.20 2 0
blue-admin.com/controllers/user_controller.go:752.20,758.3 1 0
blue-admin.com/controllers/user_controller.go:761.2,762.98 2 0
blue-admin.com/controllers/user_controller.go:762.98,769.3 1 0
blue-admin.com/controllers/user_controller.go:772.2,777.109 3 0
blue-admin.com/controllers/user_controller.go:777.109,783.3 1 0
blue-admin.com/controllers/user_controller.go:785.2,785.18 1 0
blue-admin.com/controllers/user_controller.go:785.18,788.103 2 0
blue-admin.com/controllers/user_controller.go:788.103,795.4 2 0
blue-admin.com/controllers/user_controller.go:796.3,803.5 2 0
blue-admin.com/controllers/user_controller.go:806.2,810.4 1 0
blue-admin.com/controllers/user_controller.go:826.46,837.32 5 0
blue-admin.com/controllers/user_controller.go:837.32,843.3 1 0
blue-admin.com/controllers/user_controller.go:845.2,846.32 2 0
blue-admin.com/controllers/user_controller.go:846.32,852.3 1 0
blue-admin.com/controllers/user_controller.go:855.2,856.98 2 0
blue-admin.com/controllers/user_controller.go:856.98,863.3 1 0
blue-admin.com/controllers/user_controller.go:866.2,867.98 2 0
blue-admin.com/controllers/user_controller.go:867.98,873.3 1 0
blue-admin.com/controllers/user_controller.go:876.2,877.102 2 0
blue-admin.com/controllers/user_controller.go:877.102,884.3 2 0
blue-admin.com/controllers/user_controller.go:886.2,893.4 2 0
blue-admin.com/controllers/user_controller.go:910.49,921.32 5 0
blue-admin.com/controllers/user_controller.go:921.32,927.3 1 0
blue-admin.com/controllers/user_controller.go:929.2,930.32 2 0
blue-admin.com/controllers/user_controller.go:930.32,936.3 1 0
blue-admin.com/controllers/user_controller.go:939.2,940.98 2 0
blue-admin.com/controllers/user_controller.go:940.98,947.3 1 0
blue-admin.com/controllers/user_controller.go:950.2,951.20 2 0
blue-admin.com/controllers/user_controller.go:951.20,957.3 1 0
blue-admin.com/controllers/user_controller.go:961.2,966.109 3 0
blue-admin.com/controllers/user_controller.go:966.109,972.3 1 0
blue-admin.com/controllers/user_controller.go:974.2,974.18 1 0
blue-admin.com/controllers/user_controller.go:974.18,978.103 2 0
blue-admin.com/controllers/user_controller.go:978.103,985.4 2 0
blue-admin.com/controllers/user_controller.go:987.3,994.5 2 0
blue-admin.com/controllers/user_controller.go:998.2,1002.4 1 0
blue-admin.com/controllers/user_controller.go:1017.53,1027.16 5 0
blue-admin.com/controllers/user_controller.go:1027.16,1033.3 1 0
blue-admin.com/controllers/user_controller.go:1036.2,1042.98 4 0
blue-admin.com/controllers/user_controller.go:1042.98,1049.3 2 0
blue-admin.com/controllers/user_controller.go:1051.2,1055.18 4 0
blue-admin.com/controllers/user_controller.go:1055.18,1064.3 3 0
blue-admin.com/controllers/user_controller.go:1067.2,1071.4 1 0
blue-admin.com/controllers/user_controller.go:1091.45,1105.54 7 0
blue-admin.com/controllers/user_controller.go:1105.54,1111.3 1 0
blue-admin.com/controllers/user_controller.go:1113.2,1113.52 1 0
blue-admin.com/controllers/user_controller.go:1113.52,1119.3 1 0
blue-admin.com/controllers/user_controller.go:1122.2,1123.125 2 0
blue-admin.com/controllers/user_controller.go:1123.125,1130.3 1 0
blue-admin.com/controllers/user_controller.go:1132.2,1134.21 2 0
blue-admin.com/controllers/user_controller.go:1134.21,1137.103 3 0
blue-admin.com/controllers/user_controller.go:1137.103,1144.4 2 0
blue-admin.com/controllers/user_controller.go:1145.3,1145.14 1 0
blue-admin.com/controllers/user_controller.go:1146.8,1149.103 3 0
blue-admin.com/controllers/user_controller.go:1149.103,1156.4 2 0
blue-admin.com/controllers/user_controller.go:1157.3,1157.14 1 0
blue-admin.com/controllers/user_controller.go:1160.2,1166.4 2 0
blue-admin.com/models/app.go:19.55,24.2 4 0
blue-admin.com/models/helper.go:18.39,40.2 8 0
blue-admin.com/models/helper.go:42.38,47.176 4 0
blue-admin.com/models/helper.go:47.176,49.3 1 0
blue-admin.com/models/helper.go:51.2,51.34 1 0
blue-admin.com/models/helper.go:51.34,53.40 2 0
blue-admin.com/models/helper.go:53.40,54.42 1 0
blue-admin.com/models/helper.go:54.42,56.5 1 0
blue-admin.com/models/init.go:11.21,15.16 4 0
blue-admin.com/models/init.go:15.16,24.17 1 0
blue-admin.com/models/init.go:24.17,26.4 1 0
blue-admin.com/models/init.go:27.3,27.35 1 0
blue-admin.com/models/init.go:28.8,29.13 1 0
blue-admin.com/models/init.go:33.22,37.16 3 0
blue-admin.com/models/init.go:37.16,52.26 6 0
blue-admin.com/models/init.go:52.26,54.4 1 0
blue-admin.com/models/init.go:55.8,56.13 1 0
blue-admin.com/models/user.go:22.57,28.2 5 0
blue-admin.com/messages/connection.go:13.78,25.16 4 0
blue-admin.com/messages/connection.go:25.16,27.3 1 0
blue-admin.com/messages/connection.go:32.2,33.16 2 0
blue-admin.com/messages/connection.go:33.16,35.3 1 0
blue-admin.com/messages/connection.go:39.2,48.16 2 0
blue-admin.com/messages/connection.go:48.16,52.3 3 0
blue-admin.com/messages/connection.go:53.2,53.33 1 0
blue-admin.com/messages/consumer.go:26.52,29.15 1 0
blue-admin.com/messages/consumer.go:29.15,31.3 1 0
blue-admin.com/messages/consumer.go:42.2,43.16 2 0
blue-admin.com/messages/consumer.go:43.16,46.3 2 0
blue-admin.com/messages/consumer.go:47.2,64.16 4 0
blue-admin.com/messages/consumer.go:64.16,67.3 2 0
blue-admin.com/messages/consumer.go:71.2,71.36 1 0
blue-admin.com/messages/consumer.go:71.36,74.25 2 0
blue-admin.com/messages/consumer.go:74.25,77.20 1 0
blue-admin.com/messages/consumer.go:78.21,81.19 3 0
blue-admin.com/messages/consumer.go:81.19,84.11 3 0
blue-admin.com/messages/consumer.go:86.5,86.18 1 0
blue-admin.com/messages/consumer.go:87.19,91.19 3 0
blue-admin.com/messages/consumer.go:91.19,93.6 1 0
blue-admin.com/messages/consumer.go:96.5,109.81 4 0
blue-admin.com/messages/consumer.go:109.81,111.8 1 0
blue-admin.com/messages/consumer.go:116.5,117.20 2 0
blue-admin.com/messages/consumer.go:117.20,119.6 1 0
blue-admin.com/messages/consumer.go:122.5,128.19 5 0
blue-admin.com/messages/consumer.go:128.19,136.11 7 0
blue-admin.com/messages/consumer.go:139.5,144.15 6 0
blue-admin.com/messages/consumer.go:146.12,147.37 1 0
blue-admin.com/messages/consumer.go:152.2,153.9 2 0
blue-admin.com/messages/publishers.go:12.81,35.16 6 0
blue-admin.com/messages/publishers.go:35.16,38.3 2 0
blue-admin.com/messages/publishers.go:39.2,39.12 1 0
blue-admin.com/messages/publishers.go:42.78,65.16 6 0
blue-admin.com/messages/publishers.go:65.16,68.3 2 0
blue-admin.com/messages/publishers.go:69.2,69.12 1 0
blue-admin.com/configs/configs.go:30.38,33.2 2 0
blue-admin.com/configs/configs.go:42.28,49.16 4 0
blue-admin.com/configs/configs.go:49.16,51.3 1 0
blue-admin.com/configs/configs.go:51.8,53.3 1 0
blue-admin.com/configs/configs.go:57.2,58.35 2 0
blue-admin.com/configs/configs.go:58.35,60.3 1 0
blue-admin.com/configs/configs.go:62.2,62.22 1 0
blue-admin.com/configs/configs.go:62.22,64.3 1 0
blue-admin.com/configs/configs.go:65.2,66.16 2 0
blue-admin.com/configs/configs.go:66.16,68.3 1 0
blue-admin.com/configs/configs.go:68.8,70.3 1 0
blue-admin.com/configs/configs.go:73.44,75.2 1 0
blue-admin.com/configs/configs.go:76.47,78.2 1 1
blue-admin.com/configs/configs.go:87.43,90.40 2 0
blue-admin.com/configs/configs.go:90.40,92.3 1 0
blue-admin.com/configs/configs.go:96.67,97.38 1 0
blue-admin.com/configs/configs.go:97.38,99.3 1 0
blue-admin.com/configs/configs.go:101.2,101.21 1 0
blue-admin.com/configs/configs.go:103.70,104.38 1 0
blue-admin.com/configs/configs.go:104.38,106.3 1 0
blue-admin.com/configs/configs.go:108.2,108.21 1 0
blue-admin.com/database/database.go:22.41,25.17 2 1
blue-admin.com/database/database.go:25.17,27.3 1 0
blue-admin.com/database/database.go:28.2,28.25 1 1
blue-admin.com/database/database.go:31.40,38.16 3 1
blue-admin.com/database/database.go:38.16,41.3 2 0
blue-admin.com/database/database.go:43.2,62.17 7 1
blue-admin.com/database/database.go:63.18,73.17 2 0
blue-admin.com/database/database.go:73.17,74.14 1 0
blue-admin.com/database/database.go:77.3,78.17 2 0
blue-admin.com/database/database.go:78.17,81.4 2 0
blue-admin.com/database/database.go:82.3,85.17 3 0
blue-admin.com/database/database.go:86.16,95.17 3 0
blue-admin.com/database/database.go:95.17,98.4 2 0
blue-admin.com/database/database.go:99.3,101.17 3 0
blue-admin.com/database/database.go:102.15,117.17 3 0
blue-admin.com/database/database.go:117.17,120.4 2 0
blue-admin.com/database/database.go:121.3,123.17 3 0
blue-admin.com/database/database.go:124.10,133.17 3 1
blue-admin.com/database/database.go:133.17,136.4 2 0
blue-admin.com/database/database.go:137.3,139.17 3 1
blue-admin.com/database/database.go:140.10,149.17 3 0
blue-admin.com/database/database.go:149.17,152.4 2 0
blue-admin.com/database/database.go:153.3,155.17 3 0
blue-admin.com/database/database.go:159.2,160.23 2 1
blue-admin.com/models/app.go:19.55,24.2 4 0
blue-admin.com/models/helper.go:18.39,40.2 8 0
blue-admin.com/models/helper.go:42.38,47.176 4 0
blue-admin.com/models/helper.go:47.176,49.3 1 0
blue-admin.com/models/helper.go:51.2,51.34 1 0
blue-admin.com/models/helper.go:51.34,53.40 2 0
blue-admin.com/models/helper.go:53.40,54.42 1 0
blue-admin.com/models/helper.go:54.42,56.5 1 0
blue-admin.com/models/init.go:11.21,15.16 4 0
blue-admin.com/models/init.go:15.16,24.17 1 0
blue-admin.com/models/init.go:24.17,26.4 1 0
blue-admin.com/models/init.go:27.3,27.35 1 0
blue-admin.com/models/init.go:28.8,29.13 1 0
blue-admin.com/models/init.go:33.22,37.16 3 0
blue-admin.com/models/init.go:37.16,52.26 6 0
blue-admin.com/models/init.go:52.26,54.4 1 0
blue-admin.com/models/init.go:55.8,56.13 1 0
blue-admin.com/models/user.go:22.57,28.2 5 0
blue-admin.com/utils/dynamic_salt.go:17.55,20.30 2 1
blue-admin.com/utils/dynamic_salt.go:20.30,23.3 2 1
blue-admin.com/utils/dynamic_salt.go:25.2,25.28 1 1
blue-admin.com/utils/dynamic_salt.go:28.22,44.24 6 1
blue-admin.com/utils/dynamic_salt.go:44.24,50.58 4 0
blue-admin.com/utils/dynamic_salt.go:50.58,53.4 1 0
blue-admin.com/utils/dynamic_salt.go:54.3,54.14 1 0
blue-admin.com/utils/dynamic_salt.go:55.8,63.54 5 1
blue-admin.com/utils/dynamic_salt.go:63.54,67.4 1 1
blue-admin.com/utils/dynamic_salt.go:68.3,68.14 1 1
blue-admin.com/utils/dynamic_salt.go:73.50,82.18 6 1
blue-admin.com/utils/dynamic_salt.go:82.18,84.3 1 1
blue-admin.com/utils/dynamic_salt.go:85.2,85.23 1 1
blue-admin.com/utils/sendemail.go:20.86,53.16 11 0
blue-admin.com/utils/sendemail.go:53.16,56.3 2 0
blue-admin.com/utils/sendemail.go:58.2,58.61 1 0
blue-admin.com/utils/sendemail.go:61.37,69.2 6 0
blue-admin.com/utils/utils.go:21.39,26.49 2 1
blue-admin.com/utils/utils.go:26.49,28.3 1 1
blue-admin.com/utils/utils.go:29.2,46.26 8 1
blue-admin.com/utils/utils.go:49.63,53.2 2 1
blue-admin.com/utils/utils.go:57.94,72.16 9 1
blue-admin.com/utils/utils.go:72.16,74.3 1 0
blue-admin.com/utils/utils.go:76.2,76.26 1 1
blue-admin.com/utils/utils.go:79.56,84.106 4 1
blue-admin.com/utils/utils.go:84.106,86.3 1 1
blue-admin.com/utils/utils.go:87.2,87.106 1 1
blue-admin.com/utils/utils.go:87.106,89.3 1 1
blue-admin.com/utils/utils.go:91.2,91.32 1 1
blue-admin.com/utils/utils.go:91.32,93.3 1 1
blue-admin.com/utils/utils.go:96.2,96.20 1 1
blue-admin.com/utils/utils.go:96.20,97.21 1 0
blue-admin.com/utils/utils.go:97.21,99.4 1 0
blue-admin.com/utils/utils.go:100.3,100.25 1 0
blue-admin.com/utils/utils.go:102.2,102.24 1 1
blue-admin.com/utils/utils.go:107.43,110.30 3 1
blue-admin.com/utils/utils.go:110.30,111.38 1 1
blue-admin.com/utils/utils.go:111.38,114.4 2 1
blue-admin.com/utils/utils.go:116.2,116.13 1 1
blue-admin.com/utils/utils.go:120.69,121.29 1 1
blue-admin.com/utils/utils.go:121.29,122.47 1 1
blue-admin.com/utils/utils.go:122.47,124.4 1 1
blue-admin.com/utils/utils.go:126.2,126.14 1 1
blue-admin.com/bluetasks/logfile.go:8.34,12.16 2 0
blue-admin.com/bluetasks/logfile.go:12.16,15.3 2 0
blue-admin.com/bluetasks/logfile.go:16.2,16.18 1 0
blue-admin.com/bluetasks/tasks..go:16.40,30.26 5 0
blue-admin.com/bluetasks/tasks..go:30.26,33.4 2 0
blue-admin.com/bluetasks/tasks..go:34.17,36.3 1 0
blue-admin.com/bluetasks/tasks..go:39.2,44.26 3 0
blue-admin.com/bluetasks/tasks..go:44.26,49.74 5 0
blue-admin.com/bluetasks/tasks..go:49.74,51.5 1 0
blue-admin.com/bluetasks/tasks..go:53.4,53.75 1 0
blue-admin.com/bluetasks/tasks..go:53.75,55.5 1 0
blue-admin.com/bluetasks/tasks..go:56.4,58.14 3 0
blue-admin.com/bluetasks/tasks..go:60.17,63.3 1 0
blue-admin.com/bluetasks/tasks..go:65.2,65.18 1 0
blue-admin.com/common/common.go:28.161,32.15 2 1
blue-admin.com/common/common.go:32.15,34.3 1 0
blue-admin.com/common/common.go:36.2,40.12 4 1
blue-admin.com/common/common.go:40.12,42.20 2 1
blue-admin.com/common/common.go:42.20,44.4 1 1
blue-admin.com/common/common.go:44.9,46.4 1 0
blue-admin.com/common/common.go:47.3,47.33 1 1
blue-admin.com/common/common.go:51.2,52.12 2 1
blue-admin.com/common/common.go:52.12,53.16 1 1
blue-admin.com/common/common.go:53.16,54.21 1 1
blue-admin.com/common/common.go:54.21,57.5 1 1
blue-admin.com/common/common.go:57.10,60.5 1 0
blue-admin.com/common/common.go:62.4,62.21 1 1
blue-admin.com/common/common.go:63.9,64.21 1 0
blue-admin.com/common/common.go:64.21,67.5 1 0
blue-admin.com/common/common.go:67.10,69.5 1 0
blue-admin.com/common/common.go:71.4,71.31 1 0
blue-admin.com/common/common.go:73.3,73.27 1 1
blue-admin.com/common/common.go:75.2,88.20 5 1
blue-admin.com/common/common.go:91.170,92.15 1 1
blue-admin.com/common/common.go:92.15,94.3 1 0
blue-admin.com/common/common.go:95.2,99.12 4 1
blue-admin.com/common/common.go:99.12,101.20 2 1
blue-admin.com/common/common.go:101.20,103.4 1 1
blue-admin.com/common/common.go:103.9,105.4 1 0
blue-admin.com/common/common.go:106.3,106.33 1 1
blue-admin.com/common/common.go:110.2,111.12 2 1
blue-admin.com/common/common.go:111.12,112.16 1 1
blue-admin.com/common/common.go:112.16,113.21 1 1
blue-admin.com/common/common.go:113.21,115.5 1 1
blue-admin.com/common/common.go:115.10,117.5 1 0
blue-admin.com/common/common.go:118.4,118.21 1 1
blue-admin.com/common/common.go:119.9,120.21 1 0
blue-admin.com/common/common.go:120.21,122.5 1 0
blue-admin.com/common/common.go:122.10,124.5 1 0
blue-admin.com/common/common.go:126.4,126.31 1 0
blue-admin.com/common/common.go:128.3,128.27 1 1
blue-admin.com/common/common.go:131.2,143.20 5 1
blue-admin.com/configs/configs.go:30.38,33.2 2 1
blue-admin.com/configs/configs.go:42.28,49.16 4 0
blue-admin.com/configs/configs.go:49.16,51.3 1 0
blue-admin.com/configs/configs.go:51.8,53.3 1 0
blue-admin.com/configs/configs.go:57.2,58.35 2 0
blue-admin.com/configs/configs.go:58.35,60.3 1 0
blue-admin.com/configs/configs.go:62.2,62.22 1 0
blue-admin.com/configs/configs.go:62.22,64.3 1 0
blue-admin.com/configs/configs.go:65.2,66.16 2 0
blue-admin.com/configs/configs.go:66.16,68.3 1 0
blue-admin.com/configs/configs.go:68.8,70.3 1 0
blue-admin.com/configs/configs.go:73.44,75.2 1 0
blue-admin.com/configs/configs.go:76.47,78.2 1 1
blue-admin.com/configs/configs.go:87.43,90.40 2 1
blue-admin.com/configs/configs.go:90.40,92.3 1 0
blue-admin.com/configs/configs.go:96.67,97.38 1 0
blue-admin.com/configs/configs.go:97.38,99.3 1 0
blue-admin.com/configs/configs.go:101.2,101.21 1 0
blue-admin.com/configs/configs.go:103.70,104.38 1 0
blue-admin.com/configs/configs.go:104.38,106.3 1 0
blue-admin.com/configs/configs.go:108.2,108.21 1 0
blue-admin.com/controllers/app_controller.go:30.38,43.29 6 1
blue-admin.com/controllers/app_controller.go:43.29,49.3 1 1
blue-admin.com/controllers/app_controller.go:52.2,53.16 2 1
blue-admin.com/controllers/app_controller.go:53.16,59.3 1 0
blue-admin.com/controllers/app_controller.go:62.2,62.49 1 1
blue-admin.com/controllers/app_controller.go:76.41,87.16 5 1
blue-admin.com/controllers/app_controller.go:87.16,93.3 1 0
blue-admin.com/controllers/app_controller.go:96.2,98.143 3 1
blue-admin.com/controllers/app_controller.go:98.143,104.3 1 1
blue-admin.com/controllers/app_controller.go:107.2,114.4 2 1
blue-admin.com/controllers/app_controller.go:128.45,139.16 5 0
blue-admin.com/controllers/app_controller.go:139.16,145.3 1 0
blue-admin.com/controllers/app_controller.go:148.2,154.97 3 0
blue-admin.com/controllers/app_controller.go:154.97,160.3 1 0
blue-admin.com/controllers/app_controller.go:163.2,167.4 1 0
blue-admin.com/controllers/app_controller.go:182.38,198.54 6 1
blue-admin.com/controllers/app_controller.go:198.54,204.3 1 0
blue-admin.com/controllers/app_controller.go:207.2,207.52 1 1
blue-admin.com/controllers/app_controller.go:207.52,213.3 1 0
blue-admin.com/controllers/app_controller.go:216.2,224.46 5 1
blue-admin.com/controllers/app_controller.go:224.46,231.3 2 1
blue-admin.com/controllers/app_controller.go:234.2,241.4 2 1
blue-admin.com/controllers/app_controller.go:257.39,271.16 6 1
blue-admin.com/controllers/app_controller.go:271.16,277.3 1 1
blue-admin.com/controllers/app_controller.go:280.2,281.53 2 1
blue-admin.com/controllers/app_controller.go:281.53,287.3 1 0
blue-admin.com/controllers/app_controller.go:290.2,290.51 1 1
blue-admin.com/controllers/app_controller.go:290.51,296.3 1 0
blue-admin.com/controllers/app_controller.go:299.2,304.80 4 1
blue-admin.com/controllers/app_controller.go:304.80,312.3 2 1
blue-admin.com/controllers/app_controller.go:315.2,315.98 1 1
blue-admin.com/controllers/app_controller.go:315.98,322.3 2 0
blue-admin.com/controllers/app_controller.go:325.2,329.4 1 1
blue-admin.com/controllers/app_controller.go:344.40,358.16 6 1
blue-admin.com/controllers/app_controller.go:358.16,364.3 1 1
blue-admin.com/controllers/app_controller.go:367.2,370.65 2 1
blue-admin.com/controllers/app_controller.go:370.65,377.3 2 1
blue-admin.com/controllers/app_controller.go:380.2,380.46 1 1
blue-admin.com/controllers/app_controller.go:380.46,387.3 2 0
blue-admin.com/controllers/app_controller.go:390.2,397.4 2 1
blue-admin.com/controllers/app_controller.go:415.42,426.16 5 0
blue-admin.com/controllers/app_controller.go:426.16,432.3 1 0
blue-admin.com/controllers/app_controller.go:435.2,436.120 2 0
blue-admin.com/controllers/app_controller.go:436.120,442.3 1 0
blue-admin.com/controllers/app_controller.go:445.2,447.117 3 0
blue-admin.com/controllers/app_controller.go:447.117,453.3 1 0
blue-admin.com/controllers/app_controller.go:457.2,459.101 2 0
blue-admin.com/controllers/app_controller.go:459.101,466.3 2 0
blue-admin.com/controllers/app_controller.go:467.2,474.4 2 0
blue-admin.com/controllers/app_controller.go:488.45,499.16 5 0
blue-admin.com/controllers/app_controller.go:499.16,505.3 1 0
blue-admin.com/controllers/app_controller.go:508.2,509.120 2 0
blue-admin.com/controllers/app_controller.go:509.120,515.3 1 0
blue-admin.com/controllers/app_controller.go:518.2,520.117 3 0
blue-admin.com/controllers/app_controller.go:520.117,526.3 1 0
blue-admin.com/controllers/app_controller.go:529.2,530.101 2 0
blue-admin.com/controllers/app_controller.go:530.101,537.3 2 0
blue-admin.com/controllers/app_controller.go:538.2,545.4 2 0
blue-admin.com/controllers/app_controller.go:563.42,573.124 5 0
blue-admin.com/controllers/app_controller.go:573.124,579.3 1 0
blue-admin.com/controllers/app_controller.go:581.2,585.4 1 0
blue-admin.com/controllers/dashboard.go:55.50,68.212 7 0
blue-admin.com/controllers/dashboard.go:68.212,74.3 1 0
blue-admin.com/controllers/dashboard.go:75.2,81.4 2 0
blue-admin.com/controllers/dashboard.go:95.55,107.212 7 0
blue-admin.com/controllers/dashboard.go:107.212,113.3 1 0
blue-admin.com/controllers/dashboard.go:115.2,115.34 1 0
blue-admin.com/controllers/dashboard.go:115.34,117.40 2 0
blue-admin.com/controllers/dashboard.go:117.40,118.42 1 0
blue-admin.com/controllers/dashboard.go:118.42,121.5 1 0
blue-admin.com/controllers/dashboard.go:126.2,130.4 1 0
blue-admin.com/controllers/dashboard.go:144.54,156.212 7 0
blue-admin.com/controllers/dashboard.go:156.212,162.3 1 0
blue-admin.com/controllers/dashboard.go:164.2,164.34 1 0
blue-admin.com/controllers/dashboard.go:164.34,166.40 2 0
blue-admin.com/controllers/dashboard.go:166.40,168.4 1 0
blue-admin.com/controllers/dashboard.go:172.2,176.4 1 0
blue-admin.com/controllers/dashboard.go:190.42,202.173 7 0
blue-admin.com/controllers/dashboard.go:202.173,209.3 2 0
blue-admin.com/controllers/dashboard.go:211.2,212.34 2 0
blue-admin.com/controllers/dashboard.go:212.34,213.37 1 0
blue-admin.com/controllers/dashboard.go:213.37,215.4 1 0
blue-admin.com/controllers/dashboard.go:218.2,224.4 3 0
blue-admin.com/controllers/dashboard.go:239.42,250.167 7 0
blue-admin.com/controllers/dashboard.go:250.167,256.3 1 0
blue-admin.com/controllers/dashboard.go:258.2,259.34 2 0
blue-admin.com/controllers/dashboard.go:259.34,261.3 1 0
blue-admin.com/controllers/dashboard.go:262.2,266.4 1 0
blue-admin.com/controllers/dashboard.go:281.49,292.173 7 0
blue-admin.com/controllers/dashboard.go:292.173,298.3 1 0
blue-admin.com/controllers/dashboard.go:299.2,299.34 1 0
blue-admin.com/controllers/dashboard.go:299.34,301.37 2 0
blue-admin.com/controllers/dashboard.go:301.37,303.4 1 0
blue-admin.com/controllers/dashboard.go:305.2,309.4 1 0
blue-admin.com/controllers/email.go:23.40,30.58 3 0
blue-admin.com/controllers/email.go:30.58,36.3 1 0
blue-admin.com/controllers/email.go:39.2,39.56 1 0
blue-admin.com/controllers/email.go:39.56,45.3 1 0
blue-admin.com/controllers/email.go:49.2,49.77 1 0
blue-admin.com/controllers/email.go:49.77,55.3 1 0
blue-admin.com/controllers/email.go:58.2,62.4 1 0
blue-admin.com/controllers/endpoint_controller.go:30.43,43.29 6 1
blue-admin.com/controllers/endpoint_controller.go:43.29,49.3 1 1
blue-admin.com/controllers/endpoint_controller.go:52.2,53.16 2 1
blue-admin.com/controllers/endpoint_controller.go:53.16,59.3 1 0
blue-admin.com/controllers/endpoint_controller.go:62.2,62.49 1 1
blue-admin.com/controllers/endpoint_controller.go:76.46,87.16 5 1
blue-admin.com/controllers/endpoint_controller.go:87.16,93.3 1 0
blue-admin.com/controllers/endpoint_controller.go:96.2,98.153 3 1
blue-admin.com/controllers/endpoint_controller.go:98.153,104.3 1 1
blue-admin.com/controllers/endpoint_controller.go:107.2,114.4 2 1
blue-admin.com/controllers/endpoint_controller.go:129.43,145.59 6 1
blue-admin.com/controllers/endpoint_controller.go:145.59,151.3 1 0
blue-admin.com/controllers/endpoint_controller.go:154.2,154.57 1 1
blue-admin.com/controllers/endpoint_controller.go:154.57,160.3 1 0
blue-admin.com/controllers/endpoint_controller.go:163.2,171.51 5 1
blue-admin.com/controllers/endpoint_controller.go:171.51,178.3 2 1
blue-admin.com/controllers/endpoint_controller.go:181.2,188.4 2 1
blue-admin.com/controllers/endpoint_controller.go:204.44,218.16 6 1
blue-admin.com/controllers/endpoint_controller.go:218.16,224.3 1 1
blue-admin.com/controllers/endpoint_controller.go:227.2,228.58 2 1
blue-admin.com/controllers/endpoint_controller.go:228.58,234.3 1 0
blue-admin.com/controllers/endpoint_controller.go:237.2,237.56 1 1
blue-admin.com/controllers/endpoint_controller.go:237.56,243.3 1 0
blue-admin.com/controllers/endpoint_controller.go:246.2,250.97 3 1
blue-admin.com/controllers/endpoint_controller.go:250.97,258.3 2 1
blue-admin.com/controllers/endpoint_controller.go:261.2,261.108 1 1
blue-admin.com/controllers/endpoint_controller.go:261.108,268.3 2 0
blue-admin.com/controllers/endpoint_controller.go:271.2,275.4 1 1
blue-admin.com/controllers/endpoint_controller.go:290.45,304.16 6 1
blue-admin.com/controllers/endpoint_controller.go:304.16,310.3 1 1
blue-admin.com/controllers/endpoint_controller.go:313.2,316.70 2 1
blue-admin.com/controllers/endpoint_controller.go:316.70,323.3 2 1
blue-admin.com/controllers/endpoint_controller.go:326.2,326.51 1 1
blue-admin.com/controllers/endpoint_controller.go:326.51,333.3 2 0
blue-admin.com/controllers/endpoint_controller.go:336.2,343.4 2 1
blue-admin.com/controllers/endpoint_controller.go:365.47,374.107 5 0
blue-admin.com/controllers/endpoint_controller.go:374.107,380.3 1 0
blue-admin.com/controllers/endpoint_controller.go:382.2,386.4 1 0
blue-admin.com/controllers/feature_controller.go:30.42,43.29 6 1
blue-admin.com/controllers/feature_controller.go:43.29,49.3 1 1
blue-admin.com/controllers/feature_controller.go:52.2,53.16 2 1
blue-admin.com/controllers/feature_controller.go:53.16,59.3 1 0
blue-admin.com/controllers/feature_controller.go:62.2,62.49 1 1
blue-admin.com/controllers/feature_controller.go:76.45,87.16 5 1
blue-admin.com/controllers/feature_controller.go:87.16,93.3 1 0
blue-admin.com/controllers/feature_controller.go:96.2,98.151 3 1
blue-admin.com/controllers/feature_controller.go:98.151,104.3 1 1
blue-admin.com/controllers/feature_controller.go:107.2,114.4 2 1
blue-admin.com/controllers/feature_controller.go:129.42,145.58 6 1
blue-admin.com/controllers/feature_controller.go:145.58,151.3 1 0
blue-admin.com/controllers/feature_controller.go:154.2,154.56 1 1
blue-admin.com/controllers/feature_controller.go:154.56,160.3 1 0
blue-admin.com/controllers/feature_controller.go:163.2,171.50 5 1
blue-admin.com/controllers/feature_controller.go:171.50,178.3 2 1
blue-admin.com/controllers/feature_controller.go:181.2,188.4 2 1
blue-admin.com/controllers/feature_controller.go:204.43,218.16 6 1
blue-admin.com/controllers/feature_controller.go:218.16,224.3 1 1
blue-admin.com/controllers/feature_controller.go:227.2,228.57 2 1
blue-admin.com/controllers/feature_controller.go:228.57,234.3 1 0
blue-admin.com/controllers/feature_controller.go:237.2,237.55 1 1
blue-admin.com/controllers/feature_controller.go:237.55,243.3 1 0
blue-admin.com/controllers/feature_controller.go:246.2,249.96 3 1
blue-admin.com/controllers/feature_controller.go:249.96,257.3 2 1
blue-admin.com/controllers/feature_controller.go:260.2,260.106 1 1
blue-admin.com/controllers/feature_controller.go:260.106,267.3 2 0
blue-admin.com/controllers/feature_controller.go:270.2,274.4 1 1
blue-admin.com/controllers/feature_controller.go:289.44,303.16 6 1
blue-admin.com/controllers/feature_controller.go:303.16,309.3 1 1
blue-admin.com/controllers/feature_controller.go:312.2,315.69 2 1
blue-admin.com/controllers/feature_controller.go:315.69,322.3 2 1
blue-admin.com/controllers/feature_controller.go:325.2,325.50 1 1
blue-admin.com/controllers/feature_controller.go:325.50,332.3 2 0
blue-admin.com/controllers/feature_controller.go:335.2,342.4 2 1
blue-admin.com/controllers/feature_controller.go:360.50,371.16 5 0
blue-admin.com/controllers/feature_controller.go:371.16,377.3 1 0
blue-admin.com/controllers/feature_controller.go:380.2,381.132 2 0
blue-admin.com/controllers/feature_controller.go:381.132,387.3 1 0
blue-admin.com/controllers/feature_controller.go:390.2,392.129 3 0
blue-admin.com/controllers/feature_controller.go:392.129,398.3 1 0
blue-admin.com/controllers/feature_controller.go:402.2,404.113 2 0
blue-admin.com/controllers/feature_controller.go:404.113,411.3 2 0
blue-admin.com/controllers/feature_controller.go:412.2,419.4 2 0
blue-admin.com/controllers/feature_controller.go:433.53,444.16 5 0
blue-admin.com/controllers/feature_controller.go:444.16,450.3 1 0
blue-admin.com/controllers/feature_controller.go:453.2,454.132 2 0
blue-admin.com/controllers/feature_controller.go:454.132,460.3 1 0
blue-admin.com/controllers/feature_controller.go:463.2,465.129 3 0
blue-admin.com/controllers/feature_controller.go:465.129,471.3 1 0
blue-admin.com/controllers/feature_controller.go:474.2,475.113 2 0
blue-admin.com/controllers/feature_controller.go:475.113,482.3 2 0
blue-admin.com/controllers/feature_controller.go:483.2,490.4 2 0
blue-admin.com/controllers/feature_controller.go:508.46,517.132 5 0
blue-admin.com/controllers/feature_controller.go:517.132,523.3 1 0
blue-admin.com/controllers/feature_controller.go:525.2,529.4 1 0
blue-admin.com/controllers/feature_controller.go:544.56,555.16 5 0
blue-admin.com/controllers/feature_controller.go:555.16,561.3 1 0
blue-admin.com/controllers/feature_controller.go:563.2,567.129 4 0
blue-admin.com/controllers/feature_controller.go:567.129,574.3 2 0
blue-admin.com/controllers/feature_controller.go:575.2,576.21 2 0
blue-admin.com/controllers/feature_controller.go:576.21,585.3 2 0
blue-admin.com/controllers/feature_controller.go:588.2,592.4 1 0
blue-admin.com/controllers/jwtsalt_controller.go:25.42,36.118 5 0
blue-admin.com/controllers/jwtsalt_controller.go:36.118,37.51 1 0
blue-admin.com/controllers/jwtsalt_controller.go:37.51,43.4 1 0
blue-admin.com/controllers/jwtsalt_controller.go:44.3,48.5 1 0
blue-admin.com/controllers/jwtsalt_controller.go:53.2,57.4 1 0
blue-admin.com/controllers/login.go:42.40,56.62 6 1
blue-admin.com/controllers/login.go:56.62,62.3 1 0
blue-admin.com/controllers/login.go:65.2,65.60 1 1
blue-admin.com/controllers/login.go:65.60,71.3 1 0
blue-admin.com/controllers/login.go:72.2,72.38 1 1
blue-admin.com/controllers/login.go:73.28,76.23 3 1
blue-admin.com/controllers/login.go:76.23,82.4 1 0
blue-admin.com/controllers/login.go:82.9,82.78 1 1
blue-admin.com/controllers/login.go:82.78,84.37 2 1
blue-admin.com/controllers/login.go:84.37,87.5 1 0
blue-admin.com/controllers/login.go:88.4,100.6 4 1
blue-admin.com/controllers/login.go:101.9,107.4 1 1
blue-admin.com/controllers/login.go:109.23,114.17 5 1
blue-admin.com/controllers/login.go:114.17,127.4 4 1
blue-admin.com/controllers/login.go:129.3,133.5 1 0
blue-admin.com/controllers/login.go:134.22,137.17 2 1
blue-admin.com/controllers/login.go:137.17,143.4 1 1
blue-admin.com/controllers/login.go:144.3,148.5 1 0
blue-admin.com/controllers/login.go:149.10,154.5 1 1
blue-admin.com/controllers/login.go:169.41,173.17 2 1
blue-admin.com/controllers/login.go:173.17,179.3 1 1
blue-admin.com/controllers/login.go:182.2,184.16 2 1
blue-admin.com/controllers/login.go:184.16,190.3 1 1
blue-admin.com/controllers/login.go:193.2,197.4 1 1
blue-admin.com/controllers/page_controller.go:30.39,43.29 6 1
blue-admin.com/controllers/page_controller.go:43.29,49.3 1 1
blue-admin.com/controllers/page_controller.go:52.2,53.16 2 1
blue-admin.com/controllers/page_controller.go:53.16,59.3 1 0
blue-admin.com/controllers/page_controller.go:62.2,62.49 1 1
blue-admin.com/controllers/page_controller.go:76.42,87.16 5 1
blue-admin.com/controllers/page_controller.go:87.16,93.3 1 0
blue-admin.com/controllers/page_controller.go:96.2,98.145 3 1
blue-admin.com/controllers/page_controller.go:98.145,104.3 1 1
blue-admin.com/controllers/page_controller.go:107.2,114.4 2 1
blue-admin.com/controllers/page_controller.go:129.39,145.55 6 1
blue-admin.com/controllers/page_controller.go:145.55,151.3 1 0
blue-admin.com/controllers/page_controller.go:154.2,154.53 1 1
blue-admin.com/controllers/page_controller.go:154.53,160.3 1 0
blue-admin.com/controllers/page_controller.go:163.2,171.47 5 1
blue-admin.com/controllers/page_controller.go:171.47,178.3 2 1
blue-admin.com/controllers/page_controller.go:181.2,188.4 2 1
blue-admin.com/controllers/page_controller.go:204.40,218.16 6 1
blue-admin.com/controllers/page_controller.go:218.16,224.3 1 1
blue-admin.com/controllers/page_controller.go:227.2,228.54 2 1
blue-admin.com/controllers/page_controller.go:228.54,234.3 1 0
blue-admin.com/controllers/page_controller.go:237.2,237.52 1 1
blue-admin.com/controllers/page_controller.go:237.52,243.3 1 0
blue-admin.com/controllers/page_controller.go:246.2,249.93 3 1
blue-admin.com/controllers/page_controller.go:249.93,257.3 2 1
blue-admin.com/controllers/page_controller.go:260.2,260.100 1 1
blue-admin.com/controllers/page_controller.go:260.100,267.3 2 0
blue-admin.com/controllers/page_controller.go:270.2,274.4 1 1
blue-admin.com/controllers/page_controller.go:289.41,303.16 6 1
blue-admin.com/controllers/page_controller.go:303.16,309.3 1 1
blue-admin.com/controllers/page_controller.go:312.2,315.66 2 1
blue-admin.com/controllers/page_controller.go:315.66,323.3 2 1
blue-admin.com/controllers/page_controller.go:326.2,326.47 1 1
blue-admin.com/controllers/page_controller.go:326.47,333.3 2 0
blue-admin.com/controllers/page_controller.go:336.2,343.4 2 1
blue-admin.com/controllers/page_controller.go:361.43,372.16 5 0
blue-admin.com/controllers/page_controller.go:372.16,378.3 1 0
blue-admin.com/controllers/page_controller.go:381.2,382.16 2 0
blue-admin.com/controllers/page_controller.go:382.16,388.3 1 0
blue-admin.com/controllers/page_controller.go:391.2,392.98 2 0
blue-admin.com/controllers/page_controller.go:392.98,398.3 1 0
blue-admin.com/controllers/page_controller.go:401.2,402.99 2 0
blue-admin.com/controllers/page_controller.go:402.99,408.3 1 0
blue-admin.com/controllers/page_controller.go:410.2,411.102 2 0
blue-admin.com/controllers/page_controller.go:411.102,418.3 2 0
blue-admin.com/controllers/page_controller.go:419.2,426.4 2 0
blue-admin.com/controllers/page_controller.go:442.46,453.32 5 0
blue-admin.com/controllers/page_controller.go:453.32,459.3 1 0
blue-admin.com/controllers/page_controller.go:461.2,462.32 2 0
blue-admin.com/controllers/page_controller.go:462.32,468.3 1 0
blue-admin.com/controllers/page_controller.go:470.2,471.98 2 0
blue-admin.com/controllers/page_controller.go:471.98,477.3 1 0
blue-admin.com/controllers/page_controller.go:480.2,482.98 3 0
blue-admin.com/controllers/page_controller.go:482.98,488.3 1 0
blue-admin.com/controllers/page_controller.go:491.2,492.102 2 0
blue-admin.com/controllers/page_controller.go:492.102,499.3 2 0
blue-admin.com/controllers/page_controller.go:501.2,508.4 2 0
blue-admin.com/controllers/role_controller.go:30.39,43.29 6 1
blue-admin.com/controllers/role_controller.go:43.29,49.3 1 1
blue-admin.com/controllers/role_controller.go:52.2,53.16 2 1
blue-admin.com/controllers/role_controller.go:53.16,59.3 1 0
blue-admin.com/controllers/role_controller.go:62.2,62.49 1 1
blue-admin.com/controllers/role_controller.go:76.42,87.16 5 1
blue-admin.com/controllers/role_controller.go:87.16,93.3 1 0
blue-admin.com/controllers/role_controller.go:96.2,98.145 3 1
blue-admin.com/controllers/role_controller.go:98.145,104.3 1 1
blue-admin.com/controllers/role_controller.go:107.2,114.4 2 1
blue-admin.com/controllers/role_controller.go:132.47,142.126 5 0
blue-admin.com/controllers/role_controller.go:142.126,148.3 1 0
blue-admin.com/controllers/role_controller.go:150.2,154.4 1 0
blue-admin.com/controllers/role_controller.go:169.39,185.55 6 1
blue-admin.com/controllers/role_controller.go:185.55,191.3 1 0
blue-admin.com/controllers/role_controller.go:194.2,194.53 1 1
blue-admin.com/controllers/role_controller.go:194.53,200.3 1 1
blue-admin.com/controllers/role_controller.go:203.2,211.47 5 1
blue-admin.com/controllers/role_controller.go:211.47,218.3 2 1
blue-admin.com/controllers/role_controller.go:221.2,228.4 2 1
blue-admin.com/controllers/role_controller.go:244.40,258.16 6 1
blue-admin.com/controllers/role_controller.go:258.16,264.3 1 1
blue-admin.com/controllers/role_controller.go:267.2,268.54 2 1
blue-admin.com/controllers/role_controller.go:268.54,274.3 1 0
blue-admin.com/controllers/role_controller.go:277.2,277.52 1 1
blue-admin.com/controllers/role_controller.go:277.52,283.3 1 0
blue-admin.com/controllers/role_controller.go:286.2,291.82 4 1
blue-admin.com/controllers/role_controller.go:291.82,298.3 2 1
blue-admin.com/controllers/role_controller.go:301.2,301.100 1 1
blue-admin.com/controllers/role_controller.go:301.100,308.3 2 0
blue-admin.com/controllers/role_controller.go:311.2,315.4 1 1
blue-admin.com/controllers/role_controller.go:330.41,344.16 6 1
blue-admin.com/controllers/role_controller.go:344.16,350.3 1 1
blue-admin.com/controllers/role_controller.go:353.2,356.93 2 1
blue-admin.com/controllers/role_controller.go:356.93,364.3 2 1
blue-admin.com/controllers/role_controller.go:367.2,367.74 1 1
blue-admin.com/controllers/role_controller.go:367.74,374.3 2 0
blue-admin.com/controllers/role_controller.go:377.2,384.4 2 1
blue-admin.com/controllers/role_controller.go:402.43,413.16 5 0
blue-admin.com/controllers/role_controller.go:413.16,419.3 1 0
blue-admin.com/controllers/role_controller.go:422.2,423.16 2 0
blue-admin.com/controllers/role_controller.go:423.16,429.3 1 0
blue-admin.com/controllers/role_controller.go:432.2,433.98 2 0
blue-admin.com/controllers/role_controller.go:433.98,439.3 1 0
blue-admin.com/controllers/role_controller.go:442.2,443.98 2 0
blue-admin.com/controllers/role_controller.go:443.98,449.3 1 0
blue-admin.com/controllers/role_controller.go:451.2,452.102 2 0
blue-admin.com/controllers/role_controller.go:452.102,459.3 2 0
blue-admin.com/controllers/role_controller.go:460.2,467.4 2 0
blue-admin.com/controllers/role_controller.go:483.46,494.32 5 0
blue-admin.com/controllers/role_controller.go:494.32,500.3 1 0
blue-admin.com/controllers/role_controller.go:502.2,503.32 2 0
blue-admin.com/controllers/role_controller.go:503.32,509.3 1 0
blue-admin.com/controllers/role_controller.go:511.2,512.98 2 0
blue-admin.com/controllers/role_controller.go:512.98,518.3 1 0
blue-admin.com/controllers/role_controller.go:521.2,522.98 2 0
blue-admin.com/controllers/role_controller.go:522.98,528.3 1 0
blue-admin.com/controllers/role_controller.go:531.2,532.102 2 0
blue-admin.com/controllers/role_controller.go:532.102,539.3 2 0
blue-admin.com/controllers/role_controller.go:541.2,548.4 2 0
blue-admin.com/controllers/role_controller.go:562.46,573.16 5 0
blue-admin.com/controllers/role_controller.go:573.16,579.3 1 0
blue-admin.com/controllers/role_controller.go:582.2,583.129 2 0
blue-admin.com/controllers/role_controller.go:583.129,589.3 1 0
blue-admin.com/controllers/role_controller.go:592.2,594.120 3 0
blue-admin.com/controllers/role_controller.go:594.120,600.3 1 0
blue-admin.com/controllers/role_controller.go:604.2,606.108 2 0
blue-admin.com/controllers/role_controller.go:606.108,613.3 2 0
blue-admin.com/controllers/role_controller.go:614.2,621.4 2 0
blue-admin.com/controllers/role_controller.go:635.49,646.16 5 0
blue-admin.com/controllers/role_controller.go:646.16,652.3 1 0
blue-admin.com/controllers/role_controller.go:655.2,656.129 2 0
blue-admin.com/controllers/role_controller.go:656.129,662.3 1 0
blue-admin.com/controllers/role_controller.go:665.2,667.120 3 0
blue-admin.com/controllers/role_controller.go:667.120,673.3 1 0
blue-admin.com/controllers/role_controller.go:676.2,677.108 2 0
blue-admin.com/controllers/role_controller.go:677.108,684.3 2 0
blue-admin.com/controllers/role_controller.go:685.2,692.4 2 0
blue-admin.com/controllers/role_controller.go:707.54,717.16 5 0
blue-admin.com/controllers/role_controller.go:717.16,723.3 1 0
blue-admin.com/controllers/role_controller.go:725.2,729.94 4 0
blue-admin.com/controllers/role_controller.go:729.94,736.3 2 0
blue-admin.com/controllers/role_controller.go:737.2,740.18 3 0
blue-admin.com/controllers/role_controller.go:740.18,748.3 2 0
blue-admin.com/controllers/role_controller.go:750.2,754.4 1 0
blue-admin.com/controllers/role_controller.go:773.49,784.209 7 0
blue-admin.com/controllers/role_controller.go:784.209,790.3 1 0
blue-admin.com/controllers/role_controller.go:792.2,792.32 1 0
blue-admin.com/controllers/role_controller.go:792.32,793.43 1 0
blue-admin.com/controllers/role_controller.go:793.43,794.47 1 0
blue-admin.com/controllers/role_controller.go:794.47,797.5 2 0
blue-admin.com/controllers/role_controller.go:801.2,805.4 1 0
blue-admin.com/controllers/user_controller.go:31.39,45.29 6 1
blue-admin.com/controllers/user_controller.go:45.29,51.3 1 1
blue-admin.com/controllers/user_controller.go:54.2,55.16 2 1
blue-admin.com/controllers/user_controller.go:55.16,61.3 1 0
blue-admin.com/controllers/user_controller.go:64.2,64.49 1 1
blue-admin.com/controllers/user_controller.go:81.42,96.47 7 1
blue-admin.com/controllers/user_controller.go:96.47,102.3 1 1
blue-admin.com/controllers/user_controller.go:106.2,114.116 3 1
blue-admin.com/controllers/user_controller.go:114.116,120.3 1 0
blue-admin.com/controllers/user_controller.go:123.2,127.4 1 1
blue-admin.com/controllers/user_controller.go:141.42,152.16 5 1
blue-admin.com/controllers/user_controller.go:152.16,158.3 1 0
blue-admin.com/controllers/user_controller.go:161.2,163.145 3 1
blue-admin.com/controllers/user_controller.go:163.145,169.3 1 1
blue-admin.com/controllers/user_controller.go:172.2,179.4 2 1
blue-admin.com/controllers/user_controller.go:194.45,205.16 5 1
blue-admin.com/controllers/user_controller.go:205.16,211.3 1 1
blue-admin.com/controllers/user_controller.go:213.2,214.20 2 1
blue-admin.com/controllers/user_controller.go:214.20,220.3 1 0
blue-admin.com/controllers/user_controller.go:223.2,231.109 3 1
blue-admin.com/controllers/user_controller.go:231.109,237.3 1 0
blue-admin.com/controllers/user_controller.go:240.2,244.4 1 1
blue-admin.com/controllers/user_controller.go:259.44,270.21 5 1
blue-admin.com/controllers/user_controller.go:270.21,276.3 1 1
blue-admin.com/controllers/user_controller.go:279.2,280.20 2 1
blue-admin.com/controllers/user_controller.go:280.20,286.3 1 1
blue-admin.com/controllers/user_controller.go:289.2,297.116 3 1
blue-admin.com/controllers/user_controller.go:297.116,303.3 1 0
blue-admin.com/controllers/user_controller.go:306.2,310.4 1 1
blue-admin.com/controllers/user_controller.go:325.39,340.55 6 1
blue-admin.com/controllers/user_controller.go:340.55,346.3 1 0
blue-admin.com/controllers/user_controller.go:349.2,349.53 1 1
blue-admin.com/controllers/user_controller.go:349.53,355.3 1 0
blue-admin.com/controllers/user_controller.go:358.2,365.47 5 1
blue-admin.com/controllers/user_controller.go:365.47,372.3 2 1
blue-admin.com/controllers/user_controller.go:375.2,385.4 4 1
blue-admin.com/controllers/user_controller.go:401.40,415.16 6 1
blue-admin.com/controllers/user_controller.go:415.16,421.3 1 1
blue-admin.com/controllers/user_controller.go:424.2,425.54 2 1
blue-admin.com/controllers/user_controller.go:425.54,431.3 1 0
blue-admin.com/controllers/user_controller.go:434.2,434.52 1 1
blue-admin.com/controllers/user_controller.go:434.52,440.3 1 0
blue-admin.com/controllers/user_controller.go:443.2,445.94 3 1
blue-admin.com/controllers/user_controller.go:445.94,452.3 2 1
blue-admin.com/controllers/user_controller.go:454.2,454.100 1 1
blue-admin.com/controllers/user_controller.go:454.100,461.3 2 0
blue-admin.com/controllers/user_controller.go:464.2,468.4 1 1
blue-admin.com/controllers/user_controller.go:483.41,497.16 6 1
blue-admin.com/controllers/user_controller.go:497.16,503.3 1 1
blue-admin.com/controllers/user_controller.go:506.2,509.93 2 1
blue-admin.com/controllers/user_controller.go:509.93,516.3 2 1
blue-admin.com/controllers/user_controller.go:519.2,519.74 1 1
blue-admin.com/controllers/user_controller.go:519.74,526.3 2 0
blue-admin.com/controllers/user_controller.go:529.2,536.4 2 1
blue-admin.com/controllers/user_controller.go:552.44,566.16 6 0
blue-admin.com/controllers/user_controller.go:566.16,572.3 1 0
blue-admin.com/controllers/user_controller.go:575.2,576.20 2 0
blue-admin.com/controllers/user_controller.go:576.20,582.3 1 0
blue-admin.com/controllers/user_controller.go:585.2,594.104 3 0
blue-admin.com/controllers/user_controller.go:594.104,601.3 2 0
blue-admin.com/controllers/user_controller.go:604.2,604.74 1 0
blue-admin.com/controllers/user_controller.go:604.74,611.3 2 0
blue-admin.com/controllers/user_controller.go:614.2,621.4 2 0
blue-admin.com/controllers/user_controller.go:639.43,650.16 5 0
blue-admin.com/controllers/user_controller.go:650.16,656.3 1 0
blue-admin.com/controllers/user_controller.go:659.2,660.16 2 0
blue-admin.com/controllers/user_controller.go:660.16,666.3 1 0
blue-admin.com/controllers/user_controller.go:669.2,671.98 2 0
blue-admin.com/controllers/user_controller.go:671.98,677.3 1 0
blue-admin.com/controllers/user_controller.go:680.2,682.45 3 0
blue-admin.com/controllers/user_controller.go:682.45,688.3 1 0
blue-admin.com/controllers/user_controller.go:690.2,691.102 2 0
blue-admin.com/controllers/user_controller.go:691.102,698.3 2 0
blue-admin.com/controllers/user_controller.go:699.2,706.4 2 0
blue-admin.com/controllers/user_controller.go:721.47,732.16 5 0
blue-admin.com/controllers/user_controller.go:732.16,738.3 1 0
blue-admin.com/controllers/user_controller.go:741.2,742.16 2 0
blue-admin.com/controllers/user_controller.go:742.16,748.3 1 0
blue-admin.com/controllers/user_controller.go:751.2,752.20 2 0
blue-admin.com/controllers/user_controller.go:752.20,758.3 1 0
blue-admin.com/controllers/user_controller.go:761.2,762.98 2 0
blue-admin.com/controllers/user_controller.go:762.98,769.3 1 0
blue-admin.com/controllers/user_controller.go:772.2,777.109 3 0
blue-admin.com/controllers/user_controller.go:777.109,783.3 1 0
blue-admin.com/controllers/user_controller.go:785.2,785.18 1 0
blue-admin.com/controllers/user_controller.go:785.18,788.103 2 0
blue-admin.com/controllers/user_controller.go:788.103,795.4 2 0
blue-admin.com/controllers/user_controller.go:796.3,803.5 2 0
blue-admin.com/controllers/user_controller.go:806.2,810.4 1 0
blue-admin.com/controllers/user_controller.go:826.46,837.32 5 0
blue-admin.com/controllers/user_controller.go:837.32,843.3 1 0
blue-admin.com/controllers/user_controller.go:845.2,846.32 2 0
blue-admin.com/controllers/user_controller.go:846.32,852.3 1 0
blue-admin.com/controllers/user_controller.go:855.2,856.98 2 0
blue-admin.com/controllers/user_controller.go:856.98,863.3 1 0
blue-admin.com/controllers/user_controller.go:866.2,867.98 2 0
blue-admin.com/controllers/user_controller.go:867.98,873.3 1 0
blue-admin.com/controllers/user_controller.go:876.2,877.102 2 0
blue-admin.com/controllers/user_controller.go:877.102,884.3 2 0
blue-admin.com/controllers/user_controller.go:886.2,893.4 2 0
blue-admin.com/controllers/user_controller.go:910.49,921.32 5 0
blue-admin.com/controllers/user_controller.go:921.32,927.3 1 0
blue-admin.com/controllers/user_controller.go:929.2,930.32 2 0
blue-admin.com/controllers/user_controller.go:930.32,936.3 1 0
blue-admin.com/controllers/user_controller.go:939.2,940.98 2 0
blue-admin.com/controllers/user_controller.go:940.98,947.3 1 0
blue-admin.com/controllers/user_controller.go:950.2,951.20 2 0
blue-admin.com/controllers/user_controller.go:951.20,957.3 1 0
blue-admin.com/controllers/user_controller.go:961.2,966.109 3 0
blue-admin.com/controllers/user_controller.go:966.109,972.3 1 0
blue-admin.com/controllers/user_controller.go:974.2,974.18 1 0
blue-admin.com/controllers/user_controller.go:974.18,978.103 2 0
blue-admin.com/controllers/user_controller.go:978.103,985.4 2 0
blue-admin.com/controllers/user_controller.go:987.3,994.5 2 0
blue-admin.com/controllers/user_controller.go:998.2,1002.4 1 0
blue-admin.com/controllers/user_controller.go:1017.53,1027.16 5 0
blue-admin.com/controllers/user_controller.go:1027.16,1033.3 1 0
blue-admin.com/controllers/user_controller.go:1036.2,1042.98 4 0
blue-admin.com/controllers/user_controller.go:1042.98,1049.3 2 0
blue-admin.com/controllers/user_controller.go:1051.2,1055.18 4 0
blue-admin.com/controllers/user_controller.go:1055.18,1064.3 3 0
blue-admin.com/controllers/user_controller.go:1067.2,1071.4 1 0
blue-admin.com/controllers/user_controller.go:1091.45,1105.54 7 0
blue-admin.com/controllers/user_controller.go:1105.54,1111.3 1 0
blue-admin.com/controllers/user_controller.go:1113.2,1113.52 1 0
blue-admin.com/controllers/user_controller.go:1113.52,1119.3 1 0
blue-admin.com/controllers/user_controller.go:1122.2,1123.125 2 0
blue-admin.com/controllers/user_controller.go:1123.125,1130.3 1 0
blue-admin.com/controllers/user_controller.go:1132.2,1134.21 2 0
blue-admin.com/controllers/user_controller.go:1134.21,1137.103 3 0
blue-admin.com/controllers/user_controller.go:1137.103,1144.4 2 0
blue-admin.com/controllers/user_controller.go:1145.3,1145.14 1 0
blue-admin.com/controllers/user_controller.go:1146.8,1149.103 3 0
blue-admin.com/controllers/user_controller.go:1149.103,1156.4 2 0
blue-admin.com/controllers/user_controller.go:1157.3,1157.14 1 0
blue-admin.com/controllers/user_controller.go:1160.2,1166.4 2 0
blue-admin.com/database/database.go:22.41,25.17 2 1
blue-admin.com/database/database.go:25.17,27.3 1 0
blue-admin.com/database/database.go:28.2,28.25 1 1
blue-admin.com/database/database.go:31.40,38.16 3 1
blue-admin.com/database/database.go:38.16,41.3 2 0
blue-admin.com/database/database.go:43.2,62.17 7 1
blue-admin.com/database/database.go:63.18,73.17 2 0
blue-admin.com/database/database.go:73.17,74.14 1 0
blue-admin.com/database/database.go:77.3,78.17 2 0
blue-admin.com/database/database.go:78.17,81.4 2 0
blue-admin.com/database/database.go:82.3,85.17 3 0
blue-admin.com/database/database.go:86.16,95.17 3 1
blue-admin.com/database/database.go:95.17,98.4 2 0
blue-admin.com/database/database.go:99.3,101.17 3 1
blue-admin.com/database/database.go:102.15,117.17 3 0
blue-admin.com/database/database.go:117.17,120.4 2 0
blue-admin.com/database/database.go:121.3,123.17 3 0
blue-admin.com/database/database.go:124.10,133.17 3 0
blue-admin.com/database/database.go:133.17,136.4 2 0
blue-admin.com/database/database.go:137.3,139.17 3 0
blue-admin.com/database/database.go:140.10,149.17 3 0
blue-admin.com/database/database.go:149.17,152.4 2 0
blue-admin.com/database/database.go:153.3,155.17 3 0
blue-admin.com/database/database.go:159.2,160.23 2 1
blue-admin.com/docs/docs.go:4567.13,4569.2 1 1
blue-admin.com/manager/consumer.go:13.48,15.4 1 0
blue-admin.com/manager/consumer.go:19.22,22.2 2 0
blue-admin.com/manager/consumer.go:24.13,27.2 1 1
blue-admin.com/manager/devfiber.go:45.48,47.15 1 0
blue-admin.com/manager/devfiber.go:48.12,49.21 1 0
blue-admin.com/manager/devfiber.go:50.12,51.19 1 0
blue-admin.com/manager/devfiber.go:61.44,66.35 4 1
blue-admin.com/manager/devfiber.go:66.35,68.3 1 1
blue-admin.com/manager/devfiber.go:69.2,71.12 3 1
blue-admin.com/manager/devfiber.go:74.47,76.16 2 1
blue-admin.com/manager/devfiber.go:76.16,82.3 1 0
blue-admin.com/manager/devfiber.go:84.2,85.19 2 1
blue-admin.com/manager/devfiber.go:88.39,90.2 1 1
blue-admin.com/manager/devfiber.go:92.28,95.19 2 0
blue-admin.com/manager/devfiber.go:95.19,97.3 1 0
blue-admin.com/manager/devfiber.go:99.2,103.15 3 0
blue-admin.com/manager/devfiber.go:103.15,104.59 1 0
blue-admin.com/manager/devfiber.go:104.59,106.4 1 0
blue-admin.com/manager/devfiber.go:110.2,116.16 4 0
blue-admin.com/manager/devfiber.go:116.16,118.13 2 0
blue-admin.com/manager/devfiber.go:122.2,135.55 4 0
blue-admin.com/manager/devfiber.go:135.55,140.26 3 0
blue-admin.com/manager/devfiber.go:140.26,142.5 1 0
blue-admin.com/manager/devfiber.go:144.4,145.18 2 0
blue-admin.com/manager/devfiber.go:145.18,148.5 1 0
blue-admin.com/manager/devfiber.go:150.4,150.14 1 0
blue-admin.com/manager/devfiber.go:155.2,194.49 11 0
blue-admin.com/manager/devfiber.go:194.49,196.3 1 0
blue-admin.com/manager/devfiber.go:197.2,197.47 1 0
blue-admin.com/manager/devfiber.go:197.47,199.3 1 0
blue-admin.com/manager/devfiber.go:202.2,211.26 5 0
blue-admin.com/manager/devfiber.go:211.26,213.3 1 0
blue-admin.com/manager/devfiber.go:218.2,218.12 1 0
blue-admin.com/manager/devfiber.go:218.12,221.3 2 0
blue-admin.com/manager/devfiber.go:223.2,232.73 7 0
blue-admin.com/manager/devfiber.go:235.13,239.2 2 1
blue-admin.com/manager/devfiber.go:241.34,340.2 72 1
blue-admin.com/manager/manager.go:22.16,23.42 1 0
blue-admin.com/manager/manager.go:23.42,27.3 2 0
blue-admin.com/manager/migrate.go:15.48,17.4 1 0
blue-admin.com/manager/migrate.go:24.48,26.4 1 0
blue-admin.com/manager/migrate.go:30.21,33.2 2 0
blue-admin.com/manager/migrate.go:35.23,38.2 2 0
blue-admin.com/manager/migrate.go:40.13,43.2 2 1
blue-admin.com/messages/connection.go:13.78,25.16 4 0
blue-admin.com/messages/connection.go:25.16,27.3 1 0
blue-admin.com/messages/connection.go:32.2,33.16 2 0
blue-admin.com/messages/connection.go:33.16,35.3 1 0
blue-admin.com/messages/connection.go:39.2,48.16 2 0
blue-admin.com/messages/connection.go:48.16,52.3 3 0
blue-admin.com/messages/connection.go:53.2,53.33 1 0
blue-admin.com/messages/consumer.go:26.52,29.15 1 0
blue-admin.com/messages/consumer.go:29.15,31.3 1 0
blue-admin.com/messages/consumer.go:42.2,43.16 2 0
blue-admin.com/messages/consumer.go:43.16,46.3 2 0
blue-admin.com/messages/consumer.go:47.2,64.16 4 0
blue-admin.com/messages/consumer.go:64.16,67.3 2 0
blue-admin.com/messages/consumer.go:71.2,71.36 1 0
blue-admin.com/messages/consumer.go:71.36,74.25 2 0
blue-admin.com/messages/consumer.go:74.25,77.20 1 0
blue-admin.com/messages/consumer.go:78.21,81.19 3 0
blue-admin.com/messages/consumer.go:81.19,84.11 3 0
blue-admin.com/messages/consumer.go:86.5,86.18 1 0
blue-admin.com/messages/consumer.go:87.19,91.19 3 0
blue-admin.com/messages/consumer.go:91.19,93.6 1 0
blue-admin.com/messages/consumer.go:96.5,109.81 4 0
blue-admin.com/messages/consumer.go:109.81,111.8 1 0
blue-admin.com/messages/consumer.go:116.5,117.20 2 0
blue-admin.com/messages/consumer.go:117.20,119.6 1 0
blue-admin.com/messages/consumer.go:122.5,128.19 5 0
blue-admin.com/messages/consumer.go:128.19,136.11 7 0
blue-admin.com/messages/consumer.go:139.5,144.15 6 0
blue-admin.com/messages/consumer.go:146.12,147.37 1 0
blue-admin.com/messages/consumer.go:152.2,153.9 2 0
blue-admin.com/messages/publishers.go:12.81,35.16 6 0
blue-admin.com/messages/publishers.go:35.16,38.3 2 0
blue-admin.com/messages/publishers.go:39.2,39.12 1 0
blue-admin.com/messages/publishers.go:42.78,65.16 6 0
blue-admin.com/messages/publishers.go:65.16,68.3 2 0
blue-admin.com/messages/publishers.go:69.2,69.12 1 0
blue-admin.com/models/app.go:19.55,24.2 4 1
blue-admin.com/models/helper.go:18.39,40.2 8 1
blue-admin.com/models/helper.go:42.38,47.176 4 0
blue-admin.com/models/helper.go:47.176,49.3 1 0
blue-admin.com/models/helper.go:51.2,51.34 1 0
blue-admin.com/models/helper.go:51.34,53.40 2 0
blue-admin.com/models/helper.go:53.40,54.42 1 0
blue-admin.com/models/helper.go:54.42,56.5 1 0
blue-admin.com/models/init.go:11.21,15.16 4 1
blue-admin.com/models/init.go:15.16,24.17 1 1
blue-admin.com/models/init.go:24.17,26.4 1 0
blue-admin.com/models/init.go:27.3,27.35 1 1
blue-admin.com/models/init.go:28.8,29.13 1 0
blue-admin.com/models/init.go:33.22,37.16 3 1
blue-admin.com/models/init.go:37.16,52.26 6 1
blue-admin.com/models/init.go:52.26,54.4 1 0
blue-admin.com/models/init.go:55.8,56.13 1 0
blue-admin.com/models/user.go:22.57,28.2 5 1
blue-admin.com/observe/tracer.go:24.44,43.86 8 0
blue-admin.com/observe/tracer.go:43.86,49.41 2 0
blue-admin.com/observe/tracer.go:50.17,57.37 3 0
blue-admin.com/observe/tracer.go:60.2,60.11 1 0
blue-admin.com/observe/tracer.go:63.90,72.2 4 1
blue-admin.com/tests/test_app.go:14.25,18.2 3 1
