mode: set
blue-admin.com/main.go:24.13,26.2 1 0
blue-admin.com/bluerpc/bluerpc.go:14.98,18.2 3 0
blue-admin.com/bluerpc/bluerpc.pb.go:32.28,34.29 2 0
blue-admin.com/bluerpc/bluerpc.pb.go:34.29,38.3 3 0
blue-admin.com/bluerpc/bluerpc.pb.go:41.36,43.2 1 0
blue-admin.com/bluerpc/bluerpc.pb.go:45.34,45.35 0 0
blue-admin.com/bluerpc/bluerpc.pb.go:47.56,49.41 2 0
blue-admin.com/bluerpc/bluerpc.pb.go:49.41,51.34 2 0
blue-admin.com/bluerpc/bluerpc.pb.go:51.34,53.4 1 0
blue-admin.com/bluerpc/bluerpc.pb.go:54.3,54.12 1 0
blue-admin.com/bluerpc/bluerpc.pb.go:56.2,56.24 1 0
blue-admin.com/bluerpc/bluerpc.pb.go:60.47,62.2 1 0
blue-admin.com/bluerpc/bluerpc.pb.go:64.38,65.14 1 0
blue-admin.com/bluerpc/bluerpc.pb.go:65.14,67.3 1 0
blue-admin.com/bluerpc/bluerpc.pb.go:68.2,68.11 1 0
blue-admin.com/bluerpc/bluerpc.pb.go:71.38,72.14 1 0
blue-admin.com/bluerpc/bluerpc.pb.go:72.14,74.3 1 0
blue-admin.com/bluerpc/bluerpc.pb.go:75.2,75.11 1 0
blue-admin.com/bluerpc/bluerpc.pb.go:86.29,88.29 2 0
blue-admin.com/bluerpc/bluerpc.pb.go:88.29,92.3 3 0
blue-admin.com/bluerpc/bluerpc.pb.go:95.37,97.2 1 0
blue-admin.com/bluerpc/bluerpc.pb.go:99.35,99.36 0 0
blue-admin.com/bluerpc/bluerpc.pb.go:101.57,103.41 2 0
blue-admin.com/bluerpc/bluerpc.pb.go:103.41,105.34 2 0
blue-admin.com/bluerpc/bluerpc.pb.go:105.34,107.4 1 0
blue-admin.com/bluerpc/bluerpc.pb.go:108.3,108.12 1 0
blue-admin.com/bluerpc/bluerpc.pb.go:110.2,110.24 1 0
blue-admin.com/bluerpc/bluerpc.pb.go:114.48,116.2 1 0
blue-admin.com/bluerpc/bluerpc.pb.go:118.39,119.14 1 0
blue-admin.com/bluerpc/bluerpc.pb.go:119.14,121.3 1 0
blue-admin.com/bluerpc/bluerpc.pb.go:122.2,122.11 1 0
blue-admin.com/bluerpc/bluerpc.pb.go:147.54,148.51 1 0
blue-admin.com/bluerpc/bluerpc.pb.go:148.51,150.3 1 0
blue-admin.com/bluerpc/bluerpc.pb.go:151.2,151.47 1 0
blue-admin.com/bluerpc/bluerpc.pb.go:169.13,169.50 1 0
blue-admin.com/bluerpc/bluerpc.pb.go:170.40,171.39 1 0
blue-admin.com/bluerpc/bluerpc.pb.go:171.39,173.3 1 0
blue-admin.com/bluerpc/bluerpc.pb.go:174.2,174.30 1 0
blue-admin.com/bluerpc/bluerpc.pb.go:174.30,175.92 1 0
blue-admin.com/bluerpc/bluerpc.pb.go:175.92,176.33 1 0
blue-admin.com/bluerpc/bluerpc.pb.go:177.11,178.20 1 0
blue-admin.com/bluerpc/bluerpc.pb.go:179.11,180.24 1 0
blue-admin.com/bluerpc/bluerpc.pb.go:181.11,182.28 1 0
blue-admin.com/bluerpc/bluerpc.pb.go:183.12,184.15 1 0
blue-admin.com/bluerpc/bluerpc.pb.go:187.3,187.92 1 0
blue-admin.com/bluerpc/bluerpc.pb.go:187.92,188.34 1 0
blue-admin.com/bluerpc/bluerpc.pb.go:189.11,190.20 1 0
blue-admin.com/bluerpc/bluerpc.pb.go:191.11,192.24 1 0
blue-admin.com/bluerpc/bluerpc.pb.go:193.11,194.28 1 0
blue-admin.com/bluerpc/bluerpc.pb.go:195.12,196.15 1 0
blue-admin.com/bluerpc/bluerpc.pb.go:200.2,217.42 6 0
blue-admin.com/bluerpc/bluerpc_grpc.pb.go:36.74,38.2 1 0
blue-admin.com/bluerpc/bluerpc_grpc.pb.go:40.117,43.16 3 0
blue-admin.com/bluerpc/bluerpc_grpc.pb.go:43.16,45.3 1 0
blue-admin.com/bluerpc/bluerpc_grpc.pb.go:46.2,46.17 1 0
blue-admin.com/bluerpc/bluerpc_grpc.pb.go:61.95,63.2 1 0
blue-admin.com/bluerpc/bluerpc_grpc.pb.go:64.82,64.83 0 0
blue-admin.com/bluerpc/bluerpc_grpc.pb.go:73.80,75.2 1 0
blue-admin.com/bluerpc/bluerpc_grpc.pb.go:77.164,79.32 2 0
blue-admin.com/bluerpc/bluerpc_grpc.pb.go:79.32,81.3 1 0
blue-admin.com/bluerpc/bluerpc_grpc.pb.go:82.2,82.24 1 0
blue-admin.com/bluerpc/bluerpc_grpc.pb.go:82.24,84.3 1 0
blue-admin.com/bluerpc/bluerpc_grpc.pb.go:85.2,89.77 2 0
blue-admin.com/bluerpc/bluerpc_grpc.pb.go:89.77,91.3 1 0
blue-admin.com/bluerpc/bluerpc_grpc.pb.go:92.2,92.44 1 0
blue-admin.com/database/database.go:22.41,25.17 2 0
blue-admin.com/database/database.go:25.17,27.3 1 0
blue-admin.com/database/database.go:28.2,28.25 1 0
blue-admin.com/database/database.go:31.40,38.16 3 0
blue-admin.com/database/database.go:38.16,41.3 2 0
blue-admin.com/database/database.go:43.2,62.17 7 0
blue-admin.com/database/database.go:63.18,73.17 2 0
blue-admin.com/database/database.go:73.17,74.14 1 0
blue-admin.com/database/database.go:77.3,78.17 2 0
blue-admin.com/database/database.go:78.17,81.4 2 0
blue-admin.com/database/database.go:82.3,85.17 3 0
blue-admin.com/database/database.go:86.16,95.17 3 0
blue-admin.com/database/database.go:95.17,98.4 2 0
blue-admin.com/database/database.go:99.3,101.17 3 0
blue-admin.com/database/database.go:102.15,117.17 3 0
blue-admin.com/database/database.go:117.17,120.4 2 0
blue-admin.com/database/database.go:121.3,123.17 3 0
blue-admin.com/database/database.go:124.10,133.17 3 0
blue-admin.com/database/database.go:133.17,136.4 2 0
blue-admin.com/database/database.go:137.3,139.17 3 0
blue-admin.com/database/database.go:140.10,149.17 3 0
blue-admin.com/database/database.go:149.17,152.4 2 0
blue-admin.com/database/database.go:153.3,155.17 3 0
blue-admin.com/database/database.go:159.2,160.23 2 0
blue-admin.com/configs/configs.go:30.38,33.2 2 0
blue-admin.com/configs/configs.go:42.28,49.16 4 0
blue-admin.com/configs/configs.go:49.16,51.3 1 0
blue-admin.com/configs/configs.go:51.8,53.3 1 0
blue-admin.com/configs/configs.go:57.2,58.35 2 0
blue-admin.com/configs/configs.go:58.35,60.3 1 0
blue-admin.com/configs/configs.go:62.2,62.22 1 0
blue-admin.com/configs/configs.go:62.22,64.3 1 0
blue-admin.com/configs/configs.go:65.2,66.16 2 0
blue-admin.com/configs/configs.go:66.16,68.3 1 0
blue-admin.com/configs/configs.go:68.8,70.3 1 0
blue-admin.com/configs/configs.go:73.44,75.2 1 0
blue-admin.com/configs/configs.go:76.47,78.2 1 0
blue-admin.com/configs/configs.go:87.43,90.40 2 0
blue-admin.com/configs/configs.go:90.40,92.3 1 0
blue-admin.com/configs/configs.go:96.67,97.38 1 0
blue-admin.com/configs/configs.go:97.38,99.3 1 0
blue-admin.com/configs/configs.go:101.2,101.21 1 0
blue-admin.com/configs/configs.go:103.70,104.38 1 0
blue-admin.com/configs/configs.go:104.38,106.3 1 0
blue-admin.com/configs/configs.go:108.2,108.21 1 0
blue-admin.com/bluetasks/logfile.go:8.34,12.16 2 0
blue-admin.com/bluetasks/logfile.go:12.16,15.3 2 0
blue-admin.com/bluetasks/logfile.go:16.2,16.18 1 0
blue-admin.com/bluetasks/tasks..go:16.40,30.26 5 0
blue-admin.com/bluetasks/tasks..go:30.26,33.4 2 0
blue-admin.com/bluetasks/tasks..go:34.17,36.3 1 0
blue-admin.com/bluetasks/tasks..go:39.2,44.26 3 0
blue-admin.com/bluetasks/tasks..go:44.26,49.74 5 0
blue-admin.com/bluetasks/tasks..go:49.74,51.5 1 0
blue-admin.com/bluetasks/tasks..go:53.4,53.75 1 0
blue-admin.com/bluetasks/tasks..go:53.75,55.5 1 0
blue-admin.com/bluetasks/tasks..go:56.4,58.14 3 0
blue-admin.com/bluetasks/tasks..go:60.17,63.3 1 0
blue-admin.com/bluetasks/tasks..go:65.2,65.18 1 0
blue-admin.com/common/common.go:28.161,32.15 2 0
blue-admin.com/common/common.go:32.15,34.3 1 0
blue-admin.com/common/common.go:36.2,40.12 4 0
blue-admin.com/common/common.go:40.12,42.20 2 0
blue-admin.com/common/common.go:42.20,44.4 1 0
blue-admin.com/common/common.go:44.9,46.4 1 0
blue-admin.com/common/common.go:47.3,47.33 1 0
blue-admin.com/common/common.go:51.2,52.12 2 0
blue-admin.com/common/common.go:52.12,53.16 1 0
blue-admin.com/common/common.go:53.16,54.21 1 0
blue-admin.com/common/common.go:54.21,57.5 1 0
blue-admin.com/common/common.go:57.10,60.5 1 0
blue-admin.com/common/common.go:62.4,62.21 1 0
blue-admin.com/common/common.go:63.9,64.21 1 0
blue-admin.com/common/common.go:64.21,67.5 1 0
blue-admin.com/common/common.go:67.10,69.5 1 0
blue-admin.com/common/common.go:71.4,71.31 1 0
blue-admin.com/common/common.go:73.3,73.27 1 0
blue-admin.com/common/common.go:75.2,88.20 5 0
blue-admin.com/common/common.go:91.170,92.15 1 0
blue-admin.com/common/common.go:92.15,94.3 1 0
blue-admin.com/common/common.go:95.2,99.12 4 0
blue-admin.com/common/common.go:99.12,101.20 2 0
blue-admin.com/common/common.go:101.20,103.4 1 0
blue-admin.com/common/common.go:103.9,105.4 1 0
blue-admin.com/common/common.go:106.3,106.33 1 0
blue-admin.com/common/common.go:110.2,111.12 2 0
blue-admin.com/common/common.go:111.12,112.16 1 0
blue-admin.com/common/common.go:112.16,113.21 1 0
blue-admin.com/common/common.go:113.21,115.5 1 0
blue-admin.com/common/common.go:115.10,117.5 1 0
blue-admin.com/common/common.go:118.4,118.21 1 0
blue-admin.com/common/common.go:119.9,120.21 1 0
blue-admin.com/common/common.go:120.21,122.5 1 0
blue-admin.com/common/common.go:122.10,124.5 1 0
blue-admin.com/common/common.go:126.4,126.31 1 0
blue-admin.com/common/common.go:128.3,128.27 1 0
blue-admin.com/common/common.go:131.2,143.20 5 0
blue-admin.com/controllers/app_controller.go:31.38,44.29 6 0
blue-admin.com/controllers/app_controller.go:44.29,50.3 1 0
blue-admin.com/controllers/app_controller.go:53.2,54.16 2 0
blue-admin.com/controllers/app_controller.go:54.16,60.3 1 0
blue-admin.com/controllers/app_controller.go:63.2,63.49 1 0
blue-admin.com/controllers/app_controller.go:77.41,88.16 5 0
blue-admin.com/controllers/app_controller.go:88.16,94.3 1 0
blue-admin.com/controllers/app_controller.go:97.2,99.143 3 0
blue-admin.com/controllers/app_controller.go:99.143,100.51 1 0
blue-admin.com/controllers/app_controller.go:100.51,106.4 1 0
blue-admin.com/controllers/app_controller.go:107.3,111.5 1 0
blue-admin.com/controllers/app_controller.go:115.2,122.4 2 0
blue-admin.com/controllers/app_controller.go:136.45,147.16 5 0
blue-admin.com/controllers/app_controller.go:147.16,153.3 1 0
blue-admin.com/controllers/app_controller.go:156.2,162.97 3 0
blue-admin.com/controllers/app_controller.go:162.97,163.51 1 0
blue-admin.com/controllers/app_controller.go:163.51,169.4 1 0
blue-admin.com/controllers/app_controller.go:170.3,174.5 1 0
blue-admin.com/controllers/app_controller.go:178.2,182.4 1 0
blue-admin.com/controllers/app_controller.go:197.38,213.54 6 0
blue-admin.com/controllers/app_controller.go:213.54,219.3 1 0
blue-admin.com/controllers/app_controller.go:222.2,222.52 1 0
blue-admin.com/controllers/app_controller.go:222.52,228.3 1 0
blue-admin.com/controllers/app_controller.go:231.2,239.46 5 0
blue-admin.com/controllers/app_controller.go:239.46,246.3 2 0
blue-admin.com/controllers/app_controller.go:249.2,256.4 2 0
blue-admin.com/controllers/app_controller.go:272.39,286.16 6 0
blue-admin.com/controllers/app_controller.go:286.16,292.3 1 0
blue-admin.com/controllers/app_controller.go:295.2,296.53 2 0
blue-admin.com/controllers/app_controller.go:296.53,302.3 1 0
blue-admin.com/controllers/app_controller.go:305.2,305.51 1 0
blue-admin.com/controllers/app_controller.go:305.51,311.3 1 0
blue-admin.com/controllers/app_controller.go:314.2,319.80 4 0
blue-admin.com/controllers/app_controller.go:319.80,320.45 1 0
blue-admin.com/controllers/app_controller.go:320.45,328.4 2 0
blue-admin.com/controllers/app_controller.go:330.3,335.5 2 0
blue-admin.com/controllers/app_controller.go:339.2,339.98 1 0
blue-admin.com/controllers/app_controller.go:339.98,346.3 2 0
blue-admin.com/controllers/app_controller.go:349.2,353.4 1 0
blue-admin.com/controllers/app_controller.go:368.40,382.16 6 0
blue-admin.com/controllers/app_controller.go:382.16,388.3 1 0
blue-admin.com/controllers/app_controller.go:391.2,394.65 2 0
blue-admin.com/controllers/app_controller.go:394.65,396.45 2 0
blue-admin.com/controllers/app_controller.go:396.45,402.4 1 0
blue-admin.com/controllers/app_controller.go:403.3,407.5 1 0
blue-admin.com/controllers/app_controller.go:411.2,411.46 1 0
blue-admin.com/controllers/app_controller.go:411.46,418.3 2 0
blue-admin.com/controllers/app_controller.go:421.2,428.4 2 0
blue-admin.com/controllers/app_controller.go:446.42,457.16 5 0
blue-admin.com/controllers/app_controller.go:457.16,463.3 1 0
blue-admin.com/controllers/app_controller.go:466.2,467.120 2 0
blue-admin.com/controllers/app_controller.go:467.120,473.3 1 0
blue-admin.com/controllers/app_controller.go:476.2,478.117 3 0
blue-admin.com/controllers/app_controller.go:478.117,484.3 1 0
blue-admin.com/controllers/app_controller.go:488.2,490.101 2 0
blue-admin.com/controllers/app_controller.go:490.101,497.3 2 0
blue-admin.com/controllers/app_controller.go:498.2,505.4 2 0
blue-admin.com/controllers/app_controller.go:519.45,530.16 5 0
blue-admin.com/controllers/app_controller.go:530.16,536.3 1 0
blue-admin.com/controllers/app_controller.go:539.2,540.120 2 0
blue-admin.com/controllers/app_controller.go:540.120,546.3 1 0
blue-admin.com/controllers/app_controller.go:549.2,551.117 3 0
blue-admin.com/controllers/app_controller.go:551.117,557.3 1 0
blue-admin.com/controllers/app_controller.go:560.2,561.101 2 0
blue-admin.com/controllers/app_controller.go:561.101,568.3 2 0
blue-admin.com/controllers/app_controller.go:569.2,576.4 2 0
blue-admin.com/controllers/app_controller.go:594.42,604.124 5 0
blue-admin.com/controllers/app_controller.go:604.124,610.3 1 0
blue-admin.com/controllers/app_controller.go:612.2,616.4 1 0
blue-admin.com/controllers/dashboard.go:55.50,68.212 7 0
blue-admin.com/controllers/dashboard.go:68.212,74.3 1 0
blue-admin.com/controllers/dashboard.go:75.2,81.4 2 0
blue-admin.com/controllers/dashboard.go:95.55,107.212 7 0
blue-admin.com/controllers/dashboard.go:107.212,113.3 1 0
blue-admin.com/controllers/dashboard.go:115.2,115.34 1 0
blue-admin.com/controllers/dashboard.go:115.34,117.40 2 0
blue-admin.com/controllers/dashboard.go:117.40,118.42 1 0
blue-admin.com/controllers/dashboard.go:118.42,121.5 1 0
blue-admin.com/controllers/dashboard.go:126.2,130.4 1 0
blue-admin.com/controllers/dashboard.go:144.54,156.212 7 0
blue-admin.com/controllers/dashboard.go:156.212,162.3 1 0
blue-admin.com/controllers/dashboard.go:164.2,164.34 1 0
blue-admin.com/controllers/dashboard.go:164.34,166.40 2 0
blue-admin.com/controllers/dashboard.go:166.40,168.4 1 0
blue-admin.com/controllers/dashboard.go:172.2,176.4 1 0
blue-admin.com/controllers/dashboard.go:190.42,202.173 7 0
blue-admin.com/controllers/dashboard.go:202.173,209.3 2 0
blue-admin.com/controllers/dashboard.go:211.2,212.34 2 0
blue-admin.com/controllers/dashboard.go:212.34,213.37 1 0
blue-admin.com/controllers/dashboard.go:213.37,215.4 1 0
blue-admin.com/controllers/dashboard.go:218.2,224.4 3 0
blue-admin.com/controllers/dashboard.go:239.42,250.167 7 0
blue-admin.com/controllers/dashboard.go:250.167,256.3 1 0
blue-admin.com/controllers/dashboard.go:258.2,259.34 2 0
blue-admin.com/controllers/dashboard.go:259.34,261.3 1 0
blue-admin.com/controllers/dashboard.go:262.2,266.4 1 0
blue-admin.com/controllers/dashboard.go:281.49,292.173 7 0
blue-admin.com/controllers/dashboard.go:292.173,298.3 1 0
blue-admin.com/controllers/dashboard.go:299.2,299.34 1 0
blue-admin.com/controllers/dashboard.go:299.34,301.37 2 0
blue-admin.com/controllers/dashboard.go:301.37,303.4 1 0
blue-admin.com/controllers/dashboard.go:305.2,309.4 1 0
blue-admin.com/controllers/email.go:23.40,30.58 3 0
blue-admin.com/controllers/email.go:30.58,36.3 1 0
blue-admin.com/controllers/email.go:39.2,39.56 1 0
blue-admin.com/controllers/email.go:39.56,45.3 1 0
blue-admin.com/controllers/email.go:49.2,49.77 1 0
blue-admin.com/controllers/email.go:49.77,55.3 1 0
blue-admin.com/controllers/email.go:58.2,62.4 1 0
blue-admin.com/controllers/endpoint_controller.go:31.43,44.29 6 0
blue-admin.com/controllers/endpoint_controller.go:44.29,50.3 1 0
blue-admin.com/controllers/endpoint_controller.go:53.2,54.16 2 0
blue-admin.com/controllers/endpoint_controller.go:54.16,60.3 1 0
blue-admin.com/controllers/endpoint_controller.go:63.2,63.49 1 0
blue-admin.com/controllers/endpoint_controller.go:77.46,88.16 5 0
blue-admin.com/controllers/endpoint_controller.go:88.16,94.3 1 0
blue-admin.com/controllers/endpoint_controller.go:97.2,99.153 3 0
blue-admin.com/controllers/endpoint_controller.go:99.153,100.51 1 0
blue-admin.com/controllers/endpoint_controller.go:100.51,106.4 1 0
blue-admin.com/controllers/endpoint_controller.go:107.3,111.5 1 0
blue-admin.com/controllers/endpoint_controller.go:115.2,122.4 2 0
blue-admin.com/controllers/endpoint_controller.go:137.43,153.59 6 0
blue-admin.com/controllers/endpoint_controller.go:153.59,159.3 1 0
blue-admin.com/controllers/endpoint_controller.go:162.2,162.57 1 0
blue-admin.com/controllers/endpoint_controller.go:162.57,168.3 1 0
blue-admin.com/controllers/endpoint_controller.go:171.2,179.51 5 0
blue-admin.com/controllers/endpoint_controller.go:179.51,186.3 2 0
blue-admin.com/controllers/endpoint_controller.go:189.2,196.4 2 0
blue-admin.com/controllers/endpoint_controller.go:212.44,226.16 6 0
blue-admin.com/controllers/endpoint_controller.go:226.16,232.3 1 0
blue-admin.com/controllers/endpoint_controller.go:235.2,236.58 2 0
blue-admin.com/controllers/endpoint_controller.go:236.58,242.3 1 0
blue-admin.com/controllers/endpoint_controller.go:245.2,245.56 1 0
blue-admin.com/controllers/endpoint_controller.go:245.56,251.3 1 0
blue-admin.com/controllers/endpoint_controller.go:254.2,258.97 3 0
blue-admin.com/controllers/endpoint_controller.go:258.97,259.45 1 0
blue-admin.com/controllers/endpoint_controller.go:259.45,267.4 2 0
blue-admin.com/controllers/endpoint_controller.go:269.3,274.5 2 0
blue-admin.com/controllers/endpoint_controller.go:278.2,278.108 1 0
blue-admin.com/controllers/endpoint_controller.go:278.108,285.3 2 0
blue-admin.com/controllers/endpoint_controller.go:288.2,292.4 1 0
blue-admin.com/controllers/endpoint_controller.go:307.45,321.16 6 0
blue-admin.com/controllers/endpoint_controller.go:321.16,327.3 1 0
blue-admin.com/controllers/endpoint_controller.go:330.2,333.70 2 0
blue-admin.com/controllers/endpoint_controller.go:333.70,335.45 2 0
blue-admin.com/controllers/endpoint_controller.go:335.45,341.4 1 0
blue-admin.com/controllers/endpoint_controller.go:342.3,346.5 1 0
blue-admin.com/controllers/endpoint_controller.go:350.2,350.51 1 0
blue-admin.com/controllers/endpoint_controller.go:350.51,357.3 2 0
blue-admin.com/controllers/endpoint_controller.go:360.2,367.4 2 0
blue-admin.com/controllers/endpoint_controller.go:389.47,398.107 5 0
blue-admin.com/controllers/endpoint_controller.go:398.107,404.3 1 0
blue-admin.com/controllers/endpoint_controller.go:406.2,410.4 1 0
blue-admin.com/controllers/feature_controller.go:31.42,44.29 6 0
blue-admin.com/controllers/feature_controller.go:44.29,50.3 1 0
blue-admin.com/controllers/feature_controller.go:53.2,54.16 2 0
blue-admin.com/controllers/feature_controller.go:54.16,60.3 1 0
blue-admin.com/controllers/feature_controller.go:63.2,63.49 1 0
blue-admin.com/controllers/feature_controller.go:77.45,88.16 5 0
blue-admin.com/controllers/feature_controller.go:88.16,94.3 1 0
blue-admin.com/controllers/feature_controller.go:97.2,99.151 3 0
blue-admin.com/controllers/feature_controller.go:99.151,100.51 1 0
blue-admin.com/controllers/feature_controller.go:100.51,106.4 1 0
blue-admin.com/controllers/feature_controller.go:107.3,111.5 1 0
blue-admin.com/controllers/feature_controller.go:115.2,122.4 2 0
blue-admin.com/controllers/feature_controller.go:137.42,153.58 6 0
blue-admin.com/controllers/feature_controller.go:153.58,159.3 1 0
blue-admin.com/controllers/feature_controller.go:162.2,162.56 1 0
blue-admin.com/controllers/feature_controller.go:162.56,168.3 1 0
blue-admin.com/controllers/feature_controller.go:171.2,179.50 5 0
blue-admin.com/controllers/feature_controller.go:179.50,186.3 2 0
blue-admin.com/controllers/feature_controller.go:189.2,196.4 2 0
blue-admin.com/controllers/feature_controller.go:212.43,226.16 6 0
blue-admin.com/controllers/feature_controller.go:226.16,232.3 1 0
blue-admin.com/controllers/feature_controller.go:235.2,236.57 2 0
blue-admin.com/controllers/feature_controller.go:236.57,242.3 1 0
blue-admin.com/controllers/feature_controller.go:245.2,245.55 1 0
blue-admin.com/controllers/feature_controller.go:245.55,251.3 1 0
blue-admin.com/controllers/feature_controller.go:254.2,257.96 3 0
blue-admin.com/controllers/feature_controller.go:257.96,258.45 1 0
blue-admin.com/controllers/feature_controller.go:258.45,266.4 2 0
blue-admin.com/controllers/feature_controller.go:268.3,273.5 2 0
blue-admin.com/controllers/feature_controller.go:277.2,277.106 1 0
blue-admin.com/controllers/feature_controller.go:277.106,284.3 2 0
blue-admin.com/controllers/feature_controller.go:287.2,291.4 1 0
blue-admin.com/controllers/feature_controller.go:306.44,320.16 6 0
blue-admin.com/controllers/feature_controller.go:320.16,326.3 1 0
blue-admin.com/controllers/feature_controller.go:329.2,332.69 2 0
blue-admin.com/controllers/feature_controller.go:332.69,334.45 2 0
blue-admin.com/controllers/feature_controller.go:334.45,340.4 1 0
blue-admin.com/controllers/feature_controller.go:341.3,345.5 1 0
blue-admin.com/controllers/feature_controller.go:349.2,349.50 1 0
blue-admin.com/controllers/feature_controller.go:349.50,356.3 2 0
blue-admin.com/controllers/feature_controller.go:359.2,366.4 2 0
blue-admin.com/controllers/feature_controller.go:384.50,395.16 5 0
blue-admin.com/controllers/feature_controller.go:395.16,401.3 1 0
blue-admin.com/controllers/feature_controller.go:404.2,405.132 2 0
blue-admin.com/controllers/feature_controller.go:405.132,411.3 1 0
blue-admin.com/controllers/feature_controller.go:414.2,416.129 3 0
blue-admin.com/controllers/feature_controller.go:416.129,422.3 1 0
blue-admin.com/controllers/feature_controller.go:426.2,428.113 2 0
blue-admin.com/controllers/feature_controller.go:428.113,435.3 2 0
blue-admin.com/controllers/feature_controller.go:436.2,443.4 2 0
blue-admin.com/controllers/feature_controller.go:457.53,468.16 5 0
blue-admin.com/controllers/feature_controller.go:468.16,474.3 1 0
blue-admin.com/controllers/feature_controller.go:477.2,478.132 2 0
blue-admin.com/controllers/feature_controller.go:478.132,484.3 1 0
blue-admin.com/controllers/feature_controller.go:487.2,489.129 3 0
blue-admin.com/controllers/feature_controller.go:489.129,495.3 1 0
blue-admin.com/controllers/feature_controller.go:498.2,499.113 2 0
blue-admin.com/controllers/feature_controller.go:499.113,506.3 2 0
blue-admin.com/controllers/feature_controller.go:507.2,514.4 2 0
blue-admin.com/controllers/feature_controller.go:532.46,541.132 5 0
blue-admin.com/controllers/feature_controller.go:541.132,547.3 1 0
blue-admin.com/controllers/feature_controller.go:549.2,553.4 1 0
blue-admin.com/controllers/feature_controller.go:568.56,579.16 5 0
blue-admin.com/controllers/feature_controller.go:579.16,585.3 1 0
blue-admin.com/controllers/feature_controller.go:587.2,591.129 4 0
blue-admin.com/controllers/feature_controller.go:591.129,598.3 2 0
blue-admin.com/controllers/feature_controller.go:599.2,600.21 2 0
blue-admin.com/controllers/feature_controller.go:600.21,609.3 2 0
blue-admin.com/controllers/feature_controller.go:612.2,616.4 1 0
blue-admin.com/controllers/jwtsalt_controller.go:25.42,36.118 5 0
blue-admin.com/controllers/jwtsalt_controller.go:36.118,37.51 1 0
blue-admin.com/controllers/jwtsalt_controller.go:37.51,43.4 1 0
blue-admin.com/controllers/jwtsalt_controller.go:44.3,48.5 1 0
blue-admin.com/controllers/jwtsalt_controller.go:53.2,57.4 1 0
blue-admin.com/controllers/login.go:42.40,56.62 6 0
blue-admin.com/controllers/login.go:56.62,62.3 1 0
blue-admin.com/controllers/login.go:65.2,65.60 1 0
blue-admin.com/controllers/login.go:65.60,71.3 1 0
blue-admin.com/controllers/login.go:72.2,72.38 1 0
blue-admin.com/controllers/login.go:73.28,76.23 3 0
blue-admin.com/controllers/login.go:76.23,82.4 1 0
blue-admin.com/controllers/login.go:82.9,82.78 1 0
blue-admin.com/controllers/login.go:82.78,84.37 2 0
blue-admin.com/controllers/login.go:84.37,87.5 1 0
blue-admin.com/controllers/login.go:88.4,100.6 4 0
blue-admin.com/controllers/login.go:101.9,107.4 1 0
blue-admin.com/controllers/login.go:109.23,114.17 5 0
blue-admin.com/controllers/login.go:114.17,127.4 4 0
blue-admin.com/controllers/login.go:129.3,133.5 1 0
blue-admin.com/controllers/login.go:134.22,137.17 2 0
blue-admin.com/controllers/login.go:137.17,143.4 1 0
blue-admin.com/controllers/login.go:144.3,148.5 1 0
blue-admin.com/controllers/login.go:149.10,154.5 1 0
blue-admin.com/controllers/login.go:169.41,173.17 2 0
blue-admin.com/controllers/login.go:173.17,179.3 1 0
blue-admin.com/controllers/login.go:182.2,184.16 2 0
blue-admin.com/controllers/login.go:184.16,190.3 1 0
blue-admin.com/controllers/login.go:193.2,197.4 1 0
blue-admin.com/controllers/page_controller.go:31.39,44.29 6 0
blue-admin.com/controllers/page_controller.go:44.29,50.3 1 0
blue-admin.com/controllers/page_controller.go:53.2,54.16 2 0
blue-admin.com/controllers/page_controller.go:54.16,60.3 1 0
blue-admin.com/controllers/page_controller.go:63.2,63.49 1 0
blue-admin.com/controllers/page_controller.go:77.42,88.16 5 0
blue-admin.com/controllers/page_controller.go:88.16,94.3 1 0
blue-admin.com/controllers/page_controller.go:97.2,99.145 3 0
blue-admin.com/controllers/page_controller.go:99.145,100.51 1 0
blue-admin.com/controllers/page_controller.go:100.51,106.4 1 0
blue-admin.com/controllers/page_controller.go:107.3,111.5 1 0
blue-admin.com/controllers/page_controller.go:115.2,122.4 2 0
blue-admin.com/controllers/page_controller.go:137.39,153.55 6 0
blue-admin.com/controllers/page_controller.go:153.55,159.3 1 0
blue-admin.com/controllers/page_controller.go:162.2,162.53 1 0
blue-admin.com/controllers/page_controller.go:162.53,168.3 1 0
blue-admin.com/controllers/page_controller.go:171.2,179.47 5 0
blue-admin.com/controllers/page_controller.go:179.47,186.3 2 0
blue-admin.com/controllers/page_controller.go:189.2,196.4 2 0
blue-admin.com/controllers/page_controller.go:212.40,226.16 6 0
blue-admin.com/controllers/page_controller.go:226.16,232.3 1 0
blue-admin.com/controllers/page_controller.go:235.2,236.54 2 0
blue-admin.com/controllers/page_controller.go:236.54,242.3 1 0
blue-admin.com/controllers/page_controller.go:245.2,245.52 1 0
blue-admin.com/controllers/page_controller.go:245.52,251.3 1 0
blue-admin.com/controllers/page_controller.go:254.2,257.93 3 0
blue-admin.com/controllers/page_controller.go:257.93,258.45 1 0
blue-admin.com/controllers/page_controller.go:258.45,266.4 2 0
blue-admin.com/controllers/page_controller.go:268.3,273.5 2 0
blue-admin.com/controllers/page_controller.go:277.2,277.100 1 0
blue-admin.com/controllers/page_controller.go:277.100,284.3 2 0
blue-admin.com/controllers/page_controller.go:287.2,291.4 1 0
blue-admin.com/controllers/page_controller.go:306.41,320.16 6 0
blue-admin.com/controllers/page_controller.go:320.16,326.3 1 0
blue-admin.com/controllers/page_controller.go:329.2,332.66 2 0
blue-admin.com/controllers/page_controller.go:332.66,334.45 2 0
blue-admin.com/controllers/page_controller.go:334.45,340.4 1 0
blue-admin.com/controllers/page_controller.go:341.3,345.5 1 0
blue-admin.com/controllers/page_controller.go:349.2,349.47 1 0
blue-admin.com/controllers/page_controller.go:349.47,356.3 2 0
blue-admin.com/controllers/page_controller.go:359.2,366.4 2 0
blue-admin.com/controllers/page_controller.go:384.43,395.16 5 0
blue-admin.com/controllers/page_controller.go:395.16,401.3 1 0
blue-admin.com/controllers/page_controller.go:404.2,405.16 2 0
blue-admin.com/controllers/page_controller.go:405.16,411.3 1 0
blue-admin.com/controllers/page_controller.go:414.2,415.98 2 0
blue-admin.com/controllers/page_controller.go:415.98,421.3 1 0
blue-admin.com/controllers/page_controller.go:424.2,425.99 2 0
blue-admin.com/controllers/page_controller.go:425.99,431.3 1 0
blue-admin.com/controllers/page_controller.go:433.2,434.102 2 0
blue-admin.com/controllers/page_controller.go:434.102,441.3 2 0
blue-admin.com/controllers/page_controller.go:442.2,449.4 2 0
blue-admin.com/controllers/page_controller.go:465.46,476.32 5 0
blue-admin.com/controllers/page_controller.go:476.32,482.3 1 0
blue-admin.com/controllers/page_controller.go:484.2,485.32 2 0
blue-admin.com/controllers/page_controller.go:485.32,491.3 1 0
blue-admin.com/controllers/page_controller.go:493.2,494.98 2 0
blue-admin.com/controllers/page_controller.go:494.98,500.3 1 0
blue-admin.com/controllers/page_controller.go:503.2,505.98 3 0
blue-admin.com/controllers/page_controller.go:505.98,511.3 1 0
blue-admin.com/controllers/page_controller.go:514.2,515.102 2 0
blue-admin.com/controllers/page_controller.go:515.102,522.3 2 0
blue-admin.com/controllers/page_controller.go:524.2,531.4 2 0
blue-admin.com/controllers/role_controller.go:31.39,44.29 6 0
blue-admin.com/controllers/role_controller.go:44.29,50.3 1 0
blue-admin.com/controllers/role_controller.go:53.2,54.16 2 0
blue-admin.com/controllers/role_controller.go:54.16,60.3 1 0
blue-admin.com/controllers/role_controller.go:63.2,63.49 1 0
blue-admin.com/controllers/role_controller.go:77.42,88.16 5 0
blue-admin.com/controllers/role_controller.go:88.16,94.3 1 0
blue-admin.com/controllers/role_controller.go:97.2,99.145 3 0
blue-admin.com/controllers/role_controller.go:99.145,100.51 1 0
blue-admin.com/controllers/role_controller.go:100.51,106.4 1 0
blue-admin.com/controllers/role_controller.go:107.3,111.5 1 0
blue-admin.com/controllers/role_controller.go:115.2,122.4 2 0
blue-admin.com/controllers/role_controller.go:140.47,150.126 5 0
blue-admin.com/controllers/role_controller.go:150.126,156.3 1 0
blue-admin.com/controllers/role_controller.go:158.2,162.4 1 0
blue-admin.com/controllers/role_controller.go:177.39,193.55 6 0
blue-admin.com/controllers/role_controller.go:193.55,199.3 1 0
blue-admin.com/controllers/role_controller.go:202.2,202.53 1 0
blue-admin.com/controllers/role_controller.go:202.53,208.3 1 0
blue-admin.com/controllers/role_controller.go:211.2,219.47 5 0
blue-admin.com/controllers/role_controller.go:219.47,226.3 2 0
blue-admin.com/controllers/role_controller.go:229.2,236.4 2 0
blue-admin.com/controllers/role_controller.go:252.40,266.16 6 0
blue-admin.com/controllers/role_controller.go:266.16,272.3 1 0
blue-admin.com/controllers/role_controller.go:275.2,276.54 2 0
blue-admin.com/controllers/role_controller.go:276.54,282.3 1 0
blue-admin.com/controllers/role_controller.go:285.2,285.52 1 0
blue-admin.com/controllers/role_controller.go:285.52,291.3 1 0
blue-admin.com/controllers/role_controller.go:294.2,299.82 4 0
blue-admin.com/controllers/role_controller.go:299.82,300.45 1 0
blue-admin.com/controllers/role_controller.go:300.45,308.4 2 0
blue-admin.com/controllers/role_controller.go:310.3,315.5 2 0
blue-admin.com/controllers/role_controller.go:319.2,319.100 1 0
blue-admin.com/controllers/role_controller.go:319.100,326.3 2 0
blue-admin.com/controllers/role_controller.go:329.2,333.4 1 0
blue-admin.com/controllers/role_controller.go:348.41,362.16 6 0
blue-admin.com/controllers/role_controller.go:362.16,368.3 1 0
blue-admin.com/controllers/role_controller.go:371.2,374.93 2 0
blue-admin.com/controllers/role_controller.go:374.93,376.45 2 0
blue-admin.com/controllers/role_controller.go:376.45,382.4 1 0
blue-admin.com/controllers/role_controller.go:383.3,387.5 1 0
blue-admin.com/controllers/role_controller.go:391.2,391.74 1 0
blue-admin.com/controllers/role_controller.go:391.74,398.3 2 0
blue-admin.com/controllers/role_controller.go:401.2,408.4 2 0
blue-admin.com/controllers/role_controller.go:426.43,437.16 5 0
blue-admin.com/controllers/role_controller.go:437.16,443.3 1 0
blue-admin.com/controllers/role_controller.go:446.2,447.16 2 0
blue-admin.com/controllers/role_controller.go:447.16,453.3 1 0
blue-admin.com/controllers/role_controller.go:456.2,457.98 2 0
blue-admin.com/controllers/role_controller.go:457.98,463.3 1 0
blue-admin.com/controllers/role_controller.go:466.2,467.98 2 0
blue-admin.com/controllers/role_controller.go:467.98,473.3 1 0
blue-admin.com/controllers/role_controller.go:475.2,476.102 2 0
blue-admin.com/controllers/role_controller.go:476.102,483.3 2 0
blue-admin.com/controllers/role_controller.go:484.2,491.4 2 0
blue-admin.com/controllers/role_controller.go:507.46,518.32 5 0
blue-admin.com/controllers/role_controller.go:518.32,524.3 1 0
blue-admin.com/controllers/role_controller.go:526.2,527.32 2 0
blue-admin.com/controllers/role_controller.go:527.32,533.3 1 0
blue-admin.com/controllers/role_controller.go:535.2,536.98 2 0
blue-admin.com/controllers/role_controller.go:536.98,542.3 1 0
blue-admin.com/controllers/role_controller.go:545.2,546.98 2 0
blue-admin.com/controllers/role_controller.go:546.98,552.3 1 0
blue-admin.com/controllers/role_controller.go:555.2,556.102 2 0
blue-admin.com/controllers/role_controller.go:556.102,563.3 2 0
blue-admin.com/controllers/role_controller.go:565.2,572.4 2 0
blue-admin.com/controllers/role_controller.go:586.46,597.16 5 0
blue-admin.com/controllers/role_controller.go:597.16,603.3 1 0
blue-admin.com/controllers/role_controller.go:606.2,607.129 2 0
blue-admin.com/controllers/role_controller.go:607.129,613.3 1 0
blue-admin.com/controllers/role_controller.go:616.2,618.120 3 0
blue-admin.com/controllers/role_controller.go:618.120,624.3 1 0
blue-admin.com/controllers/role_controller.go:628.2,630.108 2 0
blue-admin.com/controllers/role_controller.go:630.108,637.3 2 0
blue-admin.com/controllers/role_controller.go:638.2,645.4 2 0
blue-admin.com/controllers/role_controller.go:659.49,670.16 5 0
blue-admin.com/controllers/role_controller.go:670.16,676.3 1 0
blue-admin.com/controllers/role_controller.go:679.2,680.129 2 0
blue-admin.com/controllers/role_controller.go:680.129,686.3 1 0
blue-admin.com/controllers/role_controller.go:689.2,691.120 3 0
blue-admin.com/controllers/role_controller.go:691.120,697.3 1 0
blue-admin.com/controllers/role_controller.go:700.2,701.108 2 0
blue-admin.com/controllers/role_controller.go:701.108,708.3 2 0
blue-admin.com/controllers/role_controller.go:709.2,716.4 2 0
blue-admin.com/controllers/role_controller.go:731.54,741.16 5 0
blue-admin.com/controllers/role_controller.go:741.16,747.3 1 0
blue-admin.com/controllers/role_controller.go:749.2,753.94 4 0
blue-admin.com/controllers/role_controller.go:753.94,760.3 2 0
blue-admin.com/controllers/role_controller.go:761.2,764.18 3 0
blue-admin.com/controllers/role_controller.go:764.18,772.3 2 0
blue-admin.com/controllers/role_controller.go:774.2,778.4 1 0
blue-admin.com/controllers/role_controller.go:797.49,808.209 7 0
blue-admin.com/controllers/role_controller.go:808.209,814.3 1 0
blue-admin.com/controllers/role_controller.go:816.2,816.32 1 0
blue-admin.com/controllers/role_controller.go:816.32,817.43 1 0
blue-admin.com/controllers/role_controller.go:817.43,818.47 1 0
blue-admin.com/controllers/role_controller.go:818.47,821.5 2 0
blue-admin.com/controllers/role_controller.go:825.2,829.4 1 0
blue-admin.com/controllers/user_controller.go:32.39,46.29 6 0
blue-admin.com/controllers/user_controller.go:46.29,52.3 1 0
blue-admin.com/controllers/user_controller.go:55.2,56.16 2 0
blue-admin.com/controllers/user_controller.go:56.16,62.3 1 0
blue-admin.com/controllers/user_controller.go:65.2,65.49 1 0
blue-admin.com/controllers/user_controller.go:82.42,97.47 7 0
blue-admin.com/controllers/user_controller.go:97.47,103.3 1 0
blue-admin.com/controllers/user_controller.go:107.2,115.116 3 0
blue-admin.com/controllers/user_controller.go:115.116,121.3 1 0
blue-admin.com/controllers/user_controller.go:124.2,128.4 1 0
blue-admin.com/controllers/user_controller.go:142.42,153.16 5 0
blue-admin.com/controllers/user_controller.go:153.16,159.3 1 0
blue-admin.com/controllers/user_controller.go:162.2,164.145 3 0
blue-admin.com/controllers/user_controller.go:164.145,165.51 1 0
blue-admin.com/controllers/user_controller.go:165.51,171.4 1 0
blue-admin.com/controllers/user_controller.go:172.3,176.5 1 0
blue-admin.com/controllers/user_controller.go:180.2,187.4 2 0
blue-admin.com/controllers/user_controller.go:202.45,213.16 5 0
blue-admin.com/controllers/user_controller.go:213.16,219.3 1 0
blue-admin.com/controllers/user_controller.go:221.2,222.20 2 0
blue-admin.com/controllers/user_controller.go:222.20,228.3 1 0
blue-admin.com/controllers/user_controller.go:231.2,239.109 3 0
blue-admin.com/controllers/user_controller.go:239.109,240.51 1 0
blue-admin.com/controllers/user_controller.go:240.51,246.4 1 0
blue-admin.com/controllers/user_controller.go:247.3,251.5 1 0
blue-admin.com/controllers/user_controller.go:255.2,259.4 1 0
blue-admin.com/controllers/user_controller.go:274.44,285.21 5 0
blue-admin.com/controllers/user_controller.go:285.21,291.3 1 0
blue-admin.com/controllers/user_controller.go:294.2,295.20 2 0
blue-admin.com/controllers/user_controller.go:295.20,301.3 1 0
blue-admin.com/controllers/user_controller.go:304.2,312.116 3 0
blue-admin.com/controllers/user_controller.go:312.116,313.51 1 0
blue-admin.com/controllers/user_controller.go:313.51,319.4 1 0
blue-admin.com/controllers/user_controller.go:320.3,324.5 1 0
blue-admin.com/controllers/user_controller.go:328.2,332.4 1 0
blue-admin.com/controllers/user_controller.go:347.39,362.55 6 0
blue-admin.com/controllers/user_controller.go:362.55,368.3 1 0
blue-admin.com/controllers/user_controller.go:371.2,371.53 1 0
blue-admin.com/controllers/user_controller.go:371.53,377.3 1 0
blue-admin.com/controllers/user_controller.go:380.2,387.47 5 0
blue-admin.com/controllers/user_controller.go:387.47,394.3 2 0
blue-admin.com/controllers/user_controller.go:397.2,407.4 4 0
blue-admin.com/controllers/user_controller.go:423.40,437.16 6 0
blue-admin.com/controllers/user_controller.go:437.16,443.3 1 0
blue-admin.com/controllers/user_controller.go:446.2,447.54 2 0
blue-admin.com/controllers/user_controller.go:447.54,453.3 1 0
blue-admin.com/controllers/user_controller.go:456.2,456.52 1 0
blue-admin.com/controllers/user_controller.go:456.52,462.3 1 0
blue-admin.com/controllers/user_controller.go:465.2,468.94 3 0
blue-admin.com/controllers/user_controller.go:468.94,469.45 1 0
blue-admin.com/controllers/user_controller.go:469.45,477.4 2 0
blue-admin.com/controllers/user_controller.go:479.3,484.5 2 0
blue-admin.com/controllers/user_controller.go:488.2,488.100 1 0
blue-admin.com/controllers/user_controller.go:488.100,495.3 2 0
blue-admin.com/controllers/user_controller.go:498.2,502.4 1 0
blue-admin.com/controllers/user_controller.go:517.41,531.16 6 0
blue-admin.com/controllers/user_controller.go:531.16,537.3 1 0
blue-admin.com/controllers/user_controller.go:540.2,543.93 2 0
blue-admin.com/controllers/user_controller.go:543.93,545.45 2 0
blue-admin.com/controllers/user_controller.go:545.45,551.4 1 0
blue-admin.com/controllers/user_controller.go:552.3,556.5 1 0
blue-admin.com/controllers/user_controller.go:560.2,560.74 1 0
blue-admin.com/controllers/user_controller.go:560.74,567.3 2 0
blue-admin.com/controllers/user_controller.go:570.2,577.4 2 0
blue-admin.com/controllers/user_controller.go:593.44,607.16 6 0
blue-admin.com/controllers/user_controller.go:607.16,613.3 1 0
blue-admin.com/controllers/user_controller.go:616.2,617.20 2 0
blue-admin.com/controllers/user_controller.go:617.20,623.3 1 0
blue-admin.com/controllers/user_controller.go:626.2,635.104 3 0
blue-admin.com/controllers/user_controller.go:635.104,637.45 2 0
blue-admin.com/controllers/user_controller.go:637.45,643.4 1 0
blue-admin.com/controllers/user_controller.go:644.3,648.5 1 0
blue-admin.com/controllers/user_controller.go:652.2,652.74 1 0
blue-admin.com/controllers/user_controller.go:652.74,659.3 2 0
blue-admin.com/controllers/user_controller.go:662.2,669.4 2 0
blue-admin.com/controllers/user_controller.go:687.43,698.16 5 0
blue-admin.com/controllers/user_controller.go:698.16,704.3 1 0
blue-admin.com/controllers/user_controller.go:707.2,708.16 2 0
blue-admin.com/controllers/user_controller.go:708.16,714.3 1 0
blue-admin.com/controllers/user_controller.go:717.2,719.98 2 0
blue-admin.com/controllers/user_controller.go:719.98,720.45 1 0
blue-admin.com/controllers/user_controller.go:720.45,726.4 1 0
blue-admin.com/controllers/user_controller.go:730.2,732.45 3 0
blue-admin.com/controllers/user_controller.go:732.45,738.3 1 0
blue-admin.com/controllers/user_controller.go:740.2,741.102 2 0
blue-admin.com/controllers/user_controller.go:741.102,748.3 2 0
blue-admin.com/controllers/user_controller.go:749.2,756.4 2 0
blue-admin.com/controllers/user_controller.go:771.47,782.16 5 0
blue-admin.com/controllers/user_controller.go:782.16,788.3 1 0
blue-admin.com/controllers/user_controller.go:791.2,792.16 2 0
blue-admin.com/controllers/user_controller.go:792.16,798.3 1 0
blue-admin.com/controllers/user_controller.go:801.2,802.20 2 0
blue-admin.com/controllers/user_controller.go:802.20,808.3 1 0
blue-admin.com/controllers/user_controller.go:811.2,812.98 2 0
blue-admin.com/controllers/user_controller.go:812.98,813.45 1 0
blue-admin.com/controllers/user_controller.go:813.45,819.4 1 0
blue-admin.com/controllers/user_controller.go:823.2,828.109 3 0
blue-admin.com/controllers/user_controller.go:828.109,834.3 1 0
blue-admin.com/controllers/user_controller.go:836.2,836.18 1 0
blue-admin.com/controllers/user_controller.go:836.18,839.103 2 0
blue-admin.com/controllers/user_controller.go:839.103,846.4 2 0
blue-admin.com/controllers/user_controller.go:847.3,854.5 2 0
blue-admin.com/controllers/user_controller.go:857.2,861.4 1 0
blue-admin.com/controllers/user_controller.go:877.46,888.32 5 0
blue-admin.com/controllers/user_controller.go:888.32,894.3 1 0
blue-admin.com/controllers/user_controller.go:896.2,897.32 2 0
blue-admin.com/controllers/user_controller.go:897.32,903.3 1 0
blue-admin.com/controllers/user_controller.go:906.2,907.98 2 0
blue-admin.com/controllers/user_controller.go:907.98,908.45 1 0
blue-admin.com/controllers/user_controller.go:908.45,914.4 1 0
blue-admin.com/controllers/user_controller.go:918.2,919.98 2 0
blue-admin.com/controllers/user_controller.go:919.98,925.3 1 0
blue-admin.com/controllers/user_controller.go:928.2,929.102 2 0
blue-admin.com/controllers/user_controller.go:929.102,936.3 2 0
blue-admin.com/controllers/user_controller.go:938.2,945.4 2 0
blue-admin.com/controllers/user_controller.go:962.49,973.32 5 0
blue-admin.com/controllers/user_controller.go:973.32,979.3 1 0
blue-admin.com/controllers/user_controller.go:981.2,982.32 2 0
blue-admin.com/controllers/user_controller.go:982.32,988.3 1 0
blue-admin.com/controllers/user_controller.go:991.2,992.98 2 0
blue-admin.com/controllers/user_controller.go:992.98,993.45 1 0
blue-admin.com/controllers/user_controller.go:993.45,999.4 1 0
blue-admin.com/controllers/user_controller.go:1003.2,1004.20 2 0
blue-admin.com/controllers/user_controller.go:1004.20,1010.3 1 0
blue-admin.com/controllers/user_controller.go:1014.2,1019.109 3 0
blue-admin.com/controllers/user_controller.go:1019.109,1025.3 1 0
blue-admin.com/controllers/user_controller.go:1027.2,1027.18 1 0
blue-admin.com/controllers/user_controller.go:1027.18,1031.103 2 0
blue-admin.com/controllers/user_controller.go:1031.103,1038.4 2 0
blue-admin.com/controllers/user_controller.go:1040.3,1047.5 2 0
blue-admin.com/controllers/user_controller.go:1051.2,1055.4 1 0
blue-admin.com/controllers/user_controller.go:1070.53,1080.16 5 0
blue-admin.com/controllers/user_controller.go:1080.16,1086.3 1 0
blue-admin.com/controllers/user_controller.go:1089.2,1095.98 4 0
blue-admin.com/controllers/user_controller.go:1095.98,1102.3 2 0
blue-admin.com/controllers/user_controller.go:1104.2,1108.18 4 0
blue-admin.com/controllers/user_controller.go:1108.18,1117.3 3 0
blue-admin.com/controllers/user_controller.go:1120.2,1124.4 1 0
blue-admin.com/controllers/user_controller.go:1144.45,1158.54 7 0
blue-admin.com/controllers/user_controller.go:1158.54,1164.3 1 0
blue-admin.com/controllers/user_controller.go:1166.2,1166.52 1 0
blue-admin.com/controllers/user_controller.go:1166.52,1172.3 1 0
blue-admin.com/controllers/user_controller.go:1175.2,1176.125 2 0
blue-admin.com/controllers/user_controller.go:1176.125,1183.3 1 0
blue-admin.com/controllers/user_controller.go:1185.2,1187.21 2 0
blue-admin.com/controllers/user_controller.go:1187.21,1190.103 3 0
blue-admin.com/controllers/user_controller.go:1190.103,1197.4 2 0
blue-admin.com/controllers/user_controller.go:1198.3,1198.14 1 0
blue-admin.com/controllers/user_controller.go:1199.8,1202.103 3 0
blue-admin.com/controllers/user_controller.go:1202.103,1209.4 2 0
blue-admin.com/controllers/user_controller.go:1210.3,1210.14 1 0
blue-admin.com/controllers/user_controller.go:1213.2,1219.4 2 0
blue-admin.com/docs/docs.go:4567.13,4569.2 1 0
blue-admin.com/models/app.go:19.55,24.2 4 0
blue-admin.com/models/helper.go:18.39,40.2 8 0
blue-admin.com/models/helper.go:42.38,47.176 4 0
blue-admin.com/models/helper.go:47.176,49.3 1 0
blue-admin.com/models/helper.go:51.2,51.34 1 0
blue-admin.com/models/helper.go:51.34,53.40 2 0
blue-admin.com/models/helper.go:53.40,54.42 1 0
blue-admin.com/models/helper.go:54.42,56.5 1 0
blue-admin.com/models/init.go:11.21,15.16 4 0
blue-admin.com/models/init.go:15.16,24.17 1 0
blue-admin.com/models/init.go:24.17,26.4 1 0
blue-admin.com/models/init.go:27.3,27.35 1 0
blue-admin.com/models/init.go:28.8,29.13 1 0
blue-admin.com/models/init.go:33.22,37.16 3 0
blue-admin.com/models/init.go:37.16,52.26 6 0
blue-admin.com/models/init.go:52.26,54.4 1 0
blue-admin.com/models/init.go:55.8,56.13 1 0
blue-admin.com/models/user.go:22.57,28.2 5 0
blue-admin.com/messages/connection.go:13.78,25.16 4 0
blue-admin.com/messages/connection.go:25.16,27.3 1 0
blue-admin.com/messages/connection.go:32.2,33.16 2 0
blue-admin.com/messages/connection.go:33.16,35.3 1 0
blue-admin.com/messages/connection.go:39.2,48.16 2 0
blue-admin.com/messages/connection.go:48.16,52.3 3 0
blue-admin.com/messages/connection.go:53.2,53.33 1 0
blue-admin.com/messages/consumer.go:26.52,29.15 1 0
blue-admin.com/messages/consumer.go:29.15,31.3 1 0
blue-admin.com/messages/consumer.go:42.2,43.16 2 0
blue-admin.com/messages/consumer.go:43.16,46.3 2 0
blue-admin.com/messages/consumer.go:47.2,64.16 4 0
blue-admin.com/messages/consumer.go:64.16,67.3 2 0
blue-admin.com/messages/consumer.go:71.2,71.36 1 0
blue-admin.com/messages/consumer.go:71.36,74.25 2 0
blue-admin.com/messages/consumer.go:74.25,77.20 1 0
blue-admin.com/messages/consumer.go:78.21,81.19 3 0
blue-admin.com/messages/consumer.go:81.19,84.11 3 0
blue-admin.com/messages/consumer.go:86.5,86.18 1 0
blue-admin.com/messages/consumer.go:87.19,91.19 3 0
blue-admin.com/messages/consumer.go:91.19,93.6 1 0
blue-admin.com/messages/consumer.go:96.5,109.81 4 0
blue-admin.com/messages/consumer.go:109.81,111.8 1 0
blue-admin.com/messages/consumer.go:116.5,117.20 2 0
blue-admin.com/messages/consumer.go:117.20,119.6 1 0
blue-admin.com/messages/consumer.go:122.5,128.19 5 0
blue-admin.com/messages/consumer.go:128.19,136.11 7 0
blue-admin.com/messages/consumer.go:139.5,144.15 6 0
blue-admin.com/messages/consumer.go:146.12,147.37 1 0
blue-admin.com/messages/consumer.go:152.2,153.9 2 0
blue-admin.com/messages/publishers.go:12.81,35.16 6 0
blue-admin.com/messages/publishers.go:35.16,38.3 2 0
blue-admin.com/messages/publishers.go:39.2,39.12 1 0
blue-admin.com/messages/publishers.go:42.78,65.16 6 0
blue-admin.com/messages/publishers.go:65.16,68.3 2 0
blue-admin.com/messages/publishers.go:69.2,69.12 1 0
blue-admin.com/manager/consumer.go:13.48,15.4 1 0
blue-admin.com/manager/consumer.go:19.22,22.2 2 0
blue-admin.com/manager/consumer.go:24.13,27.2 1 0
blue-admin.com/manager/devfiber.go:45.48,47.15 1 0
blue-admin.com/manager/devfiber.go:48.12,49.21 1 0
blue-admin.com/manager/devfiber.go:50.12,51.19 1 0
blue-admin.com/manager/devfiber.go:61.44,66.35 4 0
blue-admin.com/manager/devfiber.go:66.35,68.3 1 0
blue-admin.com/manager/devfiber.go:69.2,71.12 3 0
blue-admin.com/manager/devfiber.go:74.47,76.16 2 0
blue-admin.com/manager/devfiber.go:76.16,82.3 1 0
blue-admin.com/manager/devfiber.go:84.2,85.19 2 0
blue-admin.com/manager/devfiber.go:88.39,90.2 1 0
blue-admin.com/manager/devfiber.go:92.28,95.19 2 0
blue-admin.com/manager/devfiber.go:95.19,97.3 1 0
blue-admin.com/manager/devfiber.go:99.2,103.15 3 0
blue-admin.com/manager/devfiber.go:103.15,104.59 1 0
blue-admin.com/manager/devfiber.go:104.59,106.4 1 0
blue-admin.com/manager/devfiber.go:110.2,116.16 4 0
blue-admin.com/manager/devfiber.go:116.16,118.13 2 0
blue-admin.com/manager/devfiber.go:122.2,134.55 4 0
blue-admin.com/manager/devfiber.go:134.55,139.26 3 0
blue-admin.com/manager/devfiber.go:139.26,141.5 1 0
blue-admin.com/manager/devfiber.go:143.4,144.18 2 0
blue-admin.com/manager/devfiber.go:144.18,147.5 1 0
blue-admin.com/manager/devfiber.go:149.4,149.14 1 0
blue-admin.com/manager/devfiber.go:154.2,196.49 13 0
blue-admin.com/manager/devfiber.go:196.49,198.3 1 0
blue-admin.com/manager/devfiber.go:199.2,199.47 1 0
blue-admin.com/manager/devfiber.go:199.47,201.3 1 0
blue-admin.com/manager/devfiber.go:204.2,219.26 7 0
blue-admin.com/manager/devfiber.go:219.26,221.3 1 0
blue-admin.com/manager/devfiber.go:226.2,226.12 1 0
blue-admin.com/manager/devfiber.go:226.12,229.3 2 0
blue-admin.com/manager/devfiber.go:231.2,240.73 7 0
blue-admin.com/manager/devfiber.go:243.13,247.2 2 0
blue-admin.com/manager/devfiber.go:249.37,338.2 68 0
blue-admin.com/manager/manager.go:22.16,23.42 1 0
blue-admin.com/manager/manager.go:23.42,27.3 2 0
blue-admin.com/manager/migrate.go:15.48,17.4 1 0
blue-admin.com/manager/migrate.go:24.48,26.4 1 0
blue-admin.com/manager/migrate.go:30.21,33.2 2 0
blue-admin.com/manager/migrate.go:35.23,38.2 2 0
blue-admin.com/manager/migrate.go:40.13,43.2 2 0
blue-admin.com/observe/tracer.go:24.44,43.86 8 0
blue-admin.com/observe/tracer.go:43.86,49.41 2 0
blue-admin.com/observe/tracer.go:50.17,57.37 3 0
blue-admin.com/observe/tracer.go:60.2,60.11 1 0
blue-admin.com/observe/tracer.go:63.90,72.2 4 0
blue-admin.com/configs/configs.go:30.38,33.2 2 0
blue-admin.com/configs/configs.go:42.28,49.16 4 0
blue-admin.com/configs/configs.go:49.16,51.3 1 0
blue-admin.com/configs/configs.go:51.8,53.3 1 0
blue-admin.com/configs/configs.go:57.2,58.35 2 0
blue-admin.com/configs/configs.go:58.35,60.3 1 0
blue-admin.com/configs/configs.go:62.2,62.22 1 0
blue-admin.com/configs/configs.go:62.22,64.3 1 0
blue-admin.com/configs/configs.go:65.2,66.16 2 0
blue-admin.com/configs/configs.go:66.16,68.3 1 0
blue-admin.com/configs/configs.go:68.8,70.3 1 0
blue-admin.com/configs/configs.go:73.44,75.2 1 0
blue-admin.com/configs/configs.go:76.47,78.2 1 1
blue-admin.com/configs/configs.go:87.43,90.40 2 0
blue-admin.com/configs/configs.go:90.40,92.3 1 0
blue-admin.com/configs/configs.go:96.67,97.38 1 0
blue-admin.com/configs/configs.go:97.38,99.3 1 0
blue-admin.com/configs/configs.go:101.2,101.21 1 0
blue-admin.com/configs/configs.go:103.70,104.38 1 0
blue-admin.com/configs/configs.go:104.38,106.3 1 0
blue-admin.com/configs/configs.go:108.2,108.21 1 0
blue-admin.com/database/database.go:22.41,25.17 2 1
blue-admin.com/database/database.go:25.17,27.3 1 0
blue-admin.com/database/database.go:28.2,28.25 1 1
blue-admin.com/database/database.go:31.40,38.16 3 1
blue-admin.com/database/database.go:38.16,41.3 2 0
blue-admin.com/database/database.go:43.2,62.17 7 1
blue-admin.com/database/database.go:63.18,73.17 2 0
blue-admin.com/database/database.go:73.17,74.14 1 0
blue-admin.com/database/database.go:77.3,78.17 2 0
blue-admin.com/database/database.go:78.17,81.4 2 0
blue-admin.com/database/database.go:82.3,85.17 3 0
blue-admin.com/database/database.go:86.16,95.17 3 0
blue-admin.com/database/database.go:95.17,98.4 2 0
blue-admin.com/database/database.go:99.3,101.17 3 0
blue-admin.com/database/database.go:102.15,117.17 3 0
blue-admin.com/database/database.go:117.17,120.4 2 0
blue-admin.com/database/database.go:121.3,123.17 3 0
blue-admin.com/database/database.go:124.10,133.17 3 1
blue-admin.com/database/database.go:133.17,136.4 2 0
blue-admin.com/database/database.go:137.3,139.17 3 1
blue-admin.com/database/database.go:140.10,149.17 3 0
blue-admin.com/database/database.go:149.17,152.4 2 0
blue-admin.com/database/database.go:153.3,155.17 3 0
blue-admin.com/database/database.go:159.2,160.23 2 1
blue-admin.com/models/app.go:19.55,24.2 4 0
blue-admin.com/models/helper.go:18.39,40.2 8 0
blue-admin.com/models/helper.go:42.38,47.176 4 0
blue-admin.com/models/helper.go:47.176,49.3 1 0
blue-admin.com/models/helper.go:51.2,51.34 1 0
blue-admin.com/models/helper.go:51.34,53.40 2 0
blue-admin.com/models/helper.go:53.40,54.42 1 0
blue-admin.com/models/helper.go:54.42,56.5 1 0
blue-admin.com/models/init.go:11.21,15.16 4 0
blue-admin.com/models/init.go:15.16,24.17 1 0
blue-admin.com/models/init.go:24.17,26.4 1 0
blue-admin.com/models/init.go:27.3,27.35 1 0
blue-admin.com/models/init.go:28.8,29.13 1 0
blue-admin.com/models/init.go:33.22,37.16 3 0
blue-admin.com/models/init.go:37.16,52.26 6 0
blue-admin.com/models/init.go:52.26,54.4 1 0
blue-admin.com/models/init.go:55.8,56.13 1 0
blue-admin.com/models/user.go:22.57,28.2 5 0
blue-admin.com/utils/dynamic_salt.go:17.55,20.30 2 1
blue-admin.com/utils/dynamic_salt.go:20.30,23.3 2 1
blue-admin.com/utils/dynamic_salt.go:25.2,25.28 1 1
blue-admin.com/utils/dynamic_salt.go:28.22,44.24 6 1
blue-admin.com/utils/dynamic_salt.go:44.24,50.58 4 0
blue-admin.com/utils/dynamic_salt.go:50.58,53.4 1 0
blue-admin.com/utils/dynamic_salt.go:54.3,54.14 1 0
blue-admin.com/utils/dynamic_salt.go:55.8,63.54 5 1
blue-admin.com/utils/dynamic_salt.go:63.54,67.4 1 1
blue-admin.com/utils/dynamic_salt.go:68.3,68.14 1 1
blue-admin.com/utils/dynamic_salt.go:73.50,82.18 6 1
blue-admin.com/utils/dynamic_salt.go:82.18,84.3 1 1
blue-admin.com/utils/dynamic_salt.go:85.2,85.23 1 1
blue-admin.com/utils/sendemail.go:20.86,53.16 11 0
blue-admin.com/utils/sendemail.go:53.16,56.3 2 0
blue-admin.com/utils/sendemail.go:58.2,58.61 1 0
blue-admin.com/utils/sendemail.go:61.37,69.2 6 0
blue-admin.com/utils/utils.go:21.39,26.49 2 1
blue-admin.com/utils/utils.go:26.49,28.3 1 1
blue-admin.com/utils/utils.go:29.2,46.26 8 1
blue-admin.com/utils/utils.go:49.63,53.2 2 1
blue-admin.com/utils/utils.go:57.94,72.16 9 1
blue-admin.com/utils/utils.go:72.16,74.3 1 0
blue-admin.com/utils/utils.go:76.2,76.26 1 1
blue-admin.com/utils/utils.go:79.56,84.106 4 1
blue-admin.com/utils/utils.go:84.106,86.3 1 1
blue-admin.com/utils/utils.go:87.2,87.106 1 1
blue-admin.com/utils/utils.go:87.106,89.3 1 1
blue-admin.com/utils/utils.go:91.2,91.32 1 1
blue-admin.com/utils/utils.go:91.32,93.3 1 1
blue-admin.com/utils/utils.go:96.2,96.20 1 1
blue-admin.com/utils/utils.go:96.20,97.21 1 0
blue-admin.com/utils/utils.go:97.21,99.4 1 0
blue-admin.com/utils/utils.go:100.3,100.25 1 0
blue-admin.com/utils/utils.go:102.2,102.24 1 1
blue-admin.com/utils/utils.go:107.43,110.30 3 1
blue-admin.com/utils/utils.go:110.30,111.38 1 1
blue-admin.com/utils/utils.go:111.38,114.4 2 1
blue-admin.com/utils/utils.go:116.2,116.13 1 1
blue-admin.com/utils/utils.go:120.69,121.29 1 1
blue-admin.com/utils/utils.go:121.29,122.47 1 1
blue-admin.com/utils/utils.go:122.47,124.4 1 1
blue-admin.com/utils/utils.go:126.2,126.14 1 1
blue-admin.com/bluetasks/logfile.go:8.34,12.16 2 0
blue-admin.com/bluetasks/logfile.go:12.16,15.3 2 0
blue-admin.com/bluetasks/logfile.go:16.2,16.18 1 0
blue-admin.com/bluetasks/tasks..go:16.40,30.26 5 0
blue-admin.com/bluetasks/tasks..go:30.26,33.4 2 0
blue-admin.com/bluetasks/tasks..go:34.17,36.3 1 0
blue-admin.com/bluetasks/tasks..go:39.2,44.26 3 0
blue-admin.com/bluetasks/tasks..go:44.26,49.74 5 0
blue-admin.com/bluetasks/tasks..go:49.74,51.5 1 0
blue-admin.com/bluetasks/tasks..go:53.4,53.75 1 0
blue-admin.com/bluetasks/tasks..go:53.75,55.5 1 0
blue-admin.com/bluetasks/tasks..go:56.4,58.14 3 0
blue-admin.com/bluetasks/tasks..go:60.17,63.3 1 0
blue-admin.com/bluetasks/tasks..go:65.2,65.18 1 0
blue-admin.com/common/common.go:28.161,32.15 2 1
blue-admin.com/common/common.go:32.15,34.3 1 0
blue-admin.com/common/common.go:36.2,40.12 4 1
blue-admin.com/common/common.go:40.12,42.20 2 1
blue-admin.com/common/common.go:42.20,44.4 1 1
blue-admin.com/common/common.go:44.9,46.4 1 0
blue-admin.com/common/common.go:47.3,47.33 1 1
blue-admin.com/common/common.go:51.2,52.12 2 1
blue-admin.com/common/common.go:52.12,53.16 1 1
blue-admin.com/common/common.go:53.16,54.21 1 1
blue-admin.com/common/common.go:54.21,57.5 1 1
blue-admin.com/common/common.go:57.10,60.5 1 0
blue-admin.com/common/common.go:62.4,62.21 1 1
blue-admin.com/common/common.go:63.9,64.21 1 0
blue-admin.com/common/common.go:64.21,67.5 1 0
blue-admin.com/common/common.go:67.10,69.5 1 0
blue-admin.com/common/common.go:71.4,71.31 1 0
blue-admin.com/common/common.go:73.3,73.27 1 1
blue-admin.com/common/common.go:75.2,88.20 5 1
blue-admin.com/common/common.go:91.170,92.15 1 1
blue-admin.com/common/common.go:92.15,94.3 1 0
blue-admin.com/common/common.go:95.2,99.12 4 1
blue-admin.com/common/common.go:99.12,101.20 2 1
blue-admin.com/common/common.go:101.20,103.4 1 1
blue-admin.com/common/common.go:103.9,105.4 1 0
blue-admin.com/common/common.go:106.3,106.33 1 1
blue-admin.com/common/common.go:110.2,111.12 2 1
blue-admin.com/common/common.go:111.12,112.16 1 1
blue-admin.com/common/common.go:112.16,113.21 1 1
blue-admin.com/common/common.go:113.21,115.5 1 1
blue-admin.com/common/common.go:115.10,117.5 1 0
blue-admin.com/common/common.go:118.4,118.21 1 1
blue-admin.com/common/common.go:119.9,120.21 1 0
blue-admin.com/common/common.go:120.21,122.5 1 0
blue-admin.com/common/common.go:122.10,124.5 1 0
blue-admin.com/common/common.go:126.4,126.31 1 0
blue-admin.com/common/common.go:128.3,128.27 1 1
blue-admin.com/common/common.go:131.2,143.20 5 1
blue-admin.com/configs/configs.go:30.38,33.2 2 1
blue-admin.com/configs/configs.go:42.28,49.16 4 0
blue-admin.com/configs/configs.go:49.16,51.3 1 0
blue-admin.com/configs/configs.go:51.8,53.3 1 0
blue-admin.com/configs/configs.go:57.2,58.35 2 0
blue-admin.com/configs/configs.go:58.35,60.3 1 0
blue-admin.com/configs/configs.go:62.2,62.22 1 0
blue-admin.com/configs/configs.go:62.22,64.3 1 0
blue-admin.com/configs/configs.go:65.2,66.16 2 0
blue-admin.com/configs/configs.go:66.16,68.3 1 0
blue-admin.com/configs/configs.go:68.8,70.3 1 0
blue-admin.com/configs/configs.go:73.44,75.2 1 0
blue-admin.com/configs/configs.go:76.47,78.2 1 1
blue-admin.com/configs/configs.go:87.43,90.40 2 1
blue-admin.com/configs/configs.go:90.40,92.3 1 0
blue-admin.com/configs/configs.go:96.67,97.38 1 0
blue-admin.com/configs/configs.go:97.38,99.3 1 0
blue-admin.com/configs/configs.go:101.2,101.21 1 0
blue-admin.com/configs/configs.go:103.70,104.38 1 0
blue-admin.com/configs/configs.go:104.38,106.3 1 0
blue-admin.com/configs/configs.go:108.2,108.21 1 0
blue-admin.com/controllers/app_controller.go:31.38,44.29 6 1
blue-admin.com/controllers/app_controller.go:44.29,50.3 1 1
blue-admin.com/controllers/app_controller.go:53.2,54.16 2 1
blue-admin.com/controllers/app_controller.go:54.16,60.3 1 0
blue-admin.com/controllers/app_controller.go:63.2,63.49 1 1
blue-admin.com/controllers/app_controller.go:77.41,88.16 5 1
blue-admin.com/controllers/app_controller.go:88.16,94.3 1 0
blue-admin.com/controllers/app_controller.go:97.2,99.143 3 1
blue-admin.com/controllers/app_controller.go:99.143,100.51 1 1
blue-admin.com/controllers/app_controller.go:100.51,106.4 1 1
blue-admin.com/controllers/app_controller.go:107.3,111.5 1 0
blue-admin.com/controllers/app_controller.go:115.2,122.4 2 1
blue-admin.com/controllers/app_controller.go:136.45,147.16 5 0
blue-admin.com/controllers/app_controller.go:147.16,153.3 1 0
blue-admin.com/controllers/app_controller.go:156.2,162.97 3 0
blue-admin.com/controllers/app_controller.go:162.97,163.51 1 0
blue-admin.com/controllers/app_controller.go:163.51,169.4 1 0
blue-admin.com/controllers/app_controller.go:170.3,174.5 1 0
blue-admin.com/controllers/app_controller.go:178.2,182.4 1 0
blue-admin.com/controllers/app_controller.go:197.38,213.54 6 1
blue-admin.com/controllers/app_controller.go:213.54,219.3 1 0
blue-admin.com/controllers/app_controller.go:222.2,222.52 1 1
blue-admin.com/controllers/app_controller.go:222.52,228.3 1 0
blue-admin.com/controllers/app_controller.go:231.2,239.46 5 1
blue-admin.com/controllers/app_controller.go:239.46,246.3 2 1
blue-admin.com/controllers/app_controller.go:249.2,256.4 2 1
blue-admin.com/controllers/app_controller.go:272.39,286.16 6 1
blue-admin.com/controllers/app_controller.go:286.16,292.3 1 1
blue-admin.com/controllers/app_controller.go:295.2,296.53 2 1
blue-admin.com/controllers/app_controller.go:296.53,302.3 1 0
blue-admin.com/controllers/app_controller.go:305.2,305.51 1 1
blue-admin.com/controllers/app_controller.go:305.51,311.3 1 0
blue-admin.com/controllers/app_controller.go:314.2,319.80 4 1
blue-admin.com/controllers/app_controller.go:319.80,320.45 1 1
blue-admin.com/controllers/app_controller.go:320.45,328.4 2 1
blue-admin.com/controllers/app_controller.go:330.3,335.5 2 0
blue-admin.com/controllers/app_controller.go:339.2,339.98 1 1
blue-admin.com/controllers/app_controller.go:339.98,346.3 2 0
blue-admin.com/controllers/app_controller.go:349.2,353.4 1 1
blue-admin.com/controllers/app_controller.go:368.40,382.16 6 1
blue-admin.com/controllers/app_controller.go:382.16,388.3 1 1
blue-admin.com/controllers/app_controller.go:391.2,394.65 2 1
blue-admin.com/controllers/app_controller.go:394.65,396.45 2 1
blue-admin.com/controllers/app_controller.go:396.45,402.4 1 1
blue-admin.com/controllers/app_controller.go:403.3,407.5 1 0
blue-admin.com/controllers/app_controller.go:411.2,411.46 1 1
blue-admin.com/controllers/app_controller.go:411.46,418.3 2 0
blue-admin.com/controllers/app_controller.go:421.2,428.4 2 1
blue-admin.com/controllers/app_controller.go:446.42,457.16 5 0
blue-admin.com/controllers/app_controller.go:457.16,463.3 1 0
blue-admin.com/controllers/app_controller.go:466.2,467.120 2 0
blue-admin.com/controllers/app_controller.go:467.120,473.3 1 0
blue-admin.com/controllers/app_controller.go:476.2,478.117 3 0
blue-admin.com/controllers/app_controller.go:478.117,484.3 1 0
blue-admin.com/controllers/app_controller.go:488.2,490.101 2 0
blue-admin.com/controllers/app_controller.go:490.101,497.3 2 0
blue-admin.com/controllers/app_controller.go:498.2,505.4 2 0
blue-admin.com/controllers/app_controller.go:519.45,530.16 5 0
blue-admin.com/controllers/app_controller.go:530.16,536.3 1 0
blue-admin.com/controllers/app_controller.go:539.2,540.120 2 0
blue-admin.com/controllers/app_controller.go:540.120,546.3 1 0
blue-admin.com/controllers/app_controller.go:549.2,551.117 3 0
blue-admin.com/controllers/app_controller.go:551.117,557.3 1 0
blue-admin.com/controllers/app_controller.go:560.2,561.101 2 0
blue-admin.com/controllers/app_controller.go:561.101,568.3 2 0
blue-admin.com/controllers/app_controller.go:569.2,576.4 2 0
blue-admin.com/controllers/app_controller.go:594.42,604.124 5 0
blue-admin.com/controllers/app_controller.go:604.124,610.3 1 0
blue-admin.com/controllers/app_controller.go:612.2,616.4 1 0
blue-admin.com/controllers/dashboard.go:55.50,68.212 7 0
blue-admin.com/controllers/dashboard.go:68.212,74.3 1 0
blue-admin.com/controllers/dashboard.go:75.2,81.4 2 0
blue-admin.com/controllers/dashboard.go:95.55,107.212 7 0
blue-admin.com/controllers/dashboard.go:107.212,113.3 1 0
blue-admin.com/controllers/dashboard.go:115.2,115.34 1 0
blue-admin.com/controllers/dashboard.go:115.34,117.40 2 0
blue-admin.com/controllers/dashboard.go:117.40,118.42 1 0
blue-admin.com/controllers/dashboard.go:118.42,121.5 1 0
blue-admin.com/controllers/dashboard.go:126.2,130.4 1 0
blue-admin.com/controllers/dashboard.go:144.54,156.212 7 0
blue-admin.com/controllers/dashboard.go:156.212,162.3 1 0
blue-admin.com/controllers/dashboard.go:164.2,164.34 1 0
blue-admin.com/controllers/dashboard.go:164.34,166.40 2 0
blue-admin.com/controllers/dashboard.go:166.40,168.4 1 0
blue-admin.com/controllers/dashboard.go:172.2,176.4 1 0
blue-admin.com/controllers/dashboard.go:190.42,202.173 7 0
blue-admin.com/controllers/dashboard.go:202.173,209.3 2 0
blue-admin.com/controllers/dashboard.go:211.2,212.34 2 0
blue-admin.com/controllers/dashboard.go:212.34,213.37 1 0
blue-admin.com/controllers/dashboard.go:213.37,215.4 1 0
blue-admin.com/controllers/dashboard.go:218.2,224.4 3 0
blue-admin.com/controllers/dashboard.go:239.42,250.167 7 0
blue-admin.com/controllers/dashboard.go:250.167,256.3 1 0
blue-admin.com/controllers/dashboard.go:258.2,259.34 2 0
blue-admin.com/controllers/dashboard.go:259.34,261.3 1 0
blue-admin.com/controllers/dashboard.go:262.2,266.4 1 0
blue-admin.com/controllers/dashboard.go:281.49,292.173 7 0
blue-admin.com/controllers/dashboard.go:292.173,298.3 1 0
blue-admin.com/controllers/dashboard.go:299.2,299.34 1 0
blue-admin.com/controllers/dashboard.go:299.34,301.37 2 0
blue-admin.com/controllers/dashboard.go:301.37,303.4 1 0
blue-admin.com/controllers/dashboard.go:305.2,309.4 1 0
blue-admin.com/controllers/email.go:23.40,30.58 3 0
blue-admin.com/controllers/email.go:30.58,36.3 1 0
blue-admin.com/controllers/email.go:39.2,39.56 1 0
blue-admin.com/controllers/email.go:39.56,45.3 1 0
blue-admin.com/controllers/email.go:49.2,49.77 1 0
blue-admin.com/controllers/email.go:49.77,55.3 1 0
blue-admin.com/controllers/email.go:58.2,62.4 1 0
blue-admin.com/controllers/endpoint_controller.go:31.43,44.29 6 1
blue-admin.com/controllers/endpoint_controller.go:44.29,50.3 1 1
blue-admin.com/controllers/endpoint_controller.go:53.2,54.16 2 1
blue-admin.com/controllers/endpoint_controller.go:54.16,60.3 1 0
blue-admin.com/controllers/endpoint_controller.go:63.2,63.49 1 1
blue-admin.com/controllers/endpoint_controller.go:77.46,88.16 5 1
blue-admin.com/controllers/endpoint_controller.go:88.16,94.3 1 0
blue-admin.com/controllers/endpoint_controller.go:97.2,99.153 3 1
blue-admin.com/controllers/endpoint_controller.go:99.153,100.51 1 1
blue-admin.com/controllers/endpoint_controller.go:100.51,106.4 1 1
blue-admin.com/controllers/endpoint_controller.go:107.3,111.5 1 0
blue-admin.com/controllers/endpoint_controller.go:115.2,122.4 2 1
blue-admin.com/controllers/endpoint_controller.go:137.43,153.59 6 1
blue-admin.com/controllers/endpoint_controller.go:153.59,159.3 1 0
blue-admin.com/controllers/endpoint_controller.go:162.2,162.57 1 1
blue-admin.com/controllers/endpoint_controller.go:162.57,168.3 1 0
blue-admin.com/controllers/endpoint_controller.go:171.2,179.51 5 1
blue-admin.com/controllers/endpoint_controller.go:179.51,186.3 2 1
blue-admin.com/controllers/endpoint_controller.go:189.2,196.4 2 1
blue-admin.com/controllers/endpoint_controller.go:212.44,226.16 6 1
blue-admin.com/controllers/endpoint_controller.go:226.16,232.3 1 1
blue-admin.com/controllers/endpoint_controller.go:235.2,236.58 2 1
blue-admin.com/controllers/endpoint_controller.go:236.58,242.3 1 0
blue-admin.com/controllers/endpoint_controller.go:245.2,245.56 1 1
blue-admin.com/controllers/endpoint_controller.go:245.56,251.3 1 0
blue-admin.com/controllers/endpoint_controller.go:254.2,258.97 3 1
blue-admin.com/controllers/endpoint_controller.go:258.97,259.45 1 1
blue-admin.com/controllers/endpoint_controller.go:259.45,267.4 2 1
blue-admin.com/controllers/endpoint_controller.go:269.3,274.5 2 0
blue-admin.com/controllers/endpoint_controller.go:278.2,278.108 1 1
blue-admin.com/controllers/endpoint_controller.go:278.108,285.3 2 0
blue-admin.com/controllers/endpoint_controller.go:288.2,292.4 1 1
blue-admin.com/controllers/endpoint_controller.go:307.45,321.16 6 1
blue-admin.com/controllers/endpoint_controller.go:321.16,327.3 1 1
blue-admin.com/controllers/endpoint_controller.go:330.2,333.70 2 1
blue-admin.com/controllers/endpoint_controller.go:333.70,335.45 2 1
blue-admin.com/controllers/endpoint_controller.go:335.45,341.4 1 1
blue-admin.com/controllers/endpoint_controller.go:342.3,346.5 1 0
blue-admin.com/controllers/endpoint_controller.go:350.2,350.51 1 1
blue-admin.com/controllers/endpoint_controller.go:350.51,357.3 2 0
blue-admin.com/controllers/endpoint_controller.go:360.2,367.4 2 1
blue-admin.com/controllers/endpoint_controller.go:389.47,398.107 5 0
blue-admin.com/controllers/endpoint_controller.go:398.107,404.3 1 0
blue-admin.com/controllers/endpoint_controller.go:406.2,410.4 1 0
blue-admin.com/controllers/feature_controller.go:31.42,44.29 6 1
blue-admin.com/controllers/feature_controller.go:44.29,50.3 1 1
blue-admin.com/controllers/feature_controller.go:53.2,54.16 2 1
blue-admin.com/controllers/feature_controller.go:54.16,60.3 1 0
blue-admin.com/controllers/feature_controller.go:63.2,63.49 1 1
blue-admin.com/controllers/feature_controller.go:77.45,88.16 5 1
blue-admin.com/controllers/feature_controller.go:88.16,94.3 1 0
blue-admin.com/controllers/feature_controller.go:97.2,99.151 3 1
blue-admin.com/controllers/feature_controller.go:99.151,100.51 1 1
blue-admin.com/controllers/feature_controller.go:100.51,106.4 1 1
blue-admin.com/controllers/feature_controller.go:107.3,111.5 1 0
blue-admin.com/controllers/feature_controller.go:115.2,122.4 2 1
blue-admin.com/controllers/feature_controller.go:137.42,153.58 6 1
blue-admin.com/controllers/feature_controller.go:153.58,159.3 1 0
blue-admin.com/controllers/feature_controller.go:162.2,162.56 1 1
blue-admin.com/controllers/feature_controller.go:162.56,168.3 1 0
blue-admin.com/controllers/feature_controller.go:171.2,179.50 5 1
blue-admin.com/controllers/feature_controller.go:179.50,186.3 2 1
blue-admin.com/controllers/feature_controller.go:189.2,196.4 2 1
blue-admin.com/controllers/feature_controller.go:212.43,226.16 6 1
blue-admin.com/controllers/feature_controller.go:226.16,232.3 1 1
blue-admin.com/controllers/feature_controller.go:235.2,236.57 2 1
blue-admin.com/controllers/feature_controller.go:236.57,242.3 1 0
blue-admin.com/controllers/feature_controller.go:245.2,245.55 1 1
blue-admin.com/controllers/feature_controller.go:245.55,251.3 1 0
blue-admin.com/controllers/feature_controller.go:254.2,257.96 3 1
blue-admin.com/controllers/feature_controller.go:257.96,258.45 1 1
blue-admin.com/controllers/feature_controller.go:258.45,266.4 2 1
blue-admin.com/controllers/feature_controller.go:268.3,273.5 2 0
blue-admin.com/controllers/feature_controller.go:277.2,277.106 1 1
blue-admin.com/controllers/feature_controller.go:277.106,284.3 2 0
blue-admin.com/controllers/feature_controller.go:287.2,291.4 1 1
blue-admin.com/controllers/feature_controller.go:306.44,320.16 6 1
blue-admin.com/controllers/feature_controller.go:320.16,326.3 1 1
blue-admin.com/controllers/feature_controller.go:329.2,332.69 2 1
blue-admin.com/controllers/feature_controller.go:332.69,334.45 2 1
blue-admin.com/controllers/feature_controller.go:334.45,340.4 1 1
blue-admin.com/controllers/feature_controller.go:341.3,345.5 1 0
blue-admin.com/controllers/feature_controller.go:349.2,349.50 1 1
blue-admin.com/controllers/feature_controller.go:349.50,356.3 2 0
blue-admin.com/controllers/feature_controller.go:359.2,366.4 2 1
blue-admin.com/controllers/feature_controller.go:384.50,395.16 5 0
blue-admin.com/controllers/feature_controller.go:395.16,401.3 1 0
blue-admin.com/controllers/feature_controller.go:404.2,405.132 2 0
blue-admin.com/controllers/feature_controller.go:405.132,411.3 1 0
blue-admin.com/controllers/feature_controller.go:414.2,416.129 3 0
blue-admin.com/controllers/feature_controller.go:416.129,422.3 1 0
blue-admin.com/controllers/feature_controller.go:426.2,428.113 2 0
blue-admin.com/controllers/feature_controller.go:428.113,435.3 2 0
blue-admin.com/controllers/feature_controller.go:436.2,443.4 2 0
blue-admin.com/controllers/feature_controller.go:457.53,468.16 5 0
blue-admin.com/controllers/feature_controller.go:468.16,474.3 1 0
blue-admin.com/controllers/feature_controller.go:477.2,478.132 2 0
blue-admin.com/controllers/feature_controller.go:478.132,484.3 1 0
blue-admin.com/controllers/feature_controller.go:487.2,489.129 3 0
blue-admin.com/controllers/feature_controller.go:489.129,495.3 1 0
blue-admin.com/controllers/feature_controller.go:498.2,499.113 2 0
blue-admin.com/controllers/feature_controller.go:499.113,506.3 2 0
blue-admin.com/controllers/feature_controller.go:507.2,514.4 2 0
blue-admin.com/controllers/feature_controller.go:532.46,541.132 5 0
blue-admin.com/controllers/feature_controller.go:541.132,547.3 1 0
blue-admin.com/controllers/feature_controller.go:549.2,553.4 1 0
blue-admin.com/controllers/feature_controller.go:568.56,579.16 5 0
blue-admin.com/controllers/feature_controller.go:579.16,585.3 1 0
blue-admin.com/controllers/feature_controller.go:587.2,591.129 4 0
blue-admin.com/controllers/feature_controller.go:591.129,598.3 2 0
blue-admin.com/controllers/feature_controller.go:599.2,600.21 2 0
blue-admin.com/controllers/feature_controller.go:600.21,609.3 2 0
blue-admin.com/controllers/feature_controller.go:612.2,616.4 1 0
blue-admin.com/controllers/jwtsalt_controller.go:25.42,36.118 5 0
blue-admin.com/controllers/jwtsalt_controller.go:36.118,37.51 1 0
blue-admin.com/controllers/jwtsalt_controller.go:37.51,43.4 1 0
blue-admin.com/controllers/jwtsalt_controller.go:44.3,48.5 1 0
blue-admin.com/controllers/jwtsalt_controller.go:53.2,57.4 1 0
blue-admin.com/controllers/login.go:42.40,56.62 6 1
blue-admin.com/controllers/login.go:56.62,62.3 1 0
blue-admin.com/controllers/login.go:65.2,65.60 1 1
blue-admin.com/controllers/login.go:65.60,71.3 1 0
blue-admin.com/controllers/login.go:72.2,72.38 1 1
blue-admin.com/controllers/login.go:73.28,76.23 3 1
blue-admin.com/controllers/login.go:76.23,82.4 1 0
blue-admin.com/controllers/login.go:82.9,82.78 1 1
blue-admin.com/controllers/login.go:82.78,84.37 2 1
blue-admin.com/controllers/login.go:84.37,87.5 1 0
blue-admin.com/controllers/login.go:88.4,100.6 4 1
blue-admin.com/controllers/login.go:101.9,107.4 1 1
blue-admin.com/controllers/login.go:109.23,114.17 5 1
blue-admin.com/controllers/login.go:114.17,127.4 4 1
blue-admin.com/controllers/login.go:129.3,133.5 1 0
blue-admin.com/controllers/login.go:134.22,137.17 2 1
blue-admin.com/controllers/login.go:137.17,143.4 1 1
blue-admin.com/controllers/login.go:144.3,148.5 1 0
blue-admin.com/controllers/login.go:149.10,154.5 1 1
blue-admin.com/controllers/login.go:169.41,173.17 2 1
blue-admin.com/controllers/login.go:173.17,179.3 1 1
blue-admin.com/controllers/login.go:182.2,184.16 2 1
blue-admin.com/controllers/login.go:184.16,190.3 1 1
blue-admin.com/controllers/login.go:193.2,197.4 1 1
blue-admin.com/controllers/page_controller.go:31.39,44.29 6 1
blue-admin.com/controllers/page_controller.go:44.29,50.3 1 1
blue-admin.com/controllers/page_controller.go:53.2,54.16 2 1
blue-admin.com/controllers/page_controller.go:54.16,60.3 1 0
blue-admin.com/controllers/page_controller.go:63.2,63.49 1 1
blue-admin.com/controllers/page_controller.go:77.42,88.16 5 1
blue-admin.com/controllers/page_controller.go:88.16,94.3 1 0
blue-admin.com/controllers/page_controller.go:97.2,99.145 3 1
blue-admin.com/controllers/page_controller.go:99.145,100.51 1 1
blue-admin.com/controllers/page_controller.go:100.51,106.4 1 1
blue-admin.com/controllers/page_controller.go:107.3,111.5 1 0
blue-admin.com/controllers/page_controller.go:115.2,122.4 2 1
blue-admin.com/controllers/page_controller.go:137.39,153.55 6 1
blue-admin.com/controllers/page_controller.go:153.55,159.3 1 0
blue-admin.com/controllers/page_controller.go:162.2,162.53 1 1
blue-admin.com/controllers/page_controller.go:162.53,168.3 1 0
blue-admin.com/controllers/page_controller.go:171.2,179.47 5 1
blue-admin.com/controllers/page_controller.go:179.47,186.3 2 1
blue-admin.com/controllers/page_controller.go:189.2,196.4 2 1
blue-admin.com/controllers/page_controller.go:212.40,226.16 6 1
blue-admin.com/controllers/page_controller.go:226.16,232.3 1 1
blue-admin.com/controllers/page_controller.go:235.2,236.54 2 1
blue-admin.com/controllers/page_controller.go:236.54,242.3 1 0
blue-admin.com/controllers/page_controller.go:245.2,245.52 1 1
blue-admin.com/controllers/page_controller.go:245.52,251.3 1 0
blue-admin.com/controllers/page_controller.go:254.2,257.93 3 1
blue-admin.com/controllers/page_controller.go:257.93,258.45 1 1
blue-admin.com/controllers/page_controller.go:258.45,266.4 2 1
blue-admin.com/controllers/page_controller.go:268.3,273.5 2 0
blue-admin.com/controllers/page_controller.go:277.2,277.100 1 1
blue-admin.com/controllers/page_controller.go:277.100,284.3 2 0
blue-admin.com/controllers/page_controller.go:287.2,291.4 1 1
blue-admin.com/controllers/page_controller.go:306.41,320.16 6 1
blue-admin.com/controllers/page_controller.go:320.16,326.3 1 1
blue-admin.com/controllers/page_controller.go:329.2,332.66 2 1
blue-admin.com/controllers/page_controller.go:332.66,334.45 2 1
blue-admin.com/controllers/page_controller.go:334.45,340.4 1 1
blue-admin.com/controllers/page_controller.go:341.3,345.5 1 0
blue-admin.com/controllers/page_controller.go:349.2,349.47 1 1
blue-admin.com/controllers/page_controller.go:349.47,356.3 2 0
blue-admin.com/controllers/page_controller.go:359.2,366.4 2 1
blue-admin.com/controllers/page_controller.go:384.43,395.16 5 0
blue-admin.com/controllers/page_controller.go:395.16,401.3 1 0
blue-admin.com/controllers/page_controller.go:404.2,405.16 2 0
blue-admin.com/controllers/page_controller.go:405.16,411.3 1 0
blue-admin.com/controllers/page_controller.go:414.2,415.98 2 0
blue-admin.com/controllers/page_controller.go:415.98,421.3 1 0
blue-admin.com/controllers/page_controller.go:424.2,425.99 2 0
blue-admin.com/controllers/page_controller.go:425.99,431.3 1 0
blue-admin.com/controllers/page_controller.go:433.2,434.102 2 0
blue-admin.com/controllers/page_controller.go:434.102,441.3 2 0
blue-admin.com/controllers/page_controller.go:442.2,449.4 2 0
blue-admin.com/controllers/page_controller.go:465.46,476.32 5 0
blue-admin.com/controllers/page_controller.go:476.32,482.3 1 0
blue-admin.com/controllers/page_controller.go:484.2,485.32 2 0
blue-admin.com/controllers/page_controller.go:485.32,491.3 1 0
blue-admin.com/controllers/page_controller.go:493.2,494.98 2 0
blue-admin.com/controllers/page_controller.go:494.98,500.3 1 0
blue-admin.com/controllers/page_controller.go:503.2,505.98 3 0
blue-admin.com/controllers/page_controller.go:505.98,511.3 1 0
blue-admin.com/controllers/page_controller.go:514.2,515.102 2 0
blue-admin.com/controllers/page_controller.go:515.102,522.3 2 0
blue-admin.com/controllers/page_controller.go:524.2,531.4 2 0
blue-admin.com/controllers/role_controller.go:31.39,44.29 6 1
blue-admin.com/controllers/role_controller.go:44.29,50.3 1 1
blue-admin.com/controllers/role_controller.go:53.2,54.16 2 1
blue-admin.com/controllers/role_controller.go:54.16,60.3 1 0
blue-admin.com/controllers/role_controller.go:63.2,63.49 1 1
blue-admin.com/controllers/role_controller.go:77.42,88.16 5 1
blue-admin.com/controllers/role_controller.go:88.16,94.3 1 0
blue-admin.com/controllers/role_controller.go:97.2,99.145 3 1
blue-admin.com/controllers/role_controller.go:99.145,100.51 1 1
blue-admin.com/controllers/role_controller.go:100.51,106.4 1 1
blue-admin.com/controllers/role_controller.go:107.3,111.5 1 0
blue-admin.com/controllers/role_controller.go:115.2,122.4 2 1
blue-admin.com/controllers/role_controller.go:140.47,150.126 5 0
blue-admin.com/controllers/role_controller.go:150.126,156.3 1 0
blue-admin.com/controllers/role_controller.go:158.2,162.4 1 0
blue-admin.com/controllers/role_controller.go:177.39,193.55 6 1
blue-admin.com/controllers/role_controller.go:193.55,199.3 1 0
blue-admin.com/controllers/role_controller.go:202.2,202.53 1 1
blue-admin.com/controllers/role_controller.go:202.53,208.3 1 1
blue-admin.com/controllers/role_controller.go:211.2,219.47 5 1
blue-admin.com/controllers/role_controller.go:219.47,226.3 2 1
blue-admin.com/controllers/role_controller.go:229.2,236.4 2 1
blue-admin.com/controllers/role_controller.go:252.40,266.16 6 1
blue-admin.com/controllers/role_controller.go:266.16,272.3 1 1
blue-admin.com/controllers/role_controller.go:275.2,276.54 2 1
blue-admin.com/controllers/role_controller.go:276.54,282.3 1 0
blue-admin.com/controllers/role_controller.go:285.2,285.52 1 1
blue-admin.com/controllers/role_controller.go:285.52,291.3 1 0
blue-admin.com/controllers/role_controller.go:294.2,299.82 4 1
blue-admin.com/controllers/role_controller.go:299.82,300.45 1 1
blue-admin.com/controllers/role_controller.go:300.45,308.4 2 1
blue-admin.com/controllers/role_controller.go:310.3,315.5 2 0
blue-admin.com/controllers/role_controller.go:319.2,319.100 1 1
blue-admin.com/controllers/role_controller.go:319.100,326.3 2 0
blue-admin.com/controllers/role_controller.go:329.2,333.4 1 1
blue-admin.com/controllers/role_controller.go:348.41,362.16 6 1
blue-admin.com/controllers/role_controller.go:362.16,368.3 1 1
blue-admin.com/controllers/role_controller.go:371.2,374.93 2 1
blue-admin.com/controllers/role_controller.go:374.93,376.45 2 1
blue-admin.com/controllers/role_controller.go:376.45,382.4 1 1
blue-admin.com/controllers/role_controller.go:383.3,387.5 1 0
blue-admin.com/controllers/role_controller.go:391.2,391.74 1 1
[...]
blue-admin.com/controllers/role_controller.go:437.16,443.3 1 0
blue-admin.com/controllers/role_controller.go:446.2,447.16 2 0
blue-admin.com/controllers/role_controller.go:447.16,453.3 1 0
blue-admin.com/controllers/role_controller.go:456.2,457.98 2 0
blue-admin.com/controllers/role_controller.go:457.98,463.3 1 0
blue-admin.com/controllers/role_controller.go:466.2,467.98 2 0
blue-admin.com/controllers/role_controller.go:467.98,473.3 1 0
blue-admin.com/controllers/role_controller.go:475.2,476.102 2 0
blue-admin.com/controllers/role_controller.go:476.102,483.3 2 0
blue-admin.com/controllers/role_controller.go:484.2,491.4 2 0
blue-admin.com/controllers/role_controller.go:507.46,518.32 5 0
blue-admin.com/controllers/role_controller.go:518.32,524.3 1 0
blue-admin.com/controllers/role_controller.go:526.2,527.32 2 0
blue-admin.com/controllers/role_controller.go:527.32,533.3 1 0
blue-admin.com/controllers/role_controller.go:535.2,536.98 2 0
blue-admin.com/controllers/role_controller.go:536.98,542.3 1 0
blue-admin.com/controllers/role_controller.go:545.2,546.98 2 0
blue-admin.com/controllers/role_controller.go:546.98,552.3 1 0
blue-admin.com/controllers/role_controller.go:555.2,556.102 2 0
blue-admin.com/controllers/role_controller.go:556.102,563.3 2 0
blue-admin.com/controllers/role_controller.go:565.2,572.4 2 0
blue-admin.com/controllers/role_controller.go:586.46,597.16 5 0
blue-admin.com/controllers/role_controller.go:597.16,603.3 1 0
blue-admin.com/controllers/role_controller.go:606.2,607.129 2 0
blue-admin.com/controllers/role_controller.go:607.129,613.3 1 0
blue-admin.com/controllers/role_controller.go:616.2,618.120 3 0
blue-admin.com/controllers/role_controller.go:618.120,624.3 1 0
blue-admin.com/controllers/role_controller.go:628.2,630.108 2 0
blue-admin.com/controllers/role_controller.go:630.108,637.3 2 0
blue-admin.com/controllers/role_controller.go:638.2,645.4 2 0
blue-admin.com/controllers/role_controller.go:659.49,670.16 5 0
blue-admin.com/controllers/role_controller.go:670.16,676.3 1 0
blue-admin.com/controllers/role_controller.go:679.2,680.129 2 0
blue-admin.com/controllers/role_controller.go:680.129,686.3 1 0
blue-admin.com/controllers/role_controller.go:689.2,691.120 3 0
blue-admin.com/controllers/role_controller.go:691.120,697.3 1 0
blue-admin.com/controllers/role_controller.go:700.2,701.108 2 0
blue-admin.com/controllers/role_controller.go:701.108,708.3 2 0
blue-admin.com/controllers/role_controller.go:709.2,716.4 2 0
blue-admin.com/controllers/role_controller.go:731.54,741.16 5 0
blue-admin.com/controllers/role_controller.go:741.16,747.3 1 0
blue-admin.com/controllers/role_controller.go:749.2,753.94 4 0
blue-admin.com/controllers/role_controller.go:753.94,760.3 2 0
blue-admin.com/controllers/role_controller.go:761.2,764.18 3 0
blue-admin.com/controllers/role_controller.go:764.18,772.3 2 0
blue-admin.com/controllers/role_controller.go:774.2,778.4 1 0
blue-admin.com/controllers/role_controller.go:797.49,808.209 7 0
blue-admin.com/controllers/role_controller.go:808.209,814.3 1 0
blue-admin.com/controllers/role_controller.go:816.2,816.32 1 0
blue-admin.com/controllers/role_controller.go:816.32,817.43 1 0
blue-admin.com/controllers/role_controller.go:817.43,818.47 1 0
blue-admin.com/controllers/role_controller.go:818.47,821.5 2 0
blue-admin.com/controllers/role_controller.go:825.2,829.4 1 0
blue-admin.com/controllers/user_controller.go:32.39,46.29 6 1
blue-admin.com/controllers/user_controller.go:46.29,52.3 1 1
blue-admin.com/controllers/user_controller.go:55.2,56.16 2 1
blue-admin.com/controllers/user_controller.go:56.16,62.3 1 0
blue-admin.com/controllers/user_controller.go:65.2,65.49 1 1
blue-admin.com/controllers/user_controller.go:82.42,97.47 7 1
blue-admin.com/controllers/user_controller.go:97.47,103.3 1 1
blue-admin.com/controllers/user_controller.go:107.2,115.116 3 1
blue-admin.com/controllers/user_controller.go:115.116,121.3 1 0
blue-admin.com/controllers/user_controller.go:124.2,128.4 1 1
blue-admin.com/controllers/user_controller.go:142.42,153.16 5 1
blue-admin.com/controllers/user_controller.go:153.16,159.3 1 0
blue-admin.com/controllers/user_controller.go:162.2,164.145 3 1
blue-admin.com/controllers/user_controller.go:164.145,165.51 1 1
blue-admin.com/controllers/user_controller.go:165.51,171.4 1 1
blue-admin.com/controllers/user_controller.go:172.3,176.5 1 0
blue-admin.com/controllers/user_controller.go:180.2,187.4 2 1
blue-admin.com/controllers/user_controller.go:202.45,213.16 5 1
blue-admin.com/controllers/user_controller.go:213.16,219.3 1 1
blue-admin.com/controllers/user_controller.go:221.2,222.20 2 1
blue-admin.com/controllers/user_controller.go:222.20,228.3 1 0
blue-admin.com/controllers/user_controller.go:231.2,239.109 3 1
blue-admin.com/controllers/user_controller.go:239.109,240.51 1 0
blue-admin.com/controllers/user_controller.go:240.51,246.4 1 0
blue-admin.com/controllers/user_controller.go:247.3,251.5 1 0
blue-admin.com/controllers/user_controller.go:255.2,259.4 1 1
blue-admin.com/controllers/user_controller.go:274.44,285.21 5 1
blue-admin.com/controllers/user_controller.go:285.21,291.3 1 1
blue-admin.com/controllers/user_controller.go:294.2,295.20 2 1
blue-admin.com/controllers/user_controller.go:295.20,301.3 1 1
blue-admin.com/controllers/user_controller.go:304.2,312.116 3 1
blue-admin.com/controllers/user_controller.go:312.116,313.51 1 0
blue-admin.com/controllers/user_controller.go:313.51,319.4 1 0
blue-admin.com/controllers/user_controller.go:320.3,324.5 1 0
blue-admin.com/controllers/user_controller.go:328.2,332.4 1 1
blue-admin.com/controllers/user_controller.go:347.39,362.55 6 1
blue-admin.com/controllers/user_controller.go:362.55,368.3 1 0
blue-admin.com/controllers/user_controller.go:371.2,371.53 1 1
blue-admin.com/controllers/user_controller.go:371.53,377.3 1 0
blue-admin.com/controllers/user_controller.go:380.2,387.47 5 1
blue-admin.com/controllers/user_controller.go:387.47,394.3 2 1
blue-admin.com/controllers/user_controller.go:397.2,407.4 4 1
blue-admin.com/controllers/user_controller.go:423.40,437.16 6 1
blue-admin.com/controllers/user_controller.go:437.16,443.3 1 1
blue-admin.com/controllers/user_controller.go:446.2,447.54 2 1
blue-admin.com/controllers/user_controller.go:447.54,453.3 1 0
blue-admin.com/controllers/user_controller.go:456.2,456.52 1 1
blue-admin.com/controllers/user_controller.go:456.52,462.3 1 0
blue-admin.com/controllers/user_controller.go:465.2,468.94 3 1
blue-admin.com/controllers/user_controller.go:468.94,469.45 1 1
blue-admin.com/controllers/user_controller.go:469.45,477.4 2 1
blue-admin.com/controllers/user_controller.go:479.3,484.5 2 0
blue-admin.com/controllers/user_controller.go:488.2,488.100 1 1
blue-admin.com/controllers/user_controller.go:488.100,495.3 2 0
blue-admin.com/controllers/user_controller.go:498.2,502.4 1 1
blue-admin.com/controllers/user_controller.go:517.41,531.16 6 1
blue-admin.com/controllers/user_controller.go:531.16,537.3 1 1
blue-admin.com/controllers/user_controller.go:540.2,543.93 2 1
blue-admin.com/controllers/user_controller.go:543.93,545.45 2 1
blue-admin.com/controllers/user_controller.go:545.45,551.4 1 1
blue-admin.com/controllers/user_controller.go:552.3,556.5 1 0
blue-admin.com/controllers/user_controller.go:560.2,560.74 1 1
blue-admin.com/controllers/user_controller.go:560.74,567.3 2 0
blue-admin.com/controllers/user_controller.go:570.2,577.4 2 1
blue-admin.com/controllers/user_controller.go:593.44,607.16 6 0
blue-admin.com/controllers/user_controller.go:607.16,613.3 1 0
blue-admin.com/controllers/user_controller.go:616.2,617.20 2 0
blue-admin.com/controllers/user_controller.go:617.20,623.3 1 0
blue-admin.com/controllers/user_controller.go:626.2,635.104 3 0
blue-admin.com/controllers/user_controller.go:635.104,637.45 2 0
blue-admin.com/controllers/user_controller.go:637.45,643.4 1 0
blue-admin.com/controllers/user_controller.go:644.3,648.5 1 0
blue-admin.com/controllers/user_controller.go:652.2,652.74 1 0
blue-admin.com/controllers/user_controller.go:652.74,659.3 2 0
blue-admin.com/controllers/user_controller.go:662.2,669.4 2 0
blue-admin.com/controllers/user_controller.go:687.43,698.16 5 0
blue-admin.com/controllers/user_controller.go:698.16,704.3 1 0
blue-admin.com/controllers/user_controller.go:707.2,708.16 2 0
blue-admin.com/controllers/user_controller.go:708.16,714.3 1 0
blue-admin.com/controllers/user_controller.go:717.2,719.98 2 0
blue-admin.com/controllers/user_controller.go:719.98,720.45 1 0
blue-admin.com/controllers/user_controller.go:720.45,726.4 1 0
blue-admin.com/controllers/user_controller.go:730.2,732.45 3 0
blue-admin.com/controllers/user_controller.go:732.45,738.3 1 0
blue-admin.com/controllers/user_controller.go:740.2,741.102 2 0
blue-admin.com/controllers/user_controller.go:741.102,748.3 2 0
blue-admin.com/controllers/user_controller.go:749.2,756.4 2 0
blue-admin.com/controllers/user_controller.go:771.47,782.16 5 0
blue-admin.com/controllers/user_controller.go:782.16,788.3 1 0
blue-admin.com/controllers/user_controller.go:791.2,792.16 2 0
blue-admin.com/controllers/user_controller.go:792.16,798.3 1 0
blue-admin.com/controllers/user_controller.go:801.2,802.20 2 0
blue-admin.com/controllers/user_controller.go:802.20,808.3 1 0
blue-admin.com/controllers/user_controller.go:811.2,812.98 2 0
blue-admin.com/controllers/user_controller.go:812.98,813.45 1 0
blue-admin.com/controllers/user_controller.go:813.45,819.4 1 0
blue-admin.com/controllers/user_controller.go:823.2,828.109 3 0
blue-admin.com/controllers/user_controller.go:828.109,834.3 1 0
blue-admin.com/controllers/user_controller.go:836.2,836.18 1 0
blue-admin.com/controllers/user_controller.go:836.18,839.103 2 0
blue-admin.com/controllers/user_controller.go:839.103,846.4 2 0
blue-admin.com/controllers/user_controller.go:847.3,854.5 2 0
blue-admin.com/controllers/user_controller.go:857.2,861.4 1 0
blue-admin.com/controllers/user_controller.go:877.46,888.32 5 0
blue-admin.com/controllers/user_controller.go:888.32,894.3 1 0
blue-admin.com/controllers/user_controller.go:896.2,897.32 2 0
blue-admin.com/controllers/user_controller.go:897.32,903.3 1 0
blue-admin.com/controllers/user_controller.go:906.2,907.98 2 0
blue-admin.com/controllers/user_controller.go:907.98,908.45 1 0
blue-admin.com/controllers/user_controller.go:908.45,914.4 1 0
blue-admin.com/controllers/user_controller.go:918.2,919.98 2 0
blue-admin.com/controllers/user_controller.go:919.98,925.3 1 0
blue-admin.com/controllers/user_controller.go:928.2,929.102 2 0
blue-admin.com/controllers/user_controller.go:929.102,936.3 2 0
blue-admin.com/controllers/user_controller.go:938.2,945.4 2 0
blue-admin.com/controllers/user_controller.go:962.49,973.32 5 0
blue-admin.com/controllers/user_controller.go:973.32,979.3 1 0
blue-admin.com/controllers/user_controller.go:981.2,982.32 2 0
blue-admin.com/controllers/user_controller.go:982.32,988.3 1 0
blue-admin.com/controllers/user_controller.go:991.2,992.98 2 0
blue-admin.com/controllers/user_controller.go:992.98,993.45 1 0
blue-admin.com/controllers/user_controller.go:993.45,999.4 1 0
blue-admin.com/controllers/user_controller.go:1003.2,1004.20 2 0
blue-admin.com/controllers/user_controller.go:1004.20,1010.3 1 0
blue-admin.com/controllers/user_controller.go:1014.2,1019.109 3 0
blue-admin.com/controllers/user_controller.go:1019.109,1025.3 1 0
blue-admin.com/controllers/user_controller.go:1027.2,1027.18 1 0
blue-admin.com/controllers/user_controller.go:1027.18,1031.103 2 0
blue-admin.com/controllers/user_controller.go:1031.103,1038.4 2 0
blue-admin.com/controllers/user_controller.go:1040.3,1047.5 2 0
blue-admin.com/controllers/user_controller.go:1051.2,1055.4 1 0
blue-admin.com/controllers/user_controller.go:1070.53,1080.16 5 0
blue-admin.com/controllers/user_controller.go:1080.16,1086.3 1 0
blue-admin.com/controllers/user_controller.go:1089.2,1095.98 4 0
blue-admin.com/controllers/user_controller.go:1095.98,1102.3 2 0
blue-admin.com/controllers/user_controller.go:1104.2,1108.18 4 0
blue-admin.com/controllers/user_controller.go:1108.18,1117.3 3 0
blue-admin.com/controllers/user_controller.go:1120.2,1124.4 1 0
blue-admin.com/controllers/user_controller.go:1144.45,1158.54 7 0
blue-admin.com/controllers/user_controller.go:1158.54,1164.3 1 0
blue-admin.com/controllers/user_controller.go:1166.2,1166.52 1 0
blue-admin.com/controllers/user_controller.go:1166.52,1172.3 1 0
blue-admin.com/controllers/user_controller.go:1175.2,1176.125 2 0
blue-admin.com/controllers/user_controller.go:1176.125,1183.3 1 0
blue-admin.com/controllers/user_controller.go:1185.2,1187.21 2 0
blue-admin.com/controllers/user_controller.go:1187.21,1190.103 3 0
blue-admin.com/controllers/user_controller.go:1190.103,1197.4 2 0
blue-admin.com/controllers/user_controller.go:1198.3,1198.14 1 0
blue-admin.com/controllers/user_controller.go:1199.8,1202.103 3 0
blue-admin.com/controllers/user_controller.go:1202.103,1209.4 2 0
blue-admin.com/controllers/user_controller.go:1210.3,1210.14 1 0
blue-admin.com/controllers/user_controller.go:1213.2,1219.4 2 0
blue-admin.com/database/database.go:22.41,25.17 2 1
blue-admin.com/database/database.go:25.17,27.3 1 0
blue-admin.com/database/database.go:28.2,28.25 1 1
blue-admin.com/database/database.go:31.40,38.16 3 1
blue-admin.com/database/database.go:38.16,41.3 2 0
blue-admin.com/database/database.go:43.2,62.17 7 1
blue-admin.com/database/database.go:63.18,73.17 2 0
blue-admin.com/database/database.go:73.17,74.14 1 0
blue-admin.com/database/database.go:77.3,78.17 2 0
blue-admin.com/database/database.go:78.17,81.4 2 0
blue-admin.com/database/database.go:82.3,85.17 3 0
blue-admin.com/database/database.go:86.16,95.17 3 1
blue-admin.com/database/database.go:95.17,98.4 2 0
blue-admin.com/database/database.go:99.3,101.17 3 1
blue-admin.com/database/database.go:102.15,117.17 3 0
blue-admin.com/database/database.go:117.17,120.4 2 0
blue-admin.com/database/database.go:121.3,123.17 3 0
blue-admin.com/database/database.go:124.10,133.17 3 0
blue-admin.com/database/database.go:133.17,136.4 2 0
blue-admin.com/database/database.go:137.3,139.17 3 0
blue-admin.com/database/database.go:140.10,149.17 3 0
blue-admin.com/database/database.go:149.17,152.4 2 0
blue-admin.com/database/database.go:153.3,155.17 3 0
blue-admin.com/database/database.go:159.2,160.23 2 1
blue-admin.com/docs/docs.go:4567.13,4569.2 1 1
blue-admin.com/manager/consumer.go:13.48,15.4 1 0
blue-admin.com/manager/consumer.go:19.22,22.2 2 0
blue-admin.com/manager/consumer.go:24.13,27.2 1 1
blue-admin.com/manager/devfiber.go:45.48,47.15 1 0
blue-admin.com/manager/devfiber.go:48.12,49.21 1 0
blue-admin.com/manager/devfiber.go:50.12,51.19 1 0
blue-admin.com/manager/devfiber.go:61.44,66.35 4 0
blue-admin.com/manager/devfiber.go:66.35,68.3 1 0
blue-admin.com/manager/devfiber.go:69.2,71.12 3 0
blue-admin.com/manager/devfiber.go:74.47,76.16 2 0
blue-admin.com/manager/devfiber.go:76.16,82.3 1 0
blue-admin.com/manager/devfiber.go:84.2,85.19 2 0
blue-admin.com/manager/devfiber.go:88.39,90.2 1 1
blue-admin.com/manager/devfiber.go:92.28,95.19 2 0
blue-admin.com/manager/devfiber.go:95.19,97.3 1 0
blue-admin.com/manager/devfiber.go:99.2,103.15 3 0
blue-admin.com/manager/devfiber.go:103.15,104.59 1 0
blue-admin.com/manager/devfiber.go:104.59,106.4 1 0
blue-admin.com/manager/devfiber.go:110.2,116.16 4 0
blue-admin.com/manager/devfiber.go:116.16,118.13 2 0
blue-admin.com/manager/devfiber.go:122.2,134.55 4 0
blue-admin.com/manager/devfiber.go:134.55,139.26 3 0
blue-admin.com/manager/devfiber.go:139.26,141.5 1 0
blue-admin.com/manager/devfiber.go:143.4,144.18 2 0
blue-admin.com/manager/devfiber.go:144.18,147.5 1 0
blue-admin.com/manager/devfiber.go:149.4,149.14 1 0
blue-admin.com/manager/devfiber.go:154.2,196.49 13 0
blue-admin.com/manager/devfiber.go:196.49,198.3 1 0
blue-admin.com/manager/devfiber.go:199.2,199.47 1 0
blue-admin.com/manager/devfiber.go:199.47,201.3 1 0
blue-admin.com/manager/devfiber.go:204.2,219.26 7 0
blue-admin.com/manager/devfiber.go:219.26,221.3 1 0
blue-admin.com/manager/devfiber.go:226.2,226.12 1 0
blue-admin.com/manager/devfiber.go:226.12,229.3 2 0
blue-admin.com/manager/devfiber.go:231.2,240.73 7 0
blue-admin.com/manager/devfiber.go:243.13,247.2 2 1
blue-admin.com/manager/devfiber.go:249.37,338.2 68 1
blue-admin.com/manager/manager.go:22.16,23.42 1 0
blue-admin.com/manager/manager.go:23.42,27.3 2 0
blue-admin.com/manager/migrate.go:15.48,17.4 1 0
blue-admin.com/manager/migrate.go:24.48,26.4 1 0
blue-admin.com/manager/migrate.go:30.21,33.2 2 0
blue-admin.com/manager/migrate.go:35.23,38.2 2 0
blue-admin.com/manager/migrate.go:40.13,43.2 2 1
blue-admin.com/messages/connection.go:13.78,25.16 4 0
blue-admin.com/messages/connection.go:25.16,27.3 1 0
blue-admin.com/messages/connection.go:32.2,33.16 2 0
blue-admin.com/messages/connection.go:33.16,35.3 1 0
blue-admin.com/messages/connection.go:39.2,48.16 2 0
blue-admin.com/messages/connection.go:48.16,52.3 3 0
blue-admin.com/messages/connection.go:53.2,53.33 1 0
blue-admin.com/messages/consumer.go:26.52,29.15 1 0
blue-admin.com/messages/consumer.go:29.15,31.3 1 0
blue-admin.com/messages/consumer.go:42.2,43.16 2 0
blue-admin.com/messages/consumer.go:43.16,46.3 2 0
blue-admin.com/messages/consumer.go:47.2,64.16 4 0
blue-admin.com/messages/consumer.go:64.16,67.3 2 0
blue-admin.com/messages/consumer.go:71.2,71.36 1 0
blue-admin.com/messages/consumer.go:71.36,74.25 2 0
blue-admin.com/messages/consumer.go:74.25,77.20 1 0
blue-admin.com/messages/consumer.go:78.21,81.19 3 0
blue-admin.com/messages/consumer.go:81.19,84.11 3 0
blue-admin.com/messages/consumer.go:86.5,86.18 1 0
blue-admin.com/messages/consumer.go:87.19,91.19 3 0
blue-admin.com/messages/consumer.go:91.19,93.6 1 0
blue-admin.com/messages/consumer.go:96.5,109.81 4 0
blue-admin.com/messages/consumer.go:109.81,111.8 1 0
blue-admin.com/messages/consumer.go:116.5,117.20 2 0
blue-admin.com/messages/consumer.go:117.20,119.6 1 0
blue-admin.com/messages/consumer.go:122.5,128.19 5 0
blue-admin.com/messages/consumer.go:128.19,136.11 7 0
blue-admin.com/messages/consumer.go:139.5,144.15 6 0
blue-admin.com/messages/consumer.go:146.12,147.37 1 0
blue-admin.com/messages/consumer.go:152.2,153.9 2 0
blue-admin.com/messages/publishers.go:12.81,35.16 6 0
blue-admin.com/messages/publishers.go:35.16,38.3 2 0
blue-admin.com/messages/publishers.go:39.2,39.12 1 0
blue-admin.com/messages/publishers.go:42.78,65.16 6 0
blue-admin.com/messages/publishers.go:65.16,68.3 2 0
blue-admin.com/messages/publishers.go:69.2,69.12 1 0
blue-admin.com/models/app.go:19.55,24.2 4 1
blue-admin.com/models/helper.go:18.39,40.2 8 1
blue-admin.com/models/helper.go:42.38,47.176 4 0
blue-admin.com/models/helper.go:47.176,49.3 1 0
blue-admin.com/models/helper.go:51.2,51.34 1 0
blue-admin.com/models/helper.go:51.34,53.40 2 0
blue-admin.com/models/helper.go:53.40,54.42 1 0
blue-admin.com/models/helper.go:54.42,56.5 1 0
blue-admin.com/models/init.go:11.21,15.16 4 1
blue-admin.com/models/init.go:15.16,24.17 1 1
blue-admin.com/models/init.go:24.17,26.4 1 0
blue-admin.com/models/init.go:27.3,27.35 1 1
blue-admin.com/models/init.go:28.8,29.13 1 0
blue-admin.com/models/init.go:33.22,37.16 3 1
blue-admin.com/models/init.go:37.16,52.26 6 1
blue-admin.com/models/init.go:52.26,54.4 1 0
blue-admin.com/models/init.go:55.8,56.13 1 0
blue-admin.com/models/user.go:22.57,28.2 5 1
blue-admin.com/observe/tracer.go:24.44,43.86 8 0
blue-admin.com/observe/tracer.go:43.86,49.41 2 0
blue-admin.com/observe/tracer.go:50.17,57.37 3 0
blue-admin.com/observe/tracer.go:60.2,60.11 1 0
blue-admin.com/observe/tracer.go:63.90,72.2 4 1
blue-admin.com/tests/test_app.go:23.25,31.2 6 1
blue-admin.com/tests/test_app.go:33.39,36.2 2 0
blue-admin.com/tests/test_app.go:38.44,43.35 4 1
blue-admin.com/tests/test_app.go:43.35,45.3 1 1
blue-admin.com/tests/test_app.go:46.2,48.12 3 1
blue-admin.com/tests/test_app.go:51.45,53.16 2 1
blue-admin.com/tests/test_app.go:53.16,59.3 1 0
blue-admin.com/tests/test_app.go:60.2,61.17 2 1
blue-admin.com/tests/test_app.go:65.22,78.2 5 0
